#
# There is insufficient memory for the Java Runtime Environment to continue.
# Native memory allocation (malloc) failed to allocate 364496 bytes for Chunk::new
# Possible reasons:
#   The system is out of physical RAM or swap space
#   In 32 bit mode, the process size limit was hit
# Possible solutions:
#   Reduce memory load on the system
#   Increase physical memory or swap space
#   Check if swap backing store is full
#   Use 64 bit Java on a 64 bit OS
#   Decrease Java heap size (-Xmx/-Xms)
#   Decrease number of Java threads
#   Decrease Java thread stack sizes (-Xss)
#   Set larger code cache with -XX:ReservedCodeCacheSize=
# This output file may be truncated or incomplete.
#
#  Out of Memory Error (allocation.cpp:390), pid=3308, tid=3716
#
# JRE version: Java(TM) SE Runtime Environment (8.0_65-b17) (build 1.8.0_65-b17)
# Java VM: Java HotSpot(TM) 64-Bit Server VM (25.65-b01 mixed mode windows-amd64 compressed oops)
# Failed to write core dump. Minidumps are not enabled by default on client versions of Windows
#

---------------  T H R E A D  ---------------

Current thread (0x0000000014f2c800):  JavaThread "C2 CompilerThread0" daemon [_thread_in_native, id=3716, stack(0x0000000016580000,0x0000000016680000)]

Stack: [0x0000000016580000,0x0000000016680000]
[error occurred during error reporting (printing stack bounds), id 0xc0000005]

Native frames: (J=compiled Java code, j=interpreted, Vv=VM code, C=native code)


Current CompileTask:
C2:   5140 2209 %     4       com.android.dx.dex.code.LocalList::make @ 16 (102 bytes)


---------------  P R O C E S S  ---------------

Java Threads: ( => current thread )
  0x00000000169ba800 JavaThread "pool-1-thread-1" [_thread_in_Java, id=316, stack(0x0000000018b50000,0x0000000018c50000)]
  0x0000000016885000 JavaThread "Service Thread" daemon [_thread_blocked, id=3200, stack(0x0000000016c80000,0x0000000016d80000)]
  0x0000000014f8b800 JavaThread "C1 CompilerThread2" daemon [_thread_blocked, id=8456, stack(0x0000000016780000,0x0000000016880000)]
  0x0000000014f2f800 JavaThread "C2 CompilerThread1" daemon [_thread_in_native, id=8640, stack(0x0000000016680000,0x0000000016780000)]
=>0x0000000014f2c800 JavaThread "C2 CompilerThread0" daemon [_thread_in_native, id=3716, stack(0x0000000016580000,0x0000000016680000)]
  0x0000000014f2a800 JavaThread "Attach Listener" daemon [_thread_blocked, id=3340, stack(0x0000000016480000,0x0000000016580000)]
  0x0000000014f29000 JavaThread "Signal Dispatcher" daemon [_thread_blocked, id=7920, stack(0x0000000016380000,0x0000000016480000)]
  0x0000000002850800 JavaThread "Finalizer" daemon [_thread_blocked, id=1596, stack(0x00000000161a0000,0x00000000162a0000)]
  0x000000000284d000 JavaThread "Reference Handler" daemon [_thread_blocked, id=9228, stack(0x00000000160a0000,0x00000000161a0000)]
  0x0000000002761000 JavaThread "main" [_thread_blocked, id=10280, stack(0x0000000002490000,0x0000000002590000)]

Other Threads:
  0x0000000014ef8000 VMThread [stack: 0x0000000015fa0000,0x00000000160a0000] [id=6600]
  0x0000000016891000 WatcherThread [stack: 0x0000000016d80000,0x0000000016e80000] [id=10528]

VM state:not at safepoint (normal execution)

VM Mutex/Monitor currently owned by a thread: None

Heap:
 PSYoungGen      total 138240K, used 15407K [0x00000000eab00000, 0x00000000fff00000, 0x0000000100000000)
  eden space 133120K, 11% used [0x00000000eab00000,0x00000000eba0bf60,0x00000000f2d00000)
  from space 5120K, 0% used [0x00000000f2d00000,0x00000000f2d00000,0x00000000f3200000)
  to   space 40960K, 0% used [0x00000000fd700000,0x00000000fd700000,0x00000000fff00000)
 ParOldGen       total 132096K, used 51116K [0x00000000c0000000, 0x00000000c8100000, 0x00000000eab00000)
  object space 132096K, 38% used [0x00000000c0000000,0x00000000c31eb320,0x00000000c8100000)
 Metaspace       used 6266K, capacity 7312K, committed 7680K, reserved 1056768K
  class space    used 607K, capacity 648K, committed 768K, reserved 1048576K

Card table byte_map: [0x0000000011c20000,0x0000000011e30000] byte_map_base: 0x0000000011620000

Marking Bits: (ParMarkBitMap*) 0x000000005fd8a5b0
 Begin Bits: [0x0000000012390000, 0x0000000013390000)
 End Bits:   [0x0000000013390000, 0x0000000014390000)

Polling page: 0x00000000023f0000

CodeCache: size=245760Kb used=10042Kb max_used=10054Kb free=235717Kb
 bounds [0x0000000002860000, 0x0000000003240000, 0x0000000011860000]
 total_blobs=2451 nmethods=2189 adapters=175
 compilation: enabled

Compilation events (10 events):
Event: 5.127 Thread 0x0000000014f8b800 2229       1       com.android.dx.dex.code.form.Form31t::branchFits (2 bytes)
Event: 5.127 Thread 0x0000000014f8b800 nmethod 2229 0x000000000322d650 code [0x000000000322d7a0, 0x000000000322d8b0]
Event: 5.128 Thread 0x0000000014f8b800 2230       3       com.android.dx.dex.code.LocalList$MakeState::finish (151 bytes)
Event: 5.129 Thread 0x0000000014f8b800 nmethod 2230 0x00000000032316d0 code [0x00000000032319a0, 0x0000000003232ee8]
Event: 5.129 Thread 0x0000000014f8b800 2231       3       com.android.dx.dex.code.LocalList$MakeState::<init> (37 bytes)
Event: 5.130 Thread 0x0000000014f8b800 nmethod 2231 0x000000000322d150 code [0x000000000322d2c0, 0x000000000322d568]
Event: 5.133 Thread 0x0000000014f2f800 nmethod 2208% 0x0000000003237450 code [0x0000000003237600, 0x0000000003238178]
Event: 5.133 Thread 0x0000000014f2f800 2226       4       com.android.dx.dex.code.OutputFinisher::massageInstructions (89 bytes)
Event: 5.138 Thread 0x0000000014f2f800 nmethod 2226 0x00000000032388d0 code [0x0000000003238a60, 0x00000000032390c8]
Event: 5.138 Thread 0x0000000014f2f800 2233       4       com.android.dx.dex.code.LocalList$MakeState::snapshot (110 bytes)

GC Heap History (10 events):
Event: 2.034 GC heap before
{Heap before GC invocations=2 (full 0):
 PSYoungGen      total 38400K, used 38389K [0x00000000eab00000, 0x00000000ef600000, 0x0000000100000000)
  eden space 33280K, 100% used [0x00000000eab00000,0x00000000ecb80000,0x00000000ecb80000)
  from space 5120K, 99% used [0x00000000ecb80000,0x00000000ed07d5d8,0x00000000ed080000)
  to   space 5120K, 0% used [0x00000000ef100000,0x00000000ef100000,0x00000000ef600000)
 ParOldGen       total 87552K, used 2644K [0x00000000c0000000, 0x00000000c5580000, 0x00000000eab00000)
  object space 87552K, 3% used [0x00000000c0000000,0x00000000c0295148,0x00000000c5580000)
 Metaspace       used 5731K, capacity 6832K, committed 7040K, reserved 1056768K
  class space    used 584K, capacity 616K, committed 640K, reserved 1048576K
Event: 2.217 GC heap after
Heap after GC invocations=2 (full 0):
 PSYoungGen      total 71680K, used 5110K [0x00000000eab00000, 0x00000000ef600000, 0x0000000100000000)
  eden space 66560K, 0% used [0x00000000eab00000,0x00000000eab00000,0x00000000eec00000)
  from space 5120K, 99% used [0x00000000ef100000,0x00000000ef5fdb18,0x00000000ef600000)
  to   space 5120K, 0% used [0x00000000eec00000,0x00000000eec00000,0x00000000ef100000)
 ParOldGen       total 87552K, used 17130K [0x00000000c0000000, 0x00000000c5580000, 0x00000000eab00000)
  object space 87552K, 19% used [0x00000000c0000000,0x00000000c10baa48,0x00000000c5580000)
 Metaspace       used 5731K, capacity 6832K, committed 7040K, reserved 1056768K
  class space    used 584K, capacity 616K, committed 640K, reserved 1048576K
}
Event: 3.067 GC heap before
{Heap before GC invocations=3 (full 0):
 PSYoungGen      total 71680K, used 71670K [0x00000000eab00000, 0x00000000ef600000, 0x0000000100000000)
  eden space 66560K, 100% used [0x00000000eab00000,0x00000000eec00000,0x00000000eec00000)
  from space 5120K, 99% used [0x00000000ef100000,0x00000000ef5fdb18,0x00000000ef600000)
  to   space 5120K, 0% used [0x00000000eec00000,0x00000000eec00000,0x00000000ef100000)
 ParOldGen       total 87552K, used 17130K [0x00000000c0000000, 0x00000000c5580000, 0x00000000eab00000)
  object space 87552K, 19% used [0x00000000c0000000,0x00000000c10baa48,0x00000000c5580000)
 Metaspace       used 5869K, capacity 6960K, committed 7040K, reserved 1056768K
  class space    used 587K, capacity 616K, committed 640K, reserved 1048576K
Event: 3.096 GC heap after
Heap after GC invocations=3 (full 0):
 PSYoungGen      total 71680K, used 5112K [0x00000000eab00000, 0x00000000f3700000, 0x0000000100000000)
  eden space 66560K, 0% used [0x00000000eab00000,0x00000000eab00000,0x00000000eec00000)
  from space 5120K, 99% used [0x00000000eec00000,0x00000000ef0fe210,0x00000000ef100000)
  to   space 5120K, 0% used [0x00000000f3200000,0x00000000f3200000,0x00000000f3700000)
 ParOldGen       total 87552K, used 35934K [0x00000000c0000000, 0x00000000c5580000, 0x00000000eab00000)
  object space 87552K, 41% used [0x00000000c0000000,0x00000000c2317bf0,0x00000000c5580000)
 Metaspace       used 5869K, capacity 6960K, committed 7040K, reserved 1056768K
  class space    used 587K, capacity 616K, committed 640K, reserved 1048576K
}
Event: 3.524 GC heap before
{Heap before GC invocations=4 (full 0):
 PSYoungGen      total 71680K, used 71672K [0x00000000eab00000, 0x00000000f3700000, 0x0000000100000000)
  eden space 66560K, 100% used [0x00000000eab00000,0x00000000eec00000,0x00000000eec00000)
  from space 5120K, 99% used [0x00000000eec00000,0x00000000ef0fe210,0x00000000ef100000)
  to   space 5120K, 0% used [0x00000000f3200000,0x00000000f3200000,0x00000000f3700000)
 ParOldGen       total 87552K, used 35934K [0x00000000c0000000, 0x00000000c5580000, 0x00000000eab00000)
  object space 87552K, 41% used [0x00000000c0000000,0x00000000c2317bf0,0x00000000c5580000)
 Metaspace       used 5941K, capacity 7024K, committed 7296K, reserved 1056768K
  class space    used 590K, capacity 616K, committed 640K, reserved 1048576K
Event: 3.572 GC heap after
Heap after GC invocations=4 (full 0):
 PSYoungGen      total 138240K, used 5089K [0x00000000eab00000, 0x00000000f3700000, 0x0000000100000000)
  eden space 133120K, 0% used [0x00000000eab00000,0x00000000eab00000,0x00000000f2d00000)
  from space 5120K, 99% used [0x00000000f3200000,0x00000000f36f8740,0x00000000f3700000)
  to   space 5120K, 0% used [0x00000000f2d00000,0x00000000f2d00000,0x00000000f3200000)
 ParOldGen       total 87552K, used 55953K [0x00000000c0000000, 0x00000000c5580000, 0x00000000eab00000)
  object space 87552K, 63% used [0x00000000c0000000,0x00000000c36a4650,0x00000000c5580000)
 Metaspace       used 5941K, capacity 7024K, committed 7296K, reserved 1056768K
  class space    used 590K, capacity 616K, committed 640K, reserved 1048576K
}
Event: 4.398 GC heap before
{Heap before GC invocations=5 (full 0):
 PSYoungGen      total 138240K, used 138209K [0x00000000eab00000, 0x00000000f3700000, 0x0000000100000000)
  eden space 133120K, 100% used [0x00000000eab00000,0x00000000f2d00000,0x00000000f2d00000)
  from space 5120K, 99% used [0x00000000f3200000,0x00000000f36f8740,0x00000000f3700000)
  to   space 5120K, 0% used [0x00000000f2d00000,0x00000000f2d00000,0x00000000f3200000)
 ParOldGen       total 87552K, used 55953K [0x00000000c0000000, 0x00000000c5580000, 0x00000000eab00000)
  object space 87552K, 63% used [0x00000000c0000000,0x00000000c36a4650,0x00000000c5580000)
 Metaspace       used 5987K, capacity 7088K, committed 7296K, reserved 1056768K
  class space    used 590K, capacity 616K, committed 640K, reserved 1048576K
Event: 4.438 GC heap after
Heap after GC invocations=5 (full 0):
 PSYoungGen      total 138240K, used 5110K [0x00000000eab00000, 0x00000000fff00000, 0x0000000100000000)
  eden space 133120K, 0% used [0x00000000eab00000,0x00000000eab00000,0x00000000f2d00000)
  from space 5120K, 99% used [0x00000000f2d00000,0x00000000f31fd8c8,0x00000000f3200000)
  to   space 40960K, 0% used [0x00000000fd700000,0x00000000fd700000,0x00000000fff00000)
 ParOldGen       total 87552K, used 84884K [0x00000000c0000000, 0x00000000c5580000, 0x00000000eab00000)
  object space 87552K, 96% used [0x00000000c0000000,0x00000000c52e51f0,0x00000000c5580000)
 Metaspace       used 5987K, capacity 7088K, committed 7296K, reserved 1056768K
  class space    used 590K, capacity 616K, committed 640K, reserved 1048576K
}
Event: 4.438 GC heap before
{Heap before GC invocations=6 (full 1):
 PSYoungGen      total 138240K, used 5110K [0x00000000eab00000, 0x00000000fff00000, 0x0000000100000000)
  eden space 133120K, 0% used [0x00000000eab00000,0x00000000eab00000,0x00000000f2d00000)
  from space 5120K, 99% used [0x00000000f2d00000,0x00000000f31fd8c8,0x00000000f3200000)
  to   space 40960K, 0% used [0x00000000fd700000,0x00000000fd700000,0x00000000fff00000)
 ParOldGen       total 87552K, used 84884K [0x00000000c0000000, 0x00000000c5580000, 0x00000000eab00000)
  object space 87552K, 96% used [0x00000000c0000000,0x00000000c52e51f0,0x00000000c5580000)
 Metaspace       used 5987K, capacity 7088K, committed 7296K, reserved 1056768K
  class space    used 590K, capacity 616K, committed 640K, reserved 1048576K
Event: 4.673 GC heap after
Heap after GC invocations=6 (full 1):
 PSYoungGen      total 138240K, used 0K [0x00000000eab00000, 0x00000000fff00000, 0x0000000100000000)
  eden space 133120K, 0% used [0x00000000eab00000,0x00000000eab00000,0x00000000f2d00000)
  from space 5120K, 0% used [0x00000000f2d00000,0x00000000f2d00000,0x00000000f3200000)
  to   space 40960K, 0% used [0x00000000fd700000,0x00000000fd700000,0x00000000fff00000)
 ParOldGen       total 132096K, used 51116K [0x00000000c0000000, 0x00000000c8100000, 0x00000000eab00000)
  object space 132096K, 38% used [0x00000000c0000000,0x00000000c31eb320,0x00000000c8100000)
 Metaspace       used 5987K, capacity 7088K, committed 7296K, reserved 1056768K
  class space    used 590K, capacity 616K, committed 640K, reserved 1048576K
}

Deoptimization events (10 events):
Event: 5.015 Thread 0x00000000169ba800 Uncommon trap: reason=class_check action=maybe_recompile pc=0x0000000002c4a684 method=java.util.Arrays.equals([Ljava/lang/Object;[Ljava/lang/Object;)Z @ 62
Event: 5.015 Thread 0x00000000169ba800 Uncommon trap: reason=speculate_class_check action=maybe_recompile pc=0x0000000002c4eb78 method=com.android.dx.util.FixedSizeList.equals(Ljava/lang/Object;)Z @ 25
Event: 5.015 Thread 0x00000000169ba800 Uncommon trap: reason=class_check action=maybe_recompile pc=0x0000000002c4a684 method=java.util.Arrays.equals([Ljava/lang/Object;[Ljava/lang/Object;)Z @ 62
Event: 5.016 Thread 0x00000000169ba800 Uncommon trap: reason=speculate_class_check action=maybe_recompile pc=0x0000000002c4eb78 method=com.android.dx.util.FixedSizeList.equals(Ljava/lang/Object;)Z @ 25
Event: 5.016 Thread 0x00000000169ba800 Uncommon trap: reason=class_check action=maybe_recompile pc=0x0000000002c4a684 method=java.util.Arrays.equals([Ljava/lang/Object;[Ljava/lang/Object;)Z @ 62
Event: 5.022 Thread 0x00000000169ba800 Uncommon trap: reason=unstable_if action=reinterpret pc=0x00000000031dc40c method=java.util.Arrays.equals([Ljava/lang/Object;[Ljava/lang/Object;)Z @ 23
Event: 5.036 Thread 0x00000000169ba800 Uncommon trap: reason=unstable_if action=reinterpret pc=0x00000000031db2ec method=java.util.Arrays.equals([Ljava/lang/Object;[Ljava/lang/Object;)Z @ 23
Event: 5.116 Thread 0x00000000169ba800 Uncommon trap: reason=unstable_if action=reinterpret pc=0x000000000322390c method=com.android.dx.dex.code.OutputFinisher.calculateReservedCount([Lcom/android/dx/dex/code/Dop;)I @ 54
Event: 5.117 Thread 0x00000000169ba800 Uncommon trap: reason=unstable_if action=reinterpret pc=0x000000000321dd50 method=com.android.dx.dex.code.OutputFinisher.calculateReservedCount([Lcom/android/dx/dex/code/Dop;)I @ 54
Event: 5.120 Thread 0x00000000169ba800 Uncommon trap: reason=unstable_if action=reinterpret pc=0x00000000031bcb38 method=com.android.dx.dex.code.LocalList$MakeState.snapshot(ILcom/android/dx/rop/code/RegisterSpecSet;)V @ 51

Internal exceptions (3 events):
Event: 0.047 Thread 0x0000000002761000 Exception <a 'java/lang/NoSuchMethodError': Method sun.misc.Unsafe.defineClass(Ljava/lang/String;[BII)Ljava/lang/Class; name or signature does not match> (0x00000000eab0d3c8) thrown at [C:\workspace\8-2-build-windows-amd64-cygwin\jdk8u65\4987\hotspot\src\sьти§?
Event: 0.047 Thread 0x0000000002761000 Exception <a 'java/lang/NoSuchMethodError': Method sun.misc.Unsafe.prefetchRead(Ljava/lang/Object;J)V name or signature does not match> (0x00000000eab0d6b0) thrown at [C:\workspace\8-2-build-windows-amd64-cygwin\jdk8u65\4987\hotspot\src\share\vm\prims\jni.­Dнип?
Event: 0.997 Thread 0x0000000016a1a800 Implicit null exception at 0x0000000002b7346c to 0x0000000002b74fed

Events (10 events):
Event: 5.132 Thread 0x00000000169ba800 DEOPT PACKING pc=0x00000000032021d2 sp=0x0000000018c4e790
Event: 5.132 Thread 0x00000000169ba800 DEOPT UNPACKING pc=0x00000000028a787f sp=0x0000000018c4e558 mode 0
Event: 5.133 Thread 0x00000000169ba800 DEOPT PACKING pc=0x0000000003208186 sp=0x0000000018c4e7b0
Event: 5.133 Thread 0x00000000169ba800 DEOPT UNPACKING pc=0x00000000028a787f sp=0x0000000018c4e588 mode 0
Event: 5.138 Thread 0x00000000169ba800 DEOPT PACKING pc=0x00000000032053db sp=0x0000000018c4e7c0
Event: 5.138 Thread 0x00000000169ba800 DEOPT UNPACKING pc=0x00000000028a787f sp=0x0000000018c4e548 mode 0
Event: 5.139 Thread 0x00000000169ba800 DEOPT PACKING pc=0x00000000032021d2 sp=0x0000000018c4e790
Event: 5.139 Thread 0x00000000169ba800 DEOPT UNPACKING pc=0x00000000028a787f sp=0x0000000018c4e558 mode 0
Event: 5.139 Thread 0x00000000169ba800 DEOPT PACKING pc=0x0000000003208186 sp=0x0000000018c4e7b0
Event: 5.139 Thread 0x00000000169ba800 DEOPT UNPACKING pc=0x00000000028a787f sp=0x0000000018c4e588 mode 0


Dynamic libraries:
0x00007ff67d090000 - 0x00007ff67d0c7000 	C:\Program Files\Java\jdk1.8.0_65\bin\java.exe
0x00007ffecfee0000 - 0x00007ffed00a1000 	C:\WINDOWS\SYSTEM32\ntdll.dll
0x00007ffecf0d0000 - 0x00007ffecf17d000 	C:\WINDOWS\system32\KERNEL32.DLL
0x00007ffecc7d0000 - 0x00007ffecc9b8000 	C:\WINDOWS\system32\KERNELBASE.dll
0x00007ffecef40000 - 0x00007ffecefe7000 	C:\WINDOWS\system32\ADVAPI32.dll
0x00007ffecfa10000 - 0x00007ffecfaad000 	C:\WINDOWS\system32\msvcrt.dll
0x00007ffeceff0000 - 0x00007ffecf04b000 	C:\WINDOWS\system32\sechost.dll
0x00007ffecf1f0000 - 0x00007ffecf30c000 	C:\WINDOWS\system32\RPCRT4.dll
0x00007ffecd2e0000 - 0x00007ffecd436000 	C:\WINDOWS\system32\USER32.dll
0x00007ffecf870000 - 0x00007ffecf9f6000 	C:\WINDOWS\system32\GDI32.dll
0x00007ffec1a50000 - 0x00007ffec1cc4000 	C:\WINDOWS\WinSxS\amd64_microsoft.windows.common-controls_6595b64144ccf1df_6.0.10586.0_none_8c15ae12515e1c22\COMCTL32.dll
0x00007ffecfc60000 - 0x00007ffecfedd000 	C:\WINDOWS\system32\combase.dll
0x00007ffecc590000 - 0x00007ffecc5fa000 	C:\WINDOWS\system32\bcryptPrimitives.dll
0x00007ffecf820000 - 0x00007ffecf85b000 	C:\WINDOWS\system32\IMM32.DLL
0x000000005efc0000 - 0x000000005f092000 	C:\Program Files\Java\jdk1.8.0_65\jre\bin\msvcr100.dll
0x000000005f580000 - 0x000000005fe09000 	C:\Program Files\Java\jdk1.8.0_65\jre\bin\server\jvm.dll
0x00007ffecf740000 - 0x00007ffecf748000 	C:\WINDOWS\system32\PSAPI.DLL
0x00007ffec4bd0000 - 0x00007ffec4bd9000 	C:\WINDOWS\SYSTEM32\WSOCK32.dll
0x00007ffecf180000 - 0x00007ffecf1eb000 	C:\WINDOWS\system32\WS2_32.dll
0x00007ffeca840000 - 0x00007ffeca863000 	C:\WINDOWS\SYSTEM32\WINMM.dll
0x00007ffec9590000 - 0x00007ffec959a000 	C:\WINDOWS\SYSTEM32\VERSION.dll
0x00007ffeca7e0000 - 0x00007ffeca80c000 	C:\WINDOWS\SYSTEM32\WINMMBASE.dll
0x00007ffecc9c0000 - 0x00007ffecca03000 	C:\WINDOWS\system32\cfgmgr32.dll
0x000000005f490000 - 0x000000005f49f000 	C:\Program Files\Java\jdk1.8.0_65\jre\bin\verify.dll
0x000000005f460000 - 0x000000005f489000 	C:\Program Files\Java\jdk1.8.0_65\jre\bin\java.dll
0x000000005f440000 - 0x000000005f456000 	C:\Program Files\Java\jdk1.8.0_65\jre\bin\zip.dll
0x00007ffecd980000 - 0x00007ffeceedc000 	C:\WINDOWS\system32\SHELL32.dll
0x00007ffeccc90000 - 0x00007ffecd2d4000 	C:\WINDOWS\system32\windows.storage.dll
0x00007ffeceee0000 - 0x00007ffecef32000 	C:\WINDOWS\system32\shlwapi.dll
0x00007ffecc570000 - 0x00007ffecc57f000 	C:\WINDOWS\system32\kernel.appcore.dll
0x00007ffeccb70000 - 0x00007ffeccc25000 	C:\WINDOWS\system32\shcore.dll
0x00007ffecc500000 - 0x00007ffecc54b000 	C:\WINDOWS\system32\powrprof.dll
0x00007ffecc550000 - 0x00007ffecc564000 	C:\WINDOWS\system32\profapi.dll

VM Arguments:
jvm_args: -Djava.awt.headless=true -Xmx1024M -Dfile.encoding=windows-1252 -Duser.country=US -Duser.language=en -Duser.variant 
java_command: com.android.dx.command.Main --dex --force-jumbo --num-threads=4 --multi-dex --output C:\Users\Kailas\AndroidStudioProjects\AverageWeather\app\build\intermediates\transforms\dex\debug\folders\1000\5\slice_1 C:\Users\Kailas\AndroidStudioProjects\AverageWeather\app\build\intermediates\transforms\instantRunSlicer\debug\folders\1\5\slice_1
java_class_path (initial): C:\Users\Kailas\AppData\Local\Android\sdk\build-tools\23.0.2\lib\dx.jar
Launcher Type: SUN_STANDARD

Environment Variables:
JAVA_HOME=C:\Program Files\Java\jdk1.8.0_65
PATH=C:\Program Files (x86)\NVIDIA Corporation\PhysX\Common;C:\ProgramData\Oracle\Java\javapath;C:\WINDOWS\system32;C:\WINDOWS;C:\WINDOWS\System32\Wbem;C:\WINDOWS\System32\WindowsPowerShell\v1.0\;C:\Program Files (x86)\ATI Technologies\ATI.ACE\Core-Static;C:\Program Files (x86)\Skype\Phone\;C:\Program Files (x86)\GtkSharp\2.12\bin;C:\Users\Kailas\AppData\Local\atom\bin
USERNAME=Kailas
OS=Windows_NT
PROCESSOR_IDENTIFIER=Intel64 Family 6 Model 94 Stepping 3, GenuineIntel



---------------  S Y S T E M  ---------------

OS: Windows 10.0 , 64 bit Build 10586 (10.0.10586.0)

CPU:total 4 (4 cores per cpu, 1 threads per core) family 6 model 94 stepping 3, cmov, cx8, fxsr, mmx, sse, sse2, sse3, ssse3, sse4.1, sse4.2, popcnt, avx, avx2, aes, clmul, erms, rtm, 3dnowpref, lzcnt, tsc, tscinvbit, bmi1, bmi2, adx

Memory: 4k page, physical 8338436k(500336k free), swap 14837888k(5424k free)

vm_info: Java HotSpot(TM) 64-Bit Server VM (25.65-b01) for windows-amd64 JRE (1.8.0_65-b17), built on Oct  6 2015 16:39:20 by "java_re" with MS VC++ 10.0 (VS2010)

time: Thu Jun 09 22:11:16 2016
elapsed time: 5 seconds (0d 0h 0m 5s)

