#
# There is insufficient memory for the Java Runtime Environment to continue.
# Native memory allocation (malloc) failed to allocate 65552 bytes for Chunk::new
# Possible reasons:
#   The system is out of physical RAM or swap space
#   In 32 bit mode, the process size limit was hit
# Possible solutions:
#   Reduce memory load on the system
#   Increase physical memory or swap space
#   Check if swap backing store is full
#   Use 64 bit Java on a 64 bit OS
#   Decrease Java heap size (-Xmx/-Xms)
#   Decrease number of Java threads
#   Decrease Java thread stack sizes (-Xss)
#   Set larger code cache with -XX:ReservedCodeCacheSize=
# This output file may be truncated or incomplete.
#
#  Out of Memory Error (allocation.cpp:390), pid=8704, tid=8124
#
# JRE version: Java(TM) SE Runtime Environment (8.0_65-b17) (build 1.8.0_65-b17)
# Java VM: Java HotSpot(TM) 64-Bit Server VM (25.65-b01 mixed mode windows-amd64 compressed oops)
# Failed to write core dump. Minidumps are not enabled by default on client versions of Windows
#

---------------  T H R E A D  ---------------

Current thread (0x0000000014c1d800):  JavaThread "C2 CompilerThread0" daemon [_thread_in_native, id=8124, stack(0x0000000016250000,0x0000000016350000)]

Stack: [0x0000000016250000,0x0000000016350000]
[error occurred during error reporting (printing stack bounds), id 0xc0000005]

Native frames: (J=compiled Java code, j=interpreted, Vv=VM code, C=native code)


Current CompileTask:
C2:    736  992       4       com.android.dx.ssa.Dominators::eval (29 bytes)


---------------  P R O C E S S  ---------------

Java Threads: ( => current thread )
  0x0000000016684000 JavaThread "pool-3-thread-1" [_thread_blocked, id=1268, stack(0x0000000016c50000,0x0000000016d50000)]
  0x0000000016556000 JavaThread "Service Thread" daemon [_thread_blocked, id=2696, stack(0x0000000016950000,0x0000000016a50000)]
  0x0000000014c7d000 JavaThread "C1 CompilerThread2" daemon [_thread_blocked, id=7808, stack(0x0000000016450000,0x0000000016550000)]
  0x0000000014c76800 JavaThread "C2 CompilerThread1" daemon [_thread_blocked, id=696, stack(0x0000000016350000,0x0000000016450000)]
=>0x0000000014c1d800 JavaThread "C2 CompilerThread0" daemon [_thread_in_native, id=8124, stack(0x0000000016250000,0x0000000016350000)]
  0x0000000014c1b800 JavaThread "Attach Listener" daemon [_thread_blocked, id=10168, stack(0x0000000016150000,0x0000000016250000)]
  0x0000000014c1a000 JavaThread "Signal Dispatcher" daemon [_thread_blocked, id=11772, stack(0x0000000016050000,0x0000000016150000)]
  0x0000000002547000 JavaThread "Finalizer" daemon [_thread_blocked, id=3712, stack(0x0000000015e70000,0x0000000015f70000)]
  0x000000000253d000 JavaThread "Reference Handler" daemon [_thread_blocked, id=4596, stack(0x0000000015d70000,0x0000000015e70000)]
  0x0000000002451000 JavaThread "main" [_thread_blocked, id=5212, stack(0x0000000002330000,0x0000000002430000)]

Other Threads:
  0x0000000014be8000 VMThread [stack: 0x0000000015c70000,0x0000000015d70000] [id=10292]
  0x000000001655a800 WatcherThread [stack: 0x0000000016a50000,0x0000000016b50000] [id=6948]

VM state:not at safepoint (normal execution)

VM Mutex/Monitor currently owned by a thread: None

Heap:
 PSYoungGen      total 38400K, used 26700K [0x00000000eab00000, 0x00000000ed580000, 0x0000000100000000)
  eden space 33280K, 80% used [0x00000000eab00000,0x00000000ec5132e8,0x00000000ecb80000)
  from space 5120K, 0% used [0x00000000ed080000,0x00000000ed080000,0x00000000ed580000)
  to   space 5120K, 0% used [0x00000000ecb80000,0x00000000ecb80000,0x00000000ed080000)
 ParOldGen       total 87552K, used 0K [0x00000000c0000000, 0x00000000c5580000, 0x00000000eab00000)
  object space 87552K, 0% used [0x00000000c0000000,0x00000000c0000000,0x00000000c5580000)
 Metaspace       used 5678K, capacity 6832K, committed 7040K, reserved 1056768K
  class space    used 576K, capacity 616K, committed 640K, reserved 1048576K

Card table byte_map: [0x0000000011910000,0x0000000011b20000] byte_map_base: 0x0000000011310000

Marking Bits: (ParMarkBitMap*) 0x0000000063f3a5b0
 Begin Bits: [0x0000000012080000, 0x0000000013080000)
 End Bits:   [0x0000000013080000, 0x0000000014080000)

Polling page: 0x0000000000750000

CodeCache: size=245760Kb used=4189Kb max_used=4200Kb free=241570Kb
 bounds [0x0000000002550000, 0x0000000002970000, 0x0000000011550000]
 total_blobs=1293 nmethods=1032 adapters=174
 compilation: enabled

Compilation events (10 events):
Event: 0.724 Thread 0x0000000014c7d000 nmethod 1012 0x00000000029421d0 code [0x00000000029423c0, 0x0000000002942e98]
Event: 0.724 Thread 0x0000000014c7d000 1013       3       com.android.dx.cf.code.RopperMachine::updateReturnOp (115 bytes)
Event: 0.724 Thread 0x0000000014c7d000 nmethod 1013 0x00000000029433d0 code [0x0000000002943660, 0x0000000002944898]
Event: 0.725 Thread 0x0000000014c7d000 1015       3       com.android.dx.cf.code.Simulator$SimVisitor::visitNoArgs (2108 bytes)
Event: 0.725 Thread 0x0000000014c76800 nmethod 1014 0x0000000002937350 code [0x00000000029374a0, 0x0000000002937678]
Event: 0.726 Thread 0x0000000014c76800 1018       4       com.android.dx.ssa.SsaMethod$2::visitNonMoveInsn (6 bytes)
Event: 0.729 Thread 0x0000000014c7d000 nmethod 1015 0x0000000002947ed0 code [0x0000000002948dc0, 0x00000000029549c8]
Event: 0.729 Thread 0x0000000014c7d000 1016       3       java.util.HashMap::resize (359 bytes)
Event: 0.730 Thread 0x0000000014c7d000 nmethod 1016 0x0000000002946310 code [0x0000000002946560, 0x0000000002947788]
Event: 0.730 Thread 0x0000000014c7d000 1024       3       java.util.BitSet::checkRange (104 bytes)

GC Heap History (0 events):
No events

Deoptimization events (10 events):
Event: 0.300 Thread 0x0000000002451000 Uncommon trap: reason=speculate_class_check action=maybe_recompile pc=0x00000000027318b0 method=com.android.dx.rop.cst.Constant.compareTo(Lcom/android/dx/rop/cst/Constant;)I @ 29
Event: 0.300 Thread 0x0000000002451000 Uncommon trap: reason=class_check action=maybe_recompile pc=0x00000000026fde74 method=com.android.dx.rop.cst.CstMemberRef.compareTo0(Lcom/android/dx/rop/cst/Constant;)I @ 1
Event: 0.307 Thread 0x0000000016792800 Uncommon trap: reason=speculate_class_check action=maybe_recompile pc=0x00000000027318b0 method=com.android.dx.rop.cst.Constant.compareTo(Lcom/android/dx/rop/cst/Constant;)I @ 29
Event: 0.307 Thread 0x0000000016792800 Uncommon trap: reason=class_check action=maybe_recompile pc=0x00000000026fde74 method=com.android.dx.rop.cst.CstMemberRef.compareTo0(Lcom/android/dx/rop/cst/Constant;)I @ 1
Event: 0.308 Thread 0x0000000016792800 Uncommon trap: reason=speculate_class_check action=maybe_recompile pc=0x00000000027318b0 method=com.android.dx.rop.cst.Constant.compareTo(Lcom/android/dx/rop/cst/Constant;)I @ 29
Event: 0.308 Thread 0x0000000016792800 Uncommon trap: reason=class_check action=maybe_recompile pc=0x00000000026fde74 method=com.android.dx.rop.cst.CstMemberRef.compareTo0(Lcom/android/dx/rop/cst/Constant;)I @ 1
Event: 0.312 Thread 0x0000000016683800 Uncommon trap: reason=speculate_class_check action=maybe_recompile pc=0x00000000027318b0 method=com.android.dx.rop.cst.Constant.compareTo(Lcom/android/dx/rop/cst/Constant;)I @ 29
Event: 0.312 Thread 0x0000000016683800 Uncommon trap: reason=class_check action=maybe_recompile pc=0x00000000026fde74 method=com.android.dx.rop.cst.CstMemberRef.compareTo0(Lcom/android/dx/rop/cst/Constant;)I @ 1
Event: 0.331 Thread 0x0000000016792800 Uncommon trap: reason=unstable_if action=reinterpret pc=0x00000000026fb778 method=com.android.dx.rop.cst.CstFieldRef.compareTo0(Lcom/android/dx/rop/cst/Constant;)I @ 7
Event: 0.341 Thread 0x0000000002451000 Uncommon trap: reason=unstable_if action=reinterpret pc=0x000000000279bd1c method=java.util.HashMap.getNode(ILjava/lang/Object;)Ljava/util/HashMap$Node; @ 129

Internal exceptions (2 events):
Event: 0.024 Thread 0x0000000002451000 Exception <a 'java/lang/NoSuchMethodError': Method sun.misc.Unsafe.defineClass(Ljava/lang/String;[BII)Ljava/lang/Class; name or signature does not match> (0x00000000eab0d3c8) thrown at [C:\workspace\8-2-build-windows-amd64-cygwin\jdk8u65\4987\hotspot\src\s∆;äb"ô?
Event: 0.025 Thread 0x0000000002451000 Exception <a 'java/lang/NoSuchMethodError': Method sun.misc.Unsafe.prefetchRead(Ljava/lang/Object;J)V name or signature does not match> (0x00000000eab0d6b0) thrown at [C:\workspace\8-2-build-windows-amd64-cygwin\jdk8u65\4987\hotspot\src\share\vm\prims\jni.

Events (10 events):
Event: 0.591 Executing VM operation: ForceSafepoint done
Event: 0.598 loading class java/util/ArrayList$1
Event: 0.598 loading class java/util/ArrayList$1 done
Event: 0.682 loading class java/util/HashMap$KeySet
Event: 0.682 loading class java/util/HashMap$KeySet done
Event: 0.682 loading class java/util/HashMap$KeyIterator
Event: 0.682 loading class java/util/HashMap$KeyIterator done
Event: 0.683 Thread 0x0000000016793800 Thread exited: 0x0000000016793800
Event: 0.683 Thread 0x0000000016792800 Thread exited: 0x0000000016792800
Event: 0.719 Thread 0x0000000016795800 Thread exited: 0x0000000016795800


Dynamic libraries:
0x00007ff7893c0000 - 0x00007ff7893f7000 	C:\Program Files\Java\jdk1.8.0_65\bin\java.exe
0x00007ff8f6500000 - 0x00007ff8f66c1000 	C:\WINDOWS\SYSTEM32\ntdll.dll
0x00007ff8f3900000 - 0x00007ff8f39ad000 	C:\WINDOWS\system32\KERNEL32.DLL
0x00007ff8f34e0000 - 0x00007ff8f36c8000 	C:\WINDOWS\system32\KERNELBASE.dll
0x00007ff8f3cd0000 - 0x00007ff8f3d77000 	C:\WINDOWS\system32\ADVAPI32.dll
0x00007ff8f45d0000 - 0x00007ff8f466d000 	C:\WINDOWS\system32\msvcrt.dll
0x00007ff8f42d0000 - 0x00007ff8f432b000 	C:\WINDOWS\system32\sechost.dll
0x00007ff8f4c30000 - 0x00007ff8f4d4c000 	C:\WINDOWS\system32\RPCRT4.dll
0x00007ff8f4ad0000 - 0x00007ff8f4c26000 	C:\WINDOWS\system32\USER32.dll
0x00007ff8f4440000 - 0x00007ff8f45c6000 	C:\WINDOWS\system32\GDI32.dll
0x00007ff8e4690000 - 0x00007ff8e4904000 	C:\WINDOWS\WinSxS\amd64_microsoft.windows.common-controls_6595b64144ccf1df_6.0.10586.0_none_8c15ae12515e1c22\COMCTL32.dll
0x00007ff8f3a50000 - 0x00007ff8f3ccd000 	C:\WINDOWS\system32\combase.dll
0x00007ff8f36d0000 - 0x00007ff8f373a000 	C:\WINDOWS\system32\bcryptPrimitives.dll
0x00007ff8f39b0000 - 0x00007ff8f39eb000 	C:\WINDOWS\system32\IMM32.DLL
0x0000000062e80000 - 0x0000000062f52000 	C:\Program Files\Java\jdk1.8.0_65\jre\bin\msvcr100.dll
0x0000000063730000 - 0x0000000063fb9000 	C:\Program Files\Java\jdk1.8.0_65\jre\bin\server\jvm.dll
0x00007ff8f64f0000 - 0x00007ff8f64f8000 	C:\WINDOWS\system32\PSAPI.DLL
0x00007ff8e4d30000 - 0x00007ff8e4d39000 	C:\WINDOWS\SYSTEM32\WSOCK32.dll
0x00007ff8f6480000 - 0x00007ff8f64eb000 	C:\WINDOWS\system32\WS2_32.dll
0x00007ff8f0e30000 - 0x00007ff8f0e53000 	C:\WINDOWS\SYSTEM32\WINMM.dll
0x00007ff8ef8b0000 - 0x00007ff8ef8ba000 	C:\WINDOWS\SYSTEM32\VERSION.dll
0x00007ff8f0e00000 - 0x00007ff8f0e2c000 	C:\WINDOWS\SYSTEM32\WINMMBASE.dll
0x00007ff8f3740000 - 0x00007ff8f3783000 	C:\WINDOWS\system32\cfgmgr32.dll
0x0000000063640000 - 0x000000006364f000 	C:\Program Files\Java\jdk1.8.0_65\jre\bin\verify.dll
0x0000000063610000 - 0x0000000063639000 	C:\Program Files\Java\jdk1.8.0_65\jre\bin\java.dll
0x00000000635f0000 - 0x0000000063606000 	C:\Program Files\Java\jdk1.8.0_65\jre\bin\zip.dll
0x00007ff8f4dd0000 - 0x00007ff8f632c000 	C:\WINDOWS\system32\SHELL32.dll
0x00007ff8f2c40000 - 0x00007ff8f3284000 	C:\WINDOWS\system32\windows.storage.dll
0x00007ff8f39f0000 - 0x00007ff8f3a42000 	C:\WINDOWS\system32\shlwapi.dll
0x00007ff8f2b90000 - 0x00007ff8f2b9f000 	C:\WINDOWS\system32\kernel.appcore.dll
0x00007ff8f3840000 - 0x00007ff8f38f5000 	C:\WINDOWS\system32\shcore.dll
0x00007ff8f2b20000 - 0x00007ff8f2b6b000 	C:\WINDOWS\system32\powrprof.dll
0x00007ff8f2b70000 - 0x00007ff8f2b84000 	C:\WINDOWS\system32\profapi.dll

VM Arguments:
jvm_args: -Djava.awt.headless=true -Xmx1024M -Dfile.encoding=windows-1252 -Duser.country=US -Duser.language=en -Duser.variant 
java_command: com.android.dx.command.Main --dex --force-jumbo --num-threads=4 --multi-dex --output C:\Users\Kailas\AndroidStudioProjects\AverageWeather\app\build\intermediates\transforms\dex\debug\folders\1000\5\slice_0 C:\Users\Kailas\AndroidStudioProjects\AverageWeather\app\build\intermediates\transforms\instantRunSlicer\debug\folders\1\5\slice_0
java_class_path (initial): C:\Users\Kailas\AppData\Local\Android\sdk\build-tools\23.0.2\lib\dx.jar
Launcher Type: SUN_STANDARD

Environment Variables:
JAVA_HOME=C:\Program Files\Java\jdk1.8.0_65
PATH=C:\Program Files (x86)\NVIDIA Corporation\PhysX\Common;C:\ProgramData\Oracle\Java\javapath;C:\WINDOWS\system32;C:\WINDOWS;C:\WINDOWS\System32\Wbem;C:\WINDOWS\System32\WindowsPowerShell\v1.0\;C:\Program Files (x86)\ATI Technologies\ATI.ACE\Core-Static;C:\Program Files (x86)\Skype\Phone\;C:\Program Files (x86)\GtkSharp\2.12\bin;C:\Users\Kailas\AppData\Local\atom\bin
USERNAME=Kailas
OS=Windows_NT
PROCESSOR_IDENTIFIER=Intel64 Family 6 Model 94 Stepping 3, GenuineIntel



---------------  S Y S T E M  ---------------

OS: Windows 10.0 , 64 bit Build 10586 (10.0.10586.0)

CPU:total 4 (4 cores per cpu, 1 threads per core) family 6 model 94 stepping 3, cmov, cx8, fxsr, mmx, sse, sse2, sse3, ssse3, sse4.1, sse4.2, popcnt, avx, avx2, aes, clmul, erms, rtm, 3dnowpref, lzcnt, tsc, tscinvbit, bmi1, bmi2, adx

Memory: 4k page, physical 8338436k(811776k free), swap 14837888k(7084k free)

vm_info: Java HotSpot(TM) 64-Bit Server VM (25.65-b01) for windows-amd64 JRE (1.8.0_65-b17), built on Oct  6 2015 16:39:20 by "java_re" with MS VC++ 10.0 (VS2010)

time: Tue Jun 28 11:29:42 2016
elapsed time: 0 seconds (0d 0h 0m 0s)

