#
# There is insufficient memory for the Java Runtime Environment to continue.
# Native memory allocation (malloc) failed to allocate 1720496 bytes for Chunk::new
# Possible reasons:
#   The system is out of physical RAM or swap space
#   In 32 bit mode, the process size limit was hit
# Possible solutions:
#   Reduce memory load on the system
#   Increase physical memory or swap space
#   Check if swap backing store is full
#   Use 64 bit Java on a 64 bit OS
#   Decrease Java heap size (-Xmx/-Xms)
#   Decrease number of Java threads
#   Decrease Java thread stack sizes (-Xss)
#   Set larger code cache with -XX:ReservedCodeCacheSize=
# This output file may be truncated or incomplete.
#
#  Out of Memory Error (allocation.cpp:390), pid=4496, tid=9940
#
# JRE version: Java(TM) SE Runtime Environment (8.0_65-b17) (build 1.8.0_65-b17)
# Java VM: Java HotSpot(TM) 64-Bit Server VM (25.65-b01 mixed mode windows-amd64 compressed oops)
# Failed to write core dump. Minidumps are not enabled by default on client versions of Windows
#

---------------  T H R E A D  ---------------

Current thread (0x000000001531c800):  JavaThread "C2 CompilerThread0" daemon [_thread_in_native, id=9940, stack(0x0000000016970000,0x0000000016a70000)]

Stack: [0x0000000016970000,0x0000000016a70000]
[error occurred during error reporting (printing stack bounds), id 0xc0000005]

Native frames: (J=compiled Java code, j=interpreted, Vv=VM code, C=native code)


Current CompileTask:
C2:   5228 2171   !   4       com.android.dx.cf.code.Ropper::processBlock (1101 bytes)


---------------  P R O C E S S  ---------------

Java Threads: ( => current thread )
  0x0000000016f57000 JavaThread "pool-1-thread-1" [_thread_new, id=5212, stack(0x0000000000000000,0x0000000000000000)]
  0x000000001537d000 JavaThread "Service Thread" daemon [_thread_blocked, id=5636, stack(0x0000000017070000,0x0000000017170000)]
  0x0000000015378800 JavaThread "C1 CompilerThread2" daemon [_thread_blocked, id=5004, stack(0x0000000016b70000,0x0000000016c70000)]
  0x000000001531f800 JavaThread "C2 CompilerThread1" daemon [_thread_in_native, id=3024, stack(0x0000000016a70000,0x0000000016b70000)]
=>0x000000001531c800 JavaThread "C2 CompilerThread0" daemon [_thread_in_native, id=9940, stack(0x0000000016970000,0x0000000016a70000)]
  0x000000001531a800 JavaThread "Attach Listener" daemon [_thread_blocked, id=2916, stack(0x0000000016870000,0x0000000016970000)]
  0x0000000015319000 JavaThread "Signal Dispatcher" daemon [_thread_blocked, id=11944, stack(0x0000000016770000,0x0000000016870000)]
  0x0000000002c20800 JavaThread "Finalizer" daemon [_thread_blocked, id=2360, stack(0x0000000016590000,0x0000000016690000)]
  0x0000000002c1d000 JavaThread "Reference Handler" daemon [_thread_blocked, id=12016, stack(0x0000000016490000,0x0000000016590000)]
  0x0000000002b31000 JavaThread "main" [_thread_blocked, id=5720, stack(0x00000000028e0000,0x00000000029e0000)]

Other Threads:
  0x00000000152e8000 VMThread [stack: 0x0000000016390000,0x0000000016490000] [id=1072]
  0x0000000016c79800 WatcherThread [stack: 0x0000000017170000,0x0000000017270000] [id=1308]

VM state:not at safepoint (normal execution)

VM Mutex/Monitor currently owned by a thread: None

Heap:
 PSYoungGen      total 146944K, used 33545K [0x00000000eab00000, 0x00000000f5200000, 0x0000000100000000)
  eden space 130560K, 13% used [0x00000000eab00000,0x00000000ebc84130,0x00000000f2a80000)
  from space 16384K, 95% used [0x00000000f3d00000,0x00000000f4c3e628,0x00000000f4d00000)
  to   space 18944K, 0% used [0x00000000f2a80000,0x00000000f2a80000,0x00000000f3d00000)
 ParOldGen       total 87552K, used 24737K [0x00000000c0000000, 0x00000000c5580000, 0x00000000eab00000)
  object space 87552K, 28% used [0x00000000c0000000,0x00000000c1828798,0x00000000c5580000)
 Metaspace       used 6422K, capacity 7218K, committed 7296K, reserved 1056768K
  class space    used 604K, capacity 618K, committed 640K, reserved 1048576K

Card table byte_map: [0x0000000011ff0000,0x0000000012200000] byte_map_base: 0x00000000119f0000

Marking Bits: (ParMarkBitMap*) 0x0000000063f3a5b0
 Begin Bits: [0x0000000012760000, 0x0000000013760000)
 End Bits:   [0x0000000013760000, 0x0000000014760000)

Polling page: 0x00000000029e0000

CodeCache: size=245760Kb used=9484Kb max_used=9502Kb free=236275Kb
 bounds [0x0000000002c30000, 0x0000000003590000, 0x0000000011c30000]
 total_blobs=2370 nmethods=2100 adapters=182
 compilation: enabled

Compilation events (10 events):
Event: 5.135 Thread 0x000000001531f800 nmethod 2167 0x000000000356f910 code [0x000000000356fa60, 0x000000000356fca8]
Event: 5.135 Thread 0x000000001531f800 2164       4       com.android.dx.ssa.Dominators::run (506 bytes)
Event: 5.135 Thread 0x000000001531c800 nmethod 2156 0x0000000003575c50 code [0x0000000003575fc0, 0x00000000035786b8]
Event: 5.135 Thread 0x000000001531c800 2168 %     4       com.android.dx.ssa.SCCP::run @ 133 (298 bytes)
Event: 5.136 Thread 0x0000000015378800 2173       3       java.util.concurrent.FutureTask::get (23 bytes)
Event: 5.136 Thread 0x0000000015378800 nmethod 2173 0x00000000035335d0 code [0x0000000003533740, 0x0000000003533958]
Event: 5.160 Thread 0x000000001531c800 nmethod 2168% 0x000000000357bbd0 code [0x000000000357be40, 0x000000000357c990]
Event: 5.160 Thread 0x000000001531c800 2171   !   4       com.android.dx.cf.code.Ropper::processBlock (1101 bytes)
Event: 5.195 Thread 0x000000001531f800 nmethod 2164 0x000000000357dc50 code [0x000000000357dee0, 0x000000000357fb70]
Event: 5.195 Thread 0x000000001531f800 2161 %     4       com.android.dx.ssa.back.IdenticalBlockCombiner::process @ 25 (323 bytes)

GC Heap History (10 events):
Event: 1.209 GC heap before
{Heap before GC invocations=2 (full 0):
 PSYoungGen      total 38400K, used 38387K [0x00000000eab00000, 0x00000000ed580000, 0x0000000100000000)
  eden space 33280K, 100% used [0x00000000eab00000,0x00000000ecb80000,0x00000000ecb80000)
  from space 5120K, 99% used [0x00000000ecb80000,0x00000000ed07cd70,0x00000000ed080000)
  to   space 5120K, 0% used [0x00000000ed080000,0x00000000ed080000,0x00000000ed580000)
 ParOldGen       total 87552K, used 456K [0x00000000c0000000, 0x00000000c5580000, 0x00000000eab00000)
  object space 87552K, 0% used [0x00000000c0000000,0x00000000c0072138,0x00000000c5580000)
 Metaspace       used 6152K, capacity 7024K, committed 7296K, reserved 1056768K
  class space    used 600K, capacity 616K, committed 640K, reserved 1048576K
Event: 1.222 GC heap after
Heap after GC invocations=2 (full 0):
 PSYoungGen      total 38400K, used 5112K [0x00000000eab00000, 0x00000000ef600000, 0x0000000100000000)
  eden space 33280K, 0% used [0x00000000eab00000,0x00000000eab00000,0x00000000ecb80000)
  from space 5120K, 99% used [0x00000000ed080000,0x00000000ed57e1c8,0x00000000ed580000)
  to   space 5120K, 0% used [0x00000000ecb80000,0x00000000ecb80000,0x00000000ed080000)
 ParOldGen       total 87552K, used 4379K [0x00000000c0000000, 0x00000000c5580000, 0x00000000eab00000)
  object space 87552K, 5% used [0x00000000c0000000,0x00000000c0446dd8,0x00000000c5580000)
 Metaspace       used 6152K, capacity 7024K, committed 7296K, reserved 1056768K
  class space    used 600K, capacity 616K, committed 640K, reserved 1048576K
}
Event: 1.562 GC heap before
{Heap before GC invocations=3 (full 0):
 PSYoungGen      total 38400K, used 38392K [0x00000000eab00000, 0x00000000ef600000, 0x0000000100000000)
  eden space 33280K, 100% used [0x00000000eab00000,0x00000000ecb80000,0x00000000ecb80000)
  from space 5120K, 99% used [0x00000000ed080000,0x00000000ed57e1c8,0x00000000ed580000)
  to   space 5120K, 0% used [0x00000000ecb80000,0x00000000ecb80000,0x00000000ed080000)
 ParOldGen       total 87552K, used 4379K [0x00000000c0000000, 0x00000000c5580000, 0x00000000eab00000)
  object space 87552K, 5% used [0x00000000c0000000,0x00000000c0446dd8,0x00000000c5580000)
 Metaspace       used 6261K, capacity 7088K, committed 7296K, reserved 1056768K
  class space    used 600K, capacity 616K, committed 640K, reserved 1048576K
Event: 1.569 GC heap after
Heap after GC invocations=3 (full 0):
 PSYoungGen      total 38400K, used 5093K [0x00000000eab00000, 0x00000000ef600000, 0x0000000100000000)
  eden space 33280K, 0% used [0x00000000eab00000,0x00000000eab00000,0x00000000ecb80000)
  from space 5120K, 99% used [0x00000000ecb80000,0x00000000ed079600,0x00000000ed080000)
  to   space 5120K, 0% used [0x00000000ef100000,0x00000000ef100000,0x00000000ef600000)
 ParOldGen       total 87552K, used 9139K [0x00000000c0000000, 0x00000000c5580000, 0x00000000eab00000)
  object space 87552K, 10% used [0x00000000c0000000,0x00000000c08ecc30,0x00000000c5580000)
 Metaspace       used 6261K, capacity 7088K, committed 7296K, reserved 1056768K
  class space    used 600K, capacity 616K, committed 640K, reserved 1048576K
}
Event: 2.424 GC heap before
{Heap before GC invocations=4 (full 0):
 PSYoungGen      total 38400K, used 38373K [0x00000000eab00000, 0x00000000ef600000, 0x0000000100000000)
  eden space 33280K, 100% used [0x00000000eab00000,0x00000000ecb80000,0x00000000ecb80000)
  from space 5120K, 99% used [0x00000000ecb80000,0x00000000ed079600,0x00000000ed080000)
  to   space 5120K, 0% used [0x00000000ef100000,0x00000000ef100000,0x00000000ef600000)
 ParOldGen       total 87552K, used 9139K [0x00000000c0000000, 0x00000000c5580000, 0x00000000eab00000)
  object space 87552K, 10% used [0x00000000c0000000,0x00000000c08ecc30,0x00000000c5580000)
 Metaspace       used 6290K, capacity 7152K, committed 7296K, reserved 1056768K
  class space    used 601K, capacity 616K, committed 640K, reserved 1048576K
Event: 2.498 GC heap after
Heap after GC invocations=4 (full 0):
 PSYoungGen      total 71680K, used 5098K [0x00000000eab00000, 0x00000000ef600000, 0x0000000100000000)
  eden space 66560K, 0% used [0x00000000eab00000,0x00000000eab00000,0x00000000eec00000)
  from space 5120K, 99% used [0x00000000ef100000,0x00000000ef5fab48,0x00000000ef600000)
  to   space 5120K, 0% used [0x00000000eec00000,0x00000000eec00000,0x00000000ef100000)
 ParOldGen       total 87552K, used 14514K [0x00000000c0000000, 0x00000000c5580000, 0x00000000eab00000)
  object space 87552K, 16% used [0x00000000c0000000,0x00000000c0e2c888,0x00000000c5580000)
 Metaspace       used 6290K, capacity 7152K, committed 7296K, reserved 1056768K
  class space    used 601K, capacity 616K, committed 640K, reserved 1048576K
}
Event: 3.875 GC heap before
{Heap before GC invocations=5 (full 0):
 PSYoungGen      total 71680K, used 71658K [0x00000000eab00000, 0x00000000ef600000, 0x0000000100000000)
  eden space 66560K, 100% used [0x00000000eab00000,0x00000000eec00000,0x00000000eec00000)
  from space 5120K, 99% used [0x00000000ef100000,0x00000000ef5fab48,0x00000000ef600000)
  to   space 5120K, 0% used [0x00000000eec00000,0x00000000eec00000,0x00000000ef100000)
 ParOldGen       total 87552K, used 14514K [0x00000000c0000000, 0x00000000c5580000, 0x00000000eab00000)
  object space 87552K, 16% used [0x00000000c0000000,0x00000000c0e2c888,0x00000000c5580000)
 Metaspace       used 6392K, capacity 7152K, committed 7296K, reserved 1056768K
  class space    used 601K, capacity 616K, committed 640K, reserved 1048576K
Event: 4.087 GC heap after
Heap after GC invocations=5 (full 0):
 PSYoungGen      total 71680K, used 5113K [0x00000000eab00000, 0x00000000f4d00000, 0x0000000100000000)
  eden space 66560K, 0% used [0x00000000eab00000,0x00000000eab00000,0x00000000eec00000)
  from space 5120K, 99% used [0x00000000eec00000,0x00000000ef0fe618,0x00000000ef100000)
  to   space 16384K, 0% used [0x00000000f3d00000,0x00000000f3d00000,0x00000000f4d00000)
 ParOldGen       total 87552K, used 24737K [0x00000000c0000000, 0x00000000c5580000, 0x00000000eab00000)
  object space 87552K, 28% used [0x00000000c0000000,0x00000000c1828798,0x00000000c5580000)
 Metaspace       used 6392K, capacity 7152K, committed 7296K, reserved 1056768K
  class space    used 601K, capacity 616K, committed 640K, reserved 1048576K
}
Event: 4.388 GC heap before
{Heap before GC invocations=6 (full 0):
 PSYoungGen      total 71680K, used 71673K [0x00000000eab00000, 0x00000000f4d00000, 0x0000000100000000)
  eden space 66560K, 100% used [0x00000000eab00000,0x00000000eec00000,0x00000000eec00000)
  from space 5120K, 99% used [0x00000000eec00000,0x00000000ef0fe618,0x00000000ef100000)
  to   space 16384K, 0% used [0x00000000f3d00000,0x00000000f3d00000,0x00000000f4d00000)
 ParOldGen       total 87552K, used 24737K [0x00000000c0000000, 0x00000000c5580000, 0x00000000eab00000)
  object space 87552K, 28% used [0x00000000c0000000,0x00000000c1828798,0x00000000c5580000)
 Metaspace       used 6412K, capacity 7216K, committed 7296K, reserved 1056768K
  class space    used 601K, capacity 616K, committed 640K, reserved 1048576K
Event: 4.670 GC heap after
Heap after GC invocations=6 (full 0):
 PSYoungGen      total 146944K, used 15609K [0x00000000eab00000, 0x00000000f5200000, 0x0000000100000000)
  eden space 130560K, 0% used [0x00000000eab00000,0x00000000eab00000,0x00000000f2a80000)
  from space 16384K, 95% used [0x00000000f3d00000,0x00000000f4c3e628,0x00000000f4d00000)
  to   space 18944K, 0% used [0x00000000f2a80000,0x00000000f2a80000,0x00000000f3d00000)
 ParOldGen       total 87552K, used 24737K [0x00000000c0000000, 0x00000000c5580000, 0x00000000eab00000)
  object space 87552K, 28% used [0x00000000c0000000,0x00000000c1828798,0x00000000c5580000)
 Metaspace       used 6412K, capacity 7216K, committed 7296K, reserved 1056768K
  class space    used 601K, capacity 616K, committed 640K, reserved 1048576K
}

Deoptimization events (10 events):
Event: 4.147 Thread 0x0000000016f2b000 Uncommon trap: reason=class_check action=maybe_recompile pc=0x00000000033db838 method=com.android.dx.cf.code.RopperMachine.run(Lcom/android/dx/cf/code/Frame;II)V @ 1024
Event: 4.148 Thread 0x0000000016f57000 Uncommon trap: reason=unstable_if action=reinterpret pc=0x0000000003393094 method=com.android.dx.ssa.PhiTypeResolver.equalsHandlesNulls(Lcom/android/dx/rop/code/LocalItem;Lcom/android/dx/rop/code/LocalItem;)Z @ 2
Event: 4.149 Thread 0x0000000016f2b000 Uncommon trap: reason=bimorphic action=maybe_recompile pc=0x00000000034b6334 method=com.android.dx.cf.code.BytecodeArray.parseInstruction(ILcom/android/dx/cf/code/BytecodeArray$Visitor;)I @ 1501
Event: 4.149 Thread 0x0000000016f2b000 Uncommon trap: reason=bimorphic action=maybe_recompile pc=0x00000000034b6334 method=com.android.dx.cf.code.BytecodeArray.parseInstruction(ILcom/android/dx/cf/code/BytecodeArray$Visitor;)I @ 1501
Event: 4.165 Thread 0x0000000016f57000 Uncommon trap: reason=bimorphic action=maybe_recompile pc=0x00000000033db878 method=com.android.dx.cf.code.RopperMachine.run(Lcom/android/dx/cf/code/Frame;II)V @ 988
Event: 4.168 Thread 0x0000000016f4e800 Uncommon trap: reason=bimorphic action=maybe_recompile pc=0x00000000034b6334 method=com.android.dx.cf.code.BytecodeArray.parseInstruction(ILcom/android/dx/cf/code/BytecodeArray$Visitor;)I @ 1501
Event: 4.168 Thread 0x0000000016f4e800 Uncommon trap: reason=bimorphic action=maybe_recompile pc=0x00000000034b6334 method=com.android.dx.cf.code.BytecodeArray.parseInstruction(ILcom/android/dx/cf/code/BytecodeArray$Visitor;)I @ 1501
Event: 4.171 Thread 0x0000000016f57000 Uncommon trap: reason=class_check action=maybe_recompile pc=0x00000000033db838 method=com.android.dx.cf.code.RopperMachine.run(Lcom/android/dx/cf/code/Frame;II)V @ 1024
Event: 4.172 Thread 0x0000000016f57000 Uncommon trap: reason=unstable_if action=reinterpret pc=0x00000000033770b4 method=com.android.dx.dex.code.RopTranslator.pickOrder()V @ 130
Event: 4.786 Thread 0x0000000016f2b000 Uncommon trap: reason=unstable_if action=reinterpret pc=0x000000000311e80c method=com.android.dx.ssa.SCCP.simulateStmt(Lcom/android/dx/ssa/SsaInsn;)V @ 59

Internal exceptions (3 events):
Event: 0.130 Thread 0x0000000002b31000 Exception <a 'java/lang/NoSuchMethodError': Method sun.misc.Unsafe.defineClass(Ljava/lang/String;[BII)Ljava/lang/Class; name or signature does not match> (0x00000000eab0d4b0) thrown at [C:\workspace\8-2-build-windows-amd64-cygwin\jdk8u65\4987\hotspot\src\svoõL‡™À?
Event: 0.130 Thread 0x0000000002b31000 Exception <a 'java/lang/NoSuchMethodError': Method sun.misc.Unsafe.prefetchRead(Ljava/lang/Object;J)V name or signature does not match> (0x00000000eab0d798) thrown at [C:\workspace\8-2-build-windows-amd64-cygwin\jdk8u65\4987\hotspot\src\share\vm\prims\jni.=pë#Ç ó?
Event: 1.227 Thread 0x0000000016f4e800 Implicit null exception at 0x0000000002f20e22 to 0x0000000002f20f1a

Events (10 events):
Event: 5.135 loading class java/util/HashMap$KeyIterator
Event: 5.135 loading class java/util/HashMap$KeyIterator done
Event: 5.135 Thread 0x0000000016f2b000 Thread exited: 0x0000000016f2b000
Event: 5.135 Thread 0x0000000016f57000 Thread exited: 0x0000000016f57000
Event: 5.135 Thread 0x0000000016f4e800 Thread exited: 0x0000000016f4e800
Event: 5.136 Thread 0x0000000016f2a800 Thread exited: 0x0000000016f2a800
Event: 5.136 Thread 0x0000000016f4f800 Thread exited: 0x0000000016f4f800
Event: 5.136 loading class com/android/dx/command/dexer/Main$DexWriter
Event: 5.136 loading class com/android/dx/command/dexer/Main$DexWriter done
Event: 5.137 Thread 0x0000000016f57000 Thread added: 0x0000000016f57000


Dynamic libraries:
0x00007ff7893c0000 - 0x00007ff7893f7000 	C:\Program Files\Java\jdk1.8.0_65\bin\java.exe
0x00007ff8f6500000 - 0x00007ff8f66c1000 	C:\WINDOWS\SYSTEM32\ntdll.dll
0x00007ff8f3900000 - 0x00007ff8f39ad000 	C:\WINDOWS\system32\KERNEL32.DLL
0x00007ff8f34e0000 - 0x00007ff8f36c8000 	C:\WINDOWS\system32\KERNELBASE.dll
0x00007ff8f3cd0000 - 0x00007ff8f3d77000 	C:\WINDOWS\system32\ADVAPI32.dll
0x00007ff8f45d0000 - 0x00007ff8f466d000 	C:\WINDOWS\system32\msvcrt.dll
0x00007ff8f42d0000 - 0x00007ff8f432b000 	C:\WINDOWS\system32\sechost.dll
0x00007ff8f4c30000 - 0x00007ff8f4d4c000 	C:\WINDOWS\system32\RPCRT4.dll
0x00007ff8f4ad0000 - 0x00007ff8f4c26000 	C:\WINDOWS\system32\USER32.dll
0x00007ff8f4440000 - 0x00007ff8f45c6000 	C:\WINDOWS\system32\GDI32.dll
0x00007ff8e4690000 - 0x00007ff8e4904000 	C:\WINDOWS\WinSxS\amd64_microsoft.windows.common-controls_6595b64144ccf1df_6.0.10586.0_none_8c15ae12515e1c22\COMCTL32.dll
0x00007ff8f3a50000 - 0x00007ff8f3ccd000 	C:\WINDOWS\system32\combase.dll
0x00007ff8f36d0000 - 0x00007ff8f373a000 	C:\WINDOWS\system32\bcryptPrimitives.dll
0x00007ff8f39b0000 - 0x00007ff8f39eb000 	C:\WINDOWS\system32\IMM32.DLL
0x0000000062e80000 - 0x0000000062f52000 	C:\Program Files\Java\jdk1.8.0_65\jre\bin\msvcr100.dll
0x0000000063730000 - 0x0000000063fb9000 	C:\Program Files\Java\jdk1.8.0_65\jre\bin\server\jvm.dll
0x00007ff8f64f0000 - 0x00007ff8f64f8000 	C:\WINDOWS\system32\PSAPI.DLL
0x00007ff8ea870000 - 0x00007ff8ea879000 	C:\WINDOWS\SYSTEM32\WSOCK32.dll
0x00007ff8f6480000 - 0x00007ff8f64eb000 	C:\WINDOWS\system32\WS2_32.dll
0x00007ff8f0e30000 - 0x00007ff8f0e53000 	C:\WINDOWS\SYSTEM32\WINMM.dll
0x00007ff8ef8b0000 - 0x00007ff8ef8ba000 	C:\WINDOWS\SYSTEM32\VERSION.dll
0x00007ff8f0e00000 - 0x00007ff8f0e2c000 	C:\WINDOWS\SYSTEM32\WINMMBASE.dll
0x00007ff8f3740000 - 0x00007ff8f3783000 	C:\WINDOWS\system32\cfgmgr32.dll
0x0000000063640000 - 0x000000006364f000 	C:\Program Files\Java\jdk1.8.0_65\jre\bin\verify.dll
0x0000000063610000 - 0x0000000063639000 	C:\Program Files\Java\jdk1.8.0_65\jre\bin\java.dll
0x00000000635f0000 - 0x0000000063606000 	C:\Program Files\Java\jdk1.8.0_65\jre\bin\zip.dll
0x00007ff8f4dd0000 - 0x00007ff8f632c000 	C:\WINDOWS\system32\SHELL32.dll
0x00007ff8f2c40000 - 0x00007ff8f3284000 	C:\WINDOWS\system32\windows.storage.dll
0x00007ff8f39f0000 - 0x00007ff8f3a42000 	C:\WINDOWS\system32\shlwapi.dll
0x00007ff8f2b90000 - 0x00007ff8f2b9f000 	C:\WINDOWS\system32\kernel.appcore.dll
0x00007ff8f3840000 - 0x00007ff8f38f5000 	C:\WINDOWS\system32\shcore.dll
0x00007ff8f2b20000 - 0x00007ff8f2b6b000 	C:\WINDOWS\system32\powrprof.dll
0x00007ff8f2b70000 - 0x00007ff8f2b84000 	C:\WINDOWS\system32\profapi.dll

VM Arguments:
jvm_args: -Djava.awt.headless=true -Xmx1024M -Dfile.encoding=windows-1252 -Duser.country=US -Duser.language=en -Duser.variant 
java_command: com.android.dx.command.Main --dex --force-jumbo --num-threads=4 --multi-dex --output C:\Users\Kailas\AndroidStudioProjects\AverageWeather\app\build\intermediates\transforms\dex\debug\folders\1000\10\com.google.android.gms-play-services-basement-8.4.0_54532f7036c4ea5a5bcd5bfb2f559c9d4d0b3f4d C:\Users\Kailas\AndroidStudioProjects\AverageWeather\app\build\intermediates\exploded-aar\com.google.android.gms\play-services-basement\8.4.0\jars\classes.jar
java_class_path (initial): C:\Users\Kailas\AppData\Local\Android\sdk\build-tools\23.0.2\lib\dx.jar
Launcher Type: SUN_STANDARD

Environment Variables:
JAVA_HOME=C:\Program Files\Java\jdk1.8.0_65
PATH=C:\Program Files (x86)\NVIDIA Corporation\PhysX\Common;C:\ProgramData\Oracle\Java\javapath;C:\WINDOWS\system32;C:\WINDOWS;C:\WINDOWS\System32\Wbem;C:\WINDOWS\System32\WindowsPowerShell\v1.0\;C:\Program Files (x86)\ATI Technologies\ATI.ACE\Core-Static;C:\Program Files (x86)\Skype\Phone\;C:\Program Files (x86)\GtkSharp\2.12\bin;C:\Users\Kailas\AppData\Local\atom\bin
USERNAME=Kailas
OS=Windows_NT
PROCESSOR_IDENTIFIER=Intel64 Family 6 Model 94 Stepping 3, GenuineIntel



---------------  S Y S T E M  ---------------

OS: Windows 10.0 , 64 bit Build 10586 (10.0.10586.0)

CPU:total 4 (4 cores per cpu, 1 threads per core) family 6 model 94 stepping 3, cmov, cx8, fxsr, mmx, sse, sse2, sse3, ssse3, sse4.1, sse4.2, popcnt, avx, avx2, aes, clmul, erms, rtm, 3dnowpref, lzcnt, tsc, tscinvbit, bmi1, bmi2, adx

Memory: 4k page, physical 8338436k(476836k free), swap 14837888k(5348k free)

vm_info: Java HotSpot(TM) 64-Bit Server VM (25.65-b01) for windows-amd64 JRE (1.8.0_65-b17), built on Oct  6 2015 16:39:20 by "java_re" with MS VC++ 10.0 (VS2010)

time: Tue Jun 28 14:42:47 2016
elapsed time: 5 seconds (0d 0h 0m 5s)

