#
# There is insufficient memory for the Java Runtime Environment to continue.
# Native memory allocation (malloc) failed to allocate 287456 bytes for Chunk::new
# Possible reasons:
#   The system is out of physical RAM or swap space
#   In 32 bit mode, the process size limit was hit
# Possible solutions:
#   Reduce memory load on the system
#   Increase physical memory or swap space
#   Check if swap backing store is full
#   Use 64 bit Java on a 64 bit OS
#   Decrease Java heap size (-Xmx/-Xms)
#   Decrease number of Java threads
#   Decrease Java thread stack sizes (-Xss)
#   Set larger code cache with -XX:ReservedCodeCacheSize=
# This output file may be truncated or incomplete.
#
#  Out of Memory Error (allocation.cpp:390), pid=4524, tid=0x0000000000000eb0
#
# JRE version: Java(TM) SE Runtime Environment (8.0_101-b13) (build 1.8.0_101-b13)
# Java VM: Java HotSpot(TM) 64-Bit Server VM (25.101-b13 mixed mode windows-amd64 compressed oops)
# Failed to write core dump. Minidumps are not enabled by default on client versions of Windows
#

---------------  T H R E A D  ---------------

Current thread (0x0000000014c47800):  JavaThread "C2 CompilerThread1" daemon [_thread_in_native, id=3760, stack(0x0000000016320000,0x0000000016420000)]

Stack: [0x0000000016320000,0x0000000016420000]
[error occurred during error reporting (printing stack bounds), id 0xc0000005]

Native frames: (J=compiled Java code, j=interpreted, Vv=VM code, C=native code)


Current CompileTask:
C2:    959  876       4       com.android.dx.dex.code.OutputFinisher::addConstants (93 bytes)


---------------  P R O C E S S  ---------------

Java Threads: ( => current thread )
  0x00000000166bb000 JavaThread "pool-1-thread-1" [_thread_in_Java, id=2988, stack(0x0000000017820000,0x0000000017920000)]
  0x0000000014c4e800 JavaThread "Service Thread" daemon [_thread_blocked, id=4360, stack(0x0000000016920000,0x0000000016a20000)]
  0x0000000016428800 JavaThread "C1 CompilerThread2" daemon [_thread_blocked, id=5444, stack(0x0000000016820000,0x0000000016920000)]
=>0x0000000014c47800 JavaThread "C2 CompilerThread1" daemon [_thread_in_native, id=3760, stack(0x0000000016320000,0x0000000016420000)]
  0x0000000014bec800 JavaThread "C2 CompilerThread0" daemon [_thread_blocked, id=10876, stack(0x0000000016220000,0x0000000016320000)]
  0x0000000014bea800 JavaThread "Attach Listener" daemon [_thread_blocked, id=9132, stack(0x0000000016120000,0x0000000016220000)]
  0x0000000014be9000 JavaThread "Signal Dispatcher" daemon [_thread_blocked, id=10912, stack(0x0000000016020000,0x0000000016120000)]
  0x000000000251a000 JavaThread "Finalizer" daemon [_thread_blocked, id=8904, stack(0x0000000015e40000,0x0000000015f40000)]
  0x000000000250f000 JavaThread "Reference Handler" daemon [_thread_blocked, id=2456, stack(0x0000000015d40000,0x0000000015e40000)]
  0x0000000002421000 JavaThread "main" [_thread_blocked, id=2304, stack(0x0000000002270000,0x0000000002370000)]

Other Threads:
  0x0000000014bb8000 VMThread [stack: 0x0000000015c40000,0x0000000015d40000] [id=7956]
  0x0000000016451000 WatcherThread [stack: 0x0000000016a20000,0x0000000016b20000] [id=8876]

VM state:not at safepoint (normal execution)

VM Mutex/Monitor currently owned by a thread: None

Heap:
 PSYoungGen      total 38400K, used 19991K [0x00000000eab00000, 0x00000000ed580000, 0x0000000100000000)
  eden space 33280K, 60% used [0x00000000eab00000,0x00000000ebe85e60,0x00000000ecb80000)
  from space 5120K, 0% used [0x00000000ed080000,0x00000000ed080000,0x00000000ed580000)
  to   space 5120K, 0% used [0x00000000ecb80000,0x00000000ecb80000,0x00000000ed080000)
 ParOldGen       total 87552K, used 0K [0x00000000c0000000, 0x00000000c5580000, 0x00000000eab00000)
  object space 87552K, 0% used [0x00000000c0000000,0x00000000c0000000,0x00000000c5580000)
 Metaspace       used 5669K, capacity 6768K, committed 7040K, reserved 1056768K
  class space    used 584K, capacity 616K, committed 640K, reserved 1048576K

Card table byte_map: [0x00000000118e0000,0x0000000011af0000] byte_map_base: 0x00000000112e0000

Marking Bits: (ParMarkBitMap*) 0x00000000590fa6d0
 Begin Bits: [0x0000000012050000, 0x0000000013050000)
 End Bits:   [0x0000000013050000, 0x0000000014050000)

Polling page: 0x0000000000a20000

CodeCache: size=245760Kb used=3549Kb max_used=3549Kb free=242210Kb
 bounds [0x0000000002520000, 0x00000000028a0000, 0x0000000011520000]
 total_blobs=1142 nmethods=881 adapters=174
 compilation: enabled

Compilation events (10 events):
Event: 0.947 Thread 0x0000000016428800  878       3       java.util.TreeMap$EntryIterator::next (5 bytes)
Event: 0.948 Thread 0x0000000016428800 nmethod 878 0x0000000002897990 code [0x0000000002897b00, 0x0000000002897de8]
Event: 0.952 Thread 0x0000000016428800  879       3       java.util.TreeMap$Entry::hashCode (42 bytes)
Event: 0.953 Thread 0x0000000016428800 nmethod 879 0x0000000002897e90 code [0x0000000002898020, 0x00000000028983b8]
Event: 0.953 Thread 0x0000000016428800  880       3       com.android.dx.dex.file.ValueEncoder::addContents (75 bytes)
Event: 0.954 Thread 0x0000000016428800 nmethod 880 0x00000000028984d0 code [0x00000000028986c0, 0x00000000028992e8]
Event: 0.954 Thread 0x0000000016428800  881       3       com.android.dx.dex.file.Item::<init> (5 bytes)
Event: 0.954 Thread 0x0000000016428800 nmethod 881 0x0000000002899650 code [0x00000000028997a0, 0x0000000002899950]
Event: 0.954 Thread 0x0000000016428800  882       3       com.android.dx.dex.file.IndexedItem::<init> (10 bytes)
Event: 0.954 Thread 0x0000000016428800 nmethod 882 0x0000000002899a10 code [0x0000000002899b80, 0x0000000002899d90]

GC Heap History (0 events):
No events

Deoptimization events (3 events):
Event: 0.566 Thread 0x0000000016562000 Uncommon trap: reason=unstable_if action=reinterpret pc=0x00000000027030c0 method=java.util.HashMap.getNode(ILjava/lang/Object;)Ljava/util/HashMap$Node; @ 62
Event: 0.940 Thread 0x00000000166bb000 Uncommon trap: reason=bimorphic action=maybe_recompile pc=0x000000000275a2f8 method=java.util.HashMap.getNode(ILjava/lang/Object;)Ljava/util/HashMap$Node; @ 126
Event: 0.940 Thread 0x00000000166bb000 Uncommon trap: reason=bimorphic action=maybe_recompile pc=0x000000000275a2f8 method=java.util.HashMap.getNode(ILjava/lang/Object;)Ljava/util/HashMap$Node; @ 126

Internal exceptions (2 events):
Event: 0.039 Thread 0x0000000002421000 Exception <a 'java/lang/NoSuchMethodError': Method sun.misc.Unsafe.defineClass(Ljava/lang/String;[BII)Ljava/lang/Class; name or signature does not match> (0x00000000eab07cc0) thrown at [C:\re\workspace\8-2-build-windows-amd64-cygwin\jdk8u101\7261\hotspot\soRïwV¤?
Event: 0.039 Thread 0x0000000002421000 Exception <a 'java/lang/NoSuchMethodError': Method sun.misc.Unsafe.prefetchRead(Ljava/lang/Object;J)V name or signature does not match> (0x00000000eab07fa8) thrown at [C:\re\workspace\8-2-build-windows-amd64-cygwin\jdk8u101\7261\hotspot\src\share\vm\prims\

Events (10 events):
Event: 0.934 loading class java/util/TreeMap$EntryIterator
Event: 0.934 loading class java/util/TreeMap$EntryIterator done
Event: 0.940 Thread 0x00000000166bb000 Uncommon trap: trap_request=0xffffffc6 fr.pc=0x000000000275a2f8
Event: 0.940 Thread 0x00000000166bb000 DEOPT PACKING pc=0x000000000275a2f8 sp=0x000000001791ecb0
Event: 0.940 Thread 0x00000000166bb000 DEOPT UNPACKING pc=0x000000000256582a sp=0x000000001791ebd8 mode 2
Event: 0.940 Thread 0x00000000166bb000 Uncommon trap: trap_request=0xffffffc6 fr.pc=0x000000000275a2f8
Event: 0.940 Thread 0x00000000166bb000 DEOPT PACKING pc=0x000000000275a2f8 sp=0x000000001791ecb0
Event: 0.940 Thread 0x00000000166bb000 DEOPT UNPACKING pc=0x000000000256582a sp=0x000000001791ebd8 mode 2
Event: 0.954 loading class com/android/dx/dex/file/ProtoIdItem
Event: 0.954 loading class com/android/dx/dex/file/ProtoIdItem done


Dynamic libraries:
0x00007ff6aaad0000 - 0x00007ff6aab07000 	C:\Program Files\Java\jdk1.8.0_101\bin\java.exe
0x00007ffb9c6f0000 - 0x00007ffb9c8b1000 	C:\WINDOWS\SYSTEM32\ntdll.dll
0x00007ffb99bc0000 - 0x00007ffb99c6d000 	C:\WINDOWS\system32\KERNEL32.DLL
0x00007ffb98ec0000 - 0x00007ffb990a8000 	C:\WINDOWS\system32\KERNELBASE.dll
0x00007ffb9a160000 - 0x00007ffb9a207000 	C:\WINDOWS\system32\ADVAPI32.dll
0x00007ffb9be70000 - 0x00007ffb9bf0d000 	C:\WINDOWS\system32\msvcrt.dll
0x00007ffb99c70000 - 0x00007ffb99ccb000 	C:\WINDOWS\system32\sechost.dll
0x00007ffb9c5b0000 - 0x00007ffb9c6cc000 	C:\WINDOWS\system32\RPCRT4.dll
0x00007ffb9c020000 - 0x00007ffb9c176000 	C:\WINDOWS\system32\USER32.dll
0x00007ffb9a370000 - 0x00007ffb9a4f6000 	C:\WINDOWS\system32\GDI32.dll
0x00007ffb8ace0000 - 0x00007ffb8af54000 	C:\WINDOWS\WinSxS\amd64_microsoft.windows.common-controls_6595b64144ccf1df_6.0.10586.494_none_a2d8b04ea53e3145\COMCTL32.dll
0x00007ffb9a640000 - 0x00007ffb9a8bd000 	C:\WINDOWS\system32\combase.dll
0x00007ffb98e30000 - 0x00007ffb98e9a000 	C:\WINDOWS\system32\bcryptPrimitives.dll
0x00007ffb9a8c0000 - 0x00007ffb9a8fb000 	C:\WINDOWS\system32\IMM32.DLL
0x0000000057130000 - 0x0000000057202000 	C:\Program Files\Java\jdk1.8.0_101\jre\bin\msvcr100.dll
0x00000000588e0000 - 0x000000005917a000 	C:\Program Files\Java\jdk1.8.0_101\jre\bin\server\jvm.dll
0x00007ffb9be60000 - 0x00007ffb9be68000 	C:\WINDOWS\system32\PSAPI.DLL
0x00007ffb90120000 - 0x00007ffb90129000 	C:\WINDOWS\SYSTEM32\WSOCK32.dll
0x00007ffb99b50000 - 0x00007ffb99bbb000 	C:\WINDOWS\system32\WS2_32.dll
0x00007ffb97410000 - 0x00007ffb97433000 	C:\WINDOWS\SYSTEM32\WINMM.dll
0x00007ffb95fb0000 - 0x00007ffb95fba000 	C:\WINDOWS\SYSTEM32\VERSION.dll
0x00007ffb973e0000 - 0x00007ffb9740c000 	C:\WINDOWS\SYSTEM32\WINMMBASE.dll
0x00007ffb99aa0000 - 0x00007ffb99ae3000 	C:\WINDOWS\system32\cfgmgr32.dll
0x00000000587f0000 - 0x00000000587ff000 	C:\Program Files\Java\jdk1.8.0_101\jre\bin\verify.dll
0x00000000587c0000 - 0x00000000587e9000 	C:\Program Files\Java\jdk1.8.0_101\jre\bin\java.dll
0x00000000587a0000 - 0x00000000587b6000 	C:\Program Files\Java\jdk1.8.0_101\jre\bin\zip.dll
0x00007ffb9a900000 - 0x00007ffb9be5c000 	C:\WINDOWS\system32\SHELL32.dll
0x00007ffb991d0000 - 0x00007ffb99815000 	C:\WINDOWS\system32\windows.storage.dll
0x00007ffb99af0000 - 0x00007ffb99b42000 	C:\WINDOWS\system32\shlwapi.dll
0x00007ffb98d30000 - 0x00007ffb98d3f000 	C:\WINDOWS\system32\kernel.appcore.dll
0x00007ffb99110000 - 0x00007ffb991c5000 	C:\WINDOWS\system32\shcore.dll
0x00007ffb98d40000 - 0x00007ffb98d8b000 	C:\WINDOWS\system32\powrprof.dll
0x00007ffb98d10000 - 0x00007ffb98d24000 	C:\WINDOWS\system32\profapi.dll

VM Arguments:
jvm_args: -Djava.awt.headless=true -Xmx1024M -Dfile.encoding=windows-1252 -Duser.country=US -Duser.language=en -Duser.variant 
java_command: com.android.dx.command.Main --dex --force-jumbo --num-threads=4 --multi-dex --output C:\Users\Kailas\AndroidStudioProjects\AverageWeather\app\build\intermediates\transforms\dex\debug\folders\1000\5\slice_5 C:\Users\Kailas\AndroidStudioProjects\AverageWeather\app\build\intermediates\transforms\instantRunSlicer\debug\folders\1\5\slice_5
java_class_path (initial): C:\Users\Kailas\AppData\Local\Android\sdk\build-tools\23.0.3\lib\dx.jar
Launcher Type: SUN_STANDARD

Environment Variables:
JAVA_HOME=C:\Program Files\Java\jdk1.8.0_101
PATH=C:\ProgramData\Oracle\Java\javapath;C:\Program Files (x86)\NVIDIA Corporation\PhysX\Common;C:\WINDOWS\system32;C:\WINDOWS;C:\WINDOWS\System32\Wbem;C:\WINDOWS\System32\WindowsPowerShell\v1.0\;C:\Program Files (x86)\ATI Technologies\ATI.ACE\Core-Static;C:\Program Files (x86)\Skype\Phone\;C:\Program Files (x86)\GtkSharp\2.12\bin;C:\Program Files\WorldPainter;C:\Users\Kailas\AppData\Local\atom\bin
USERNAME=Kailas
OS=Windows_NT
PROCESSOR_IDENTIFIER=Intel64 Family 6 Model 94 Stepping 3, GenuineIntel



---------------  S Y S T E M  ---------------

OS: Windows 10.0 , 64 bit Build 10586 (10.0.10586.0)

CPU:total 4 (4 cores per cpu, 1 threads per core) family 6 model 94 stepping 3, cmov, cx8, fxsr, mmx, sse, sse2, sse3, ssse3, sse4.1, sse4.2, popcnt, avx, avx2, aes, clmul, erms, rtm, 3dnowpref, lzcnt, tsc, tscinvbit, bmi1, bmi2, adx

Memory: 4k page, physical 8338436k(1362324k free), swap 14290192k(5380k free)

vm_info: Java HotSpot(TM) 64-Bit Server VM (25.101-b13) for windows-amd64 JRE (1.8.0_101-b13), built on Jun 22 2016 01:21:29 by "java_re" with MS VC++ 10.0 (VS2010)

time: Mon Aug 08 12:02:34 2016
elapsed time: 0 seconds (0d 0h 0m 0s)

