#
# There is insufficient memory for the Java Runtime Environment to continue.
# Native memory allocation (malloc) failed to allocate 746576 bytes for Chunk::new
# Possible reasons:
#   The system is out of physical RAM or swap space
#   In 32 bit mode, the process size limit was hit
# Possible solutions:
#   Reduce memory load on the system
#   Increase physical memory or swap space
#   Check if swap backing store is full
#   Use 64 bit Java on a 64 bit OS
#   Decrease Java heap size (-Xmx/-Xms)
#   Decrease number of Java threads
#   Decrease Java thread stack sizes (-Xss)
#   Set larger code cache with -XX:ReservedCodeCacheSize=
# This output file may be truncated or incomplete.
#
#  Out of Memory Error (allocation.cpp:390), pid=2528, tid=10304
#
# JRE version: Java(TM) SE Runtime Environment (8.0_65-b17) (build 1.8.0_65-b17)
# Java VM: Java HotSpot(TM) 64-Bit Server VM (25.65-b01 mixed mode windows-amd64 compressed oops)
# Failed to write core dump. Minidumps are not enabled by default on client versions of Windows
#

---------------  T H R E A D  ---------------

Current thread (0x0000000015720800):  JavaThread "C2 CompilerThread1" daemon [_thread_in_native, id=10304, stack(0x0000000016e50000,0x0000000016f50000)]

Stack: [0x0000000016e50000,0x0000000016f50000]
[error occurred during error reporting (printing stack bounds), id 0xc0000005]

Native frames: (J=compiled Java code, j=interpreted, Vv=VM code, C=native code)


Current CompileTask:
C2:    590 1102   !   4       com.android.dx.cf.code.BytecodeArray::parseInstruction (2764 bytes)


---------------  P R O C E S S  ---------------

Java Threads: ( => current thread )
  0x00000000171e5800 JavaThread "pool-2-thread-4" [_thread_blocked, id=11744, stack(0x0000000017a50000,0x0000000017b50000)]
  0x00000000171e4000 JavaThread "pool-2-thread-3" [_thread_in_Java, id=4120, stack(0x0000000017950000,0x0000000017a50000)]
  0x00000000171e3800 JavaThread "pool-2-thread-2" [_thread_in_Java, id=11096, stack(0x0000000017850000,0x0000000017950000)]
  0x0000000017261000 JavaThread "pool-3-thread-1" [_thread_blocked, id=11848, stack(0x0000000017750000,0x0000000017850000)]
  0x0000000017260800 JavaThread "pool-2-thread-1" [_thread_in_vm, id=11592, stack(0x0000000017650000,0x0000000017750000)]
  0x0000000016f59800 JavaThread "Service Thread" daemon [_thread_blocked, id=5604, stack(0x0000000017450000,0x0000000017550000)]
  0x0000000016f58800 JavaThread "C1 CompilerThread2" daemon [_thread_in_vm, id=7656, stack(0x0000000017350000,0x0000000017450000)]
=>0x0000000015720800 JavaThread "C2 CompilerThread1" daemon [_thread_in_native, id=10304, stack(0x0000000016e50000,0x0000000016f50000)]
  0x000000001571d800 JavaThread "C2 CompilerThread0" daemon [_thread_in_vm, id=356, stack(0x0000000016d50000,0x0000000016e50000)]
  0x000000001571b800 JavaThread "Attach Listener" daemon [_thread_blocked, id=8960, stack(0x0000000016c50000,0x0000000016d50000)]
  0x000000001571a000 JavaThread "Signal Dispatcher" daemon [_thread_blocked, id=7660, stack(0x0000000016b50000,0x0000000016c50000)]
  0x0000000003040800 JavaThread "Finalizer" daemon [_thread_blocked, id=7788, stack(0x0000000016970000,0x0000000016a70000)]
  0x000000000303d000 JavaThread "Reference Handler" daemon [_thread_blocked, id=7908, stack(0x0000000016870000,0x0000000016970000)]
  0x0000000002f51000 JavaThread "main" [_thread_blocked, id=6652, stack(0x0000000002d50000,0x0000000002e50000)]

Other Threads:
  0x00000000156e8000 VMThread [stack: 0x0000000016770000,0x0000000016870000] [id=7824]
  0x0000000016f5e800 WatcherThread [stack: 0x0000000017550000,0x0000000017650000] [id=11352]

VM state:not at safepoint (normal execution)

VM Mutex/Monitor currently owned by a thread: None

Heap:
 PSYoungGen      total 38400K, used 18356K [0x00000000eab00000, 0x00000000ed580000, 0x0000000100000000)
  eden space 33280K, 39% used [0x00000000eab00000,0x00000000eb7ef190,0x00000000ecb80000)
  from space 5120K, 99% used [0x00000000ecb80000,0x00000000ed07dfd8,0x00000000ed080000)
  to   space 5120K, 0% used [0x00000000ed080000,0x00000000ed080000,0x00000000ed580000)
 ParOldGen       total 87552K, used 462K [0x00000000c0000000, 0x00000000c5580000, 0x00000000eab00000)
  object space 87552K, 0% used [0x00000000c0000000,0x00000000c0073920,0x00000000c5580000)
 Metaspace       used 6013K, capacity 6960K, committed 7040K, reserved 1056768K
  class space    used 600K, capacity 616K, committed 640K, reserved 1048576K

Card table byte_map: [0x0000000012410000,0x0000000012620000] byte_map_base: 0x0000000011e10000

Marking Bits: (ParMarkBitMap*) 0x000000005fdaa5b0
 Begin Bits: [0x0000000012b80000, 0x0000000013b80000)
 End Bits:   [0x0000000013b80000, 0x0000000014b80000)

Polling page: 0x0000000002c50000

CodeCache: size=245760Kb used=4633Kb max_used=4647Kb free=241126Kb
 bounds [0x0000000003050000, 0x00000000034e0000, 0x0000000012050000]
 total_blobs=1458 nmethods=1189 adapters=182
 compilation: enabled

Compilation events (10 events):
Event: 0.589 Thread 0x0000000016f58800 nmethod 1176 0x00000000034d4b90 code [0x00000000034d4da0, 0x00000000034d5808]
Event: 0.589 Thread 0x0000000016f58800 1198       3       com.android.dx.rop.cst.TypedConstant::getBasicType (8 bytes)
Event: 0.589 Thread 0x0000000016f58800 nmethod 1198 0x00000000034d5d50 code [0x00000000034d5ec0, 0x00000000034d6168]
Event: 0.589 Thread 0x0000000016f58800 1200       3       com.android.dx.ssa.NormalSsaInsn::canThrow (8 bytes)
Event: 0.589 Thread 0x0000000016f58800 nmethod 1200 0x00000000034d6210 code [0x00000000034d63a0, 0x00000000034d67e8]
Event: 0.590 Thread 0x0000000016f58800 1199       3       com.android.dx.rop.code.Insn::canThrow (8 bytes)
Event: 0.590 Thread 0x0000000016f58800 nmethod 1199 0x00000000034d6990 code [0x00000000034d6b00, 0x00000000034d6e68]
Event: 0.590 Thread 0x0000000016f58800 1179       3       com.android.dx.cf.direct.DirectClassFile::parseToEndIfNecessary (12 bytes)
Event: 0.590 Thread 0x0000000016f58800 nmethod 1179 0x00000000034d6f90 code [0x00000000034d7100, 0x00000000034d72c8]
Event: 0.590 Thread 0x0000000016f58800 1177       3       com.android.dx.dex.cf.AttributeTranslator::getAnnotations0 (62 bytes)

GC Heap History (2 events):
Event: 0.506 GC heap before
{Heap before GC invocations=1 (full 0):
 PSYoungGen      total 38400K, used 33280K [0x00000000eab00000, 0x00000000ed580000, 0x0000000100000000)
  eden space 33280K, 100% used [0x00000000eab00000,0x00000000ecb80000,0x00000000ecb80000)
  from space 5120K, 0% used [0x00000000ed080000,0x00000000ed080000,0x00000000ed580000)
  to   space 5120K, 0% used [0x00000000ecb80000,0x00000000ecb80000,0x00000000ed080000)
 ParOldGen       total 87552K, used 0K [0x00000000c0000000, 0x00000000c5580000, 0x00000000eab00000)
  object space 87552K, 0% used [0x00000000c0000000,0x00000000c0000000,0x00000000c5580000)
 Metaspace       used 5877K, capacity 6832K, committed 7040K, reserved 1056768K
  class space    used 600K, capacity 616K, committed 640K, reserved 1048576K
Event: 0.512 GC heap after
Heap after GC invocations=1 (full 0):
 PSYoungGen      total 38400K, used 5111K [0x00000000eab00000, 0x00000000ed580000, 0x0000000100000000)
  eden space 33280K, 0% used [0x00000000eab00000,0x00000000eab00000,0x00000000ecb80000)
  from space 5120K, 99% used [0x00000000ecb80000,0x00000000ed07dfd8,0x00000000ed080000)
  to   space 5120K, 0% used [0x00000000ed080000,0x00000000ed080000,0x00000000ed580000)
 ParOldGen       total 87552K, used 462K [0x00000000c0000000, 0x00000000c5580000, 0x00000000eab00000)
  object space 87552K, 0% used [0x00000000c0000000,0x00000000c0073920,0x00000000c5580000)
 Metaspace       used 5877K, capacity 6832K, committed 7040K, reserved 1056768K
  class space    used 600K, capacity 616K, committed 640K, reserved 1048576K
}

Deoptimization events (7 events):
Event: 0.448 Thread 0x00000000171e3800 Uncommon trap: reason=class_check action=maybe_recompile pc=0x0000000003333ec4 method=com.android.dx.ssa.NormalSsaInsn.accept(Lcom/android/dx/ssa/SsaInsn$Visitor;)V @ 9
Event: 0.448 Thread 0x00000000171e3800 Uncommon trap: reason=class_check action=maybe_recompile pc=0x00000000032b1b30 method=com.android.dx.ssa.NormalSsaInsn.accept(Lcom/android/dx/ssa/SsaInsn$Visitor;)V @ 9
Event: 0.448 Thread 0x00000000171e3800 Uncommon trap: reason=class_check action=maybe_recompile pc=0x00000000032b1b30 method=com.android.dx.ssa.NormalSsaInsn.accept(Lcom/android/dx/ssa/SsaInsn$Visitor;)V @ 9
Event: 0.448 Thread 0x00000000171e3800 Uncommon trap: reason=class_check action=maybe_recompile pc=0x00000000032b1b30 method=com.android.dx.ssa.NormalSsaInsn.accept(Lcom/android/dx/ssa/SsaInsn$Visitor;)V @ 9
Event: 0.449 Thread 0x00000000171e3800 Uncommon trap: reason=class_check action=maybe_recompile pc=0x0000000003333ec4 method=com.android.dx.ssa.NormalSsaInsn.accept(Lcom/android/dx/ssa/SsaInsn$Visitor;)V @ 9
Event: 0.514 Thread 0x0000000002f51000 Uncommon trap: reason=unstable_if action=reinterpret pc=0x0000000003382440 method=java.lang.String.<init>([CII)V @ 18
Event: 0.540 Thread 0x0000000017260800 Uncommon trap: reason=unstable_if action=reinterpret pc=0x000000000337dd9c method=com.android.dx.rop.cst.Constant.compareTo(Lcom/android/dx/rop/cst/Constant;)I @ 12

Internal exceptions (2 events):
Event: 0.088 Thread 0x0000000002f51000 Exception <a 'java/lang/NoSuchMethodError': Method sun.misc.Unsafe.defineClass(Ljava/lang/String;[BII)Ljava/lang/Class; name or signature does not match> (0x00000000eab0d5c0) thrown at [C:\workspace\8-2-build-windows-amd64-cygwin\jdk8u65\4987\hotspot\src\s%Œ¿¢—¶?
Event: 0.088 Thread 0x0000000002f51000 Exception <a 'java/lang/NoSuchMethodError': Method sun.misc.Unsafe.prefetchRead(Ljava/lang/Object;J)V name or signature does not match> (0x00000000eab0d8a8) thrown at [C:\workspace\8-2-build-windows-amd64-cygwin\jdk8u65\4987\hotspot\src\share\vm\prims\jni.

Events (10 events):
Event: 0.505 Executing VM operation: ParallelGCFailedAllocation
Event: 0.512 Executing VM operation: ParallelGCFailedAllocation done
Event: 0.514 Thread 0x0000000002f51000 Uncommon trap: trap_request=0xffffff65 fr.pc=0x0000000003382440
Event: 0.514 Thread 0x0000000002f51000 DEOPT PACKING pc=0x0000000003382440 sp=0x0000000002e4e670
Event: 0.514 Thread 0x0000000002f51000 DEOPT UNPACKING pc=0x000000000309582a sp=0x0000000002e4e5a0 mode 2
Event: 0.540 Thread 0x0000000017260800 Uncommon trap: trap_request=0xffffff65 fr.pc=0x000000000337dd9c
Event: 0.540 Thread 0x0000000017260800 DEOPT PACKING pc=0x000000000337dd9c sp=0x000000001774e1c0
Event: 0.540 Thread 0x0000000017260800 DEOPT UNPACKING pc=0x000000000309582a sp=0x000000001774e160 mode 2
Event: 0.589 Thread 0x00000000171e4000 DEOPT PACKING pc=0x000000000331cc25 sp=0x0000000017a4edf0
Event: 0.589 Thread 0x00000000171e4000 DEOPT UNPACKING pc=0x000000000309787f sp=0x0000000017a4ebd0 mode 0


Dynamic libraries:
0x00007ff7167e0000 - 0x00007ff716817000 	C:\Program Files\Java\jdk1.8.0_65\bin\java.exe
0x00007ffecfee0000 - 0x00007ffed00a1000 	C:\WINDOWS\SYSTEM32\ntdll.dll
0x00007ffecf0d0000 - 0x00007ffecf17d000 	C:\WINDOWS\system32\KERNEL32.DLL
0x00007ffecc7d0000 - 0x00007ffecc9b8000 	C:\WINDOWS\system32\KERNELBASE.dll
0x00007ffecef40000 - 0x00007ffecefe7000 	C:\WINDOWS\system32\ADVAPI32.dll
0x00007ffecfa10000 - 0x00007ffecfaad000 	C:\WINDOWS\system32\msvcrt.dll
0x00007ffeceff0000 - 0x00007ffecf04b000 	C:\WINDOWS\system32\sechost.dll
0x00007ffecf1f0000 - 0x00007ffecf30c000 	C:\WINDOWS\system32\RPCRT4.dll
0x00007ffecd2e0000 - 0x00007ffecd436000 	C:\WINDOWS\system32\USER32.dll
0x00007ffecf870000 - 0x00007ffecf9f6000 	C:\WINDOWS\system32\GDI32.dll
0x00007ffebe5a0000 - 0x00007ffebe814000 	C:\WINDOWS\WinSxS\amd64_microsoft.windows.common-controls_6595b64144ccf1df_6.0.10586.0_none_8c15ae12515e1c22\COMCTL32.dll
0x00007ffecfc60000 - 0x00007ffecfedd000 	C:\WINDOWS\system32\combase.dll
0x00007ffecc590000 - 0x00007ffecc5fa000 	C:\WINDOWS\system32\bcryptPrimitives.dll
0x00007ffecf820000 - 0x00007ffecf85b000 	C:\WINDOWS\system32\IMM32.DLL
0x000000005f040000 - 0x000000005f112000 	C:\Program Files\Java\jdk1.8.0_65\jre\bin\msvcr100.dll
0x000000005f5a0000 - 0x000000005fe29000 	C:\Program Files\Java\jdk1.8.0_65\jre\bin\server\jvm.dll
0x00007ffecf740000 - 0x00007ffecf748000 	C:\WINDOWS\system32\PSAPI.DLL
0x00007ffeca4e0000 - 0x00007ffeca4e9000 	C:\WINDOWS\SYSTEM32\WSOCK32.dll
0x00007ffecf180000 - 0x00007ffecf1eb000 	C:\WINDOWS\system32\WS2_32.dll
0x00007ffeca840000 - 0x00007ffeca863000 	C:\WINDOWS\SYSTEM32\WINMM.dll
0x00007ffec9590000 - 0x00007ffec959a000 	C:\WINDOWS\SYSTEM32\VERSION.dll
0x00007ffeca7e0000 - 0x00007ffeca80c000 	C:\WINDOWS\SYSTEM32\WINMMBASE.dll
0x00007ffecc9c0000 - 0x00007ffecca03000 	C:\WINDOWS\system32\cfgmgr32.dll
0x000000005f4b0000 - 0x000000005f4bf000 	C:\Program Files\Java\jdk1.8.0_65\jre\bin\verify.dll
0x000000005f480000 - 0x000000005f4a9000 	C:\Program Files\Java\jdk1.8.0_65\jre\bin\java.dll
0x000000005f460000 - 0x000000005f476000 	C:\Program Files\Java\jdk1.8.0_65\jre\bin\zip.dll
0x00007ffecd980000 - 0x00007ffeceedc000 	C:\WINDOWS\system32\SHELL32.dll
0x00007ffeccc90000 - 0x00007ffecd2d4000 	C:\WINDOWS\system32\windows.storage.dll
0x00007ffeceee0000 - 0x00007ffecef32000 	C:\WINDOWS\system32\shlwapi.dll
0x00007ffecc570000 - 0x00007ffecc57f000 	C:\WINDOWS\system32\kernel.appcore.dll
0x00007ffeccb70000 - 0x00007ffeccc25000 	C:\WINDOWS\system32\shcore.dll
0x00007ffecc500000 - 0x00007ffecc54b000 	C:\WINDOWS\system32\powrprof.dll
0x00007ffecc550000 - 0x00007ffecc564000 	C:\WINDOWS\system32\profapi.dll

VM Arguments:
jvm_args: -Djava.awt.headless=true -Xmx1024M -Dfile.encoding=windows-1252 -Duser.country=US -Duser.language=en -Duser.variant 
java_command: com.android.dx.command.Main --dex --force-jumbo --num-threads=4 --multi-dex --output C:\Users\Kailas\AndroidStudioProjects\AverageWeather\app\build\intermediates\transforms\dex\debug\folders\1000\10\com.google.android.gms-play-services-basement-8.4.0_54532f7036c4ea5a5bcd5bfb2f559c9d4d0b3f4d C:\Users\Kailas\AndroidStudioProjects\AverageWeather\app\build\intermediates\exploded-aar\com.google.android.gms\play-services-basement\8.4.0\jars\classes.jar
java_class_path (initial): C:\Users\Kailas\AppData\Local\Android\sdk\build-tools\23.0.2\lib\dx.jar
Launcher Type: SUN_STANDARD

Environment Variables:
JAVA_HOME=C:\Program Files\Java\jdk1.8.0_65
PATH=C:\ProgramData\Oracle\Java\javapath;C:\WINDOWS\system32;C:\WINDOWS;C:\WINDOWS\System32\Wbem;C:\WINDOWS\System32\WindowsPowerShell\v1.0\;C:\Program Files (x86)\ATI Technologies\ATI.ACE\Core-Static;C:\Program Files (x86)\Skype\Phone\;C:\Program Files (x86)\GtkSharp\2.12\bin;C:\Users\Kailas\AppData\Local\atom\bin
USERNAME=Kailas
OS=Windows_NT
PROCESSOR_IDENTIFIER=Intel64 Family 6 Model 94 Stepping 3, GenuineIntel



---------------  S Y S T E M  ---------------

OS: Windows 10.0 , 64 bit Build 10586 (10.0.10586.0)

CPU:total 4 (4 cores per cpu, 1 threads per core) family 6 model 94 stepping 3, cmov, cx8, fxsr, mmx, sse, sse2, sse3, ssse3, sse4.1, sse4.2, popcnt, avx, avx2, aes, clmul, erms, rtm, 3dnowpref, lzcnt, tsc, tscinvbit, bmi1, bmi2, adx

Memory: 4k page, physical 8338436k(913640k free), swap 12810324k(6664k free)

vm_info: Java HotSpot(TM) 64-Bit Server VM (25.65-b01) for windows-amd64 JRE (1.8.0_65-b17), built on Oct  6 2015 16:39:20 by "java_re" with MS VC++ 10.0 (VS2010)

time: Sun Jun 05 19:18:58 2016
elapsed time: 0 seconds (0d 0h 0m 0s)

