#
# There is insufficient memory for the Java Runtime Environment to continue.
# Native memory allocation (malloc) failed to allocate 1585616 bytes for Chunk::new
# Possible reasons:
#   The system is out of physical RAM or swap space
#   In 32 bit mode, the process size limit was hit
# Possible solutions:
#   Reduce memory load on the system
#   Increase physical memory or swap space
#   Check if swap backing store is full
#   Use 64 bit Java on a 64 bit OS
#   Decrease Java heap size (-Xmx/-Xms)
#   Decrease number of Java threads
#   Decrease Java thread stack sizes (-Xss)
#   Set larger code cache with -XX:ReservedCodeCacheSize=
# This output file may be truncated or incomplete.
#
#  Out of Memory Error (allocation.cpp:390), pid=3564, tid=7596
#
# JRE version: Java(TM) SE Runtime Environment (8.0_65-b17) (build 1.8.0_65-b17)
# Java VM: Java HotSpot(TM) 64-Bit Server VM (25.65-b01 mixed mode windows-amd64 compressed oops)
# Failed to write core dump. Minidumps are not enabled by default on client versions of Windows
#

---------------  T H R E A D  ---------------

Current thread (0x000000001591f800):  JavaThread "C2 CompilerThread1" daemon [_thread_in_native, id=7596, stack(0x0000000017050000,0x0000000017150000)]

Stack: [0x0000000017050000,0x0000000017150000]
[error occurred during error reporting (printing stack bounds), id 0xc0000005]

Native frames: (J=compiled Java code, j=interpreted, Vv=VM code, C=native code)


Current CompileTask:
C2:   1924 1323   !   4       com.android.dx.cf.code.BytecodeArray::parseInstruction (2764 bytes)


---------------  P R O C E S S  ---------------

Java Threads: ( => current thread )
  0x0000000017532000 JavaThread "pool-2-thread-4" [_thread_blocked, id=9024, stack(0x0000000018450000,0x0000000018550000)]
  0x000000001752f800 JavaThread "pool-2-thread-3" [_thread_blocked, id=11572, stack(0x0000000018350000,0x0000000018450000)]
  0x000000001752e000 JavaThread "pool-2-thread-2" [_thread_blocked, id=5228, stack(0x0000000018250000,0x0000000018350000)]
  0x000000001752a000 JavaThread "pool-3-thread-1" [_thread_blocked, id=1600, stack(0x0000000018150000,0x0000000018250000)]
  0x000000001751b000 JavaThread "pool-2-thread-1" [_thread_in_Java, id=6092, stack(0x0000000018050000,0x0000000018150000)]
  0x000000001726d000 JavaThread "Service Thread" daemon [_thread_blocked, id=10832, stack(0x0000000017650000,0x0000000017750000)]
  0x0000000015978800 JavaThread "C1 CompilerThread2" daemon [_thread_blocked, id=12180, stack(0x0000000017150000,0x0000000017250000)]
=>0x000000001591f800 JavaThread "C2 CompilerThread1" daemon [_thread_in_native, id=7596, stack(0x0000000017050000,0x0000000017150000)]
  0x000000001591c800 JavaThread "C2 CompilerThread0" daemon [_thread_in_native, id=6852, stack(0x0000000016f50000,0x0000000017050000)]
  0x000000001591a800 JavaThread "Attach Listener" daemon [_thread_blocked, id=8328, stack(0x0000000016e50000,0x0000000016f50000)]
  0x0000000015919000 JavaThread "Signal Dispatcher" daemon [_thread_blocked, id=3624, stack(0x0000000016d50000,0x0000000016e50000)]
  0x0000000003246000 JavaThread "Finalizer" daemon [_thread_blocked, id=4220, stack(0x0000000016b70000,0x0000000016c70000)]
  0x000000000323d000 JavaThread "Reference Handler" daemon [_thread_blocked, id=6156, stack(0x0000000016a70000,0x0000000016b70000)]
  0x0000000003151000 JavaThread "main" [_thread_in_Java, id=12608, stack(0x0000000002fe0000,0x00000000030e0000)]

Other Threads:
  0x00000000158e8000 VMThread [stack: 0x0000000016970000,0x0000000016a70000] [id=5532]
  0x0000000017271800 WatcherThread [stack: 0x0000000017750000,0x0000000017850000] [id=6880]

VM state:not at safepoint (normal execution)

VM Mutex/Monitor currently owned by a thread: None

Heap:
 PSYoungGen      total 71680K, used 20605K [0x00000000eab00000, 0x00000000f3700000, 0x0000000100000000)
  eden space 66560K, 23% used [0x00000000eab00000,0x00000000eba26e48,0x00000000eec00000)
  from space 5120K, 99% used [0x00000000eec00000,0x00000000ef0f8868,0x00000000ef100000)
  to   space 5120K, 0% used [0x00000000f3200000,0x00000000f3200000,0x00000000f3700000)
 ParOldGen       total 87552K, used 12653K [0x00000000c0000000, 0x00000000c5580000, 0x00000000eab00000)
  object space 87552K, 14% used [0x00000000c0000000,0x00000000c0c5b788,0x00000000c5580000)
 Metaspace       used 6244K, capacity 7088K, committed 7296K, reserved 1056768K
  class space    used 602K, capacity 616K, committed 640K, reserved 1048576K

Card table byte_map: [0x0000000012610000,0x0000000012820000] byte_map_base: 0x0000000012010000

Marking Bits: (ParMarkBitMap*) 0x000000005fd8a5b0
 Begin Bits: [0x0000000012d80000, 0x0000000013d80000)
 End Bits:   [0x0000000013d80000, 0x0000000014d80000)

Polling page: 0x0000000001870000

CodeCache: size=245760Kb used=6537Kb max_used=6537Kb free=239222Kb
 bounds [0x0000000003250000, 0x00000000038c0000, 0x0000000012250000]
 total_blobs=1991 nmethods=1722 adapters=182
 compilation: enabled

Compilation events (10 events):
Event: 1.899 Thread 0x0000000015978800 1740       2       com.android.dx.dex.code.StdCatchBuilder::<init> (62 bytes)
Event: 1.899 Thread 0x0000000015978800 nmethod 1740 0x00000000038af910 code [0x00000000038afaa0, 0x00000000038afe28]
Event: 1.899 Thread 0x0000000015978800 1741       2       com.android.dx.dex.code.OutputCollector::getFinisher (26 bytes)
Event: 1.899 Thread 0x0000000015978800 nmethod 1741 0x00000000038affd0 code [0x00000000038b0140, 0x00000000038b0378]
Event: 1.900 Thread 0x0000000015978800 1743       2       com.android.dx.dex.code.DalvCode::<init> (68 bytes)
Event: 1.900 Thread 0x0000000015978800 nmethod 1743 0x00000000038b0490 code [0x00000000038b0620, 0x00000000038b0938]
Event: 1.901 Thread 0x0000000015978800 1745       3       com.android.dx.dex.code.RopTranslator::pickOrder (400 bytes)
Event: 1.902 Thread 0x0000000015978800 nmethod 1745 0x00000000038b0a90 code [0x00000000038b0dc0, 0x00000000038b2ed8]
Event: 1.902 Thread 0x0000000015978800 1746       2       com.android.dx.cf.code.Ropper$CatchInfo::getSetup (53 bytes)
Event: 1.902 Thread 0x0000000015978800 nmethod 1746 0x00000000038b41d0 code [0x00000000038b4360, 0x00000000038b46c8]

GC Heap History (6 events):
Event: 1.263 GC heap before
{Heap before GC invocations=1 (full 0):
 PSYoungGen      total 38400K, used 33280K [0x00000000eab00000, 0x00000000ed580000, 0x0000000100000000)
  eden space 33280K, 100% used [0x00000000eab00000,0x00000000ecb80000,0x00000000ecb80000)
  from space 5120K, 0% used [0x00000000ed080000,0x00000000ed080000,0x00000000ed580000)
  to   space 5120K, 0% used [0x00000000ecb80000,0x00000000ecb80000,0x00000000ed080000)
 ParOldGen       total 87552K, used 38K [0x00000000c0000000, 0x00000000c5580000, 0x00000000eab00000)
  object space 87552K, 0% used [0x00000000c0000000,0x00000000c0009a88,0x00000000c5580000)
 Metaspace       used 5849K, capacity 6768K, committed 7040K, reserved 1056768K
  class space    used 599K, capacity 616K, committed 640K, reserved 1048576K
Event: 1.455 GC heap after
Heap after GC invocations=1 (full 0):
 PSYoungGen      total 38400K, used 5077K [0x00000000eab00000, 0x00000000ef600000, 0x0000000100000000)
  eden space 33280K, 0% used [0x00000000eab00000,0x00000000eab00000,0x00000000ecb80000)
  from space 5120K, 99% used [0x00000000ecb80000,0x00000000ed0756c8,0x00000000ed080000)
  to   space 5120K, 0% used [0x00000000ef100000,0x00000000ef100000,0x00000000ef600000)
 ParOldGen       total 87552K, used 46K [0x00000000c0000000, 0x00000000c5580000, 0x00000000eab00000)
  object space 87552K, 0% used [0x00000000c0000000,0x00000000c000ba88,0x00000000c5580000)
 Metaspace       used 5849K, capacity 6768K, committed 7040K, reserved 1056768K
  class space    used 599K, capacity 616K, committed 640K, reserved 1048576K
}
Event: 1.677 GC heap before
{Heap before GC invocations=2 (full 0):
 PSYoungGen      total 38400K, used 38357K [0x00000000eab00000, 0x00000000ef600000, 0x0000000100000000)
  eden space 33280K, 100% used [0x00000000eab00000,0x00000000ecb80000,0x00000000ecb80000)
  from space 5120K, 99% used [0x00000000ecb80000,0x00000000ed0756c8,0x00000000ed080000)
  to   space 5120K, 0% used [0x00000000ef100000,0x00000000ef100000,0x00000000ef600000)
 ParOldGen       total 87552K, used 48K [0x00000000c0000000, 0x00000000c5580000, 0x00000000eab00000)
  object space 87552K, 0% used [0x00000000c0000000,0x00000000c000c160,0x00000000c5580000)
 Metaspace       used 6071K, capacity 6960K, committed 7040K, reserved 1056768K
  class space    used 601K, capacity 616K, committed 640K, reserved 1048576K
Event: 1.684 GC heap after
Heap after GC invocations=2 (full 0):
 PSYoungGen      total 71680K, used 5111K [0x00000000eab00000, 0x00000000ef600000, 0x0000000100000000)
  eden space 66560K, 0% used [0x00000000eab00000,0x00000000eab00000,0x00000000eec00000)
  from space 5120K, 99% used [0x00000000ef100000,0x00000000ef5fde38,0x00000000ef600000)
  to   space 5120K, 0% used [0x00000000eec00000,0x00000000eec00000,0x00000000ef100000)
 ParOldGen       total 87552K, used 2978K [0x00000000c0000000, 0x00000000c5580000, 0x00000000eab00000)
  object space 87552K, 3% used [0x00000000c0000000,0x00000000c02e8838,0x00000000c5580000)
 Metaspace       used 6071K, capacity 6960K, committed 7040K, reserved 1056768K
  class space    used 601K, capacity 616K, committed 640K, reserved 1048576K
}
Event: 1.876 GC heap before
{Heap before GC invocations=3 (full 0):
 PSYoungGen      total 71680K, used 71671K [0x00000000eab00000, 0x00000000ef600000, 0x0000000100000000)
  eden space 66560K, 100% used [0x00000000eab00000,0x00000000eec00000,0x00000000eec00000)
  from space 5120K, 99% used [0x00000000ef100000,0x00000000ef5fde38,0x00000000ef600000)
  to   space 5120K, 0% used [0x00000000eec00000,0x00000000eec00000,0x00000000ef100000)
 ParOldGen       total 87552K, used 2978K [0x00000000c0000000, 0x00000000c5580000, 0x00000000eab00000)
  object space 87552K, 3% used [0x00000000c0000000,0x00000000c02e8838,0x00000000c5580000)
 Metaspace       used 6226K, capacity 7088K, committed 7296K, reserved 1056768K
  class space    used 602K, capacity 616K, committed 640K, reserved 1048576K
Event: 1.889 GC heap after
Heap after GC invocations=3 (full 0):
 PSYoungGen      total 71680K, used 5090K [0x00000000eab00000, 0x00000000f3700000, 0x0000000100000000)
  eden space 66560K, 0% used [0x00000000eab00000,0x00000000eab00000,0x00000000eec00000)
  from space 5120K, 99% used [0x00000000eec00000,0x00000000ef0f8868,0x00000000ef100000)
  to   space 5120K, 0% used [0x00000000f3200000,0x00000000f3200000,0x00000000f3700000)
 ParOldGen       total 87552K, used 12653K [0x00000000c0000000, 0x00000000c5580000, 0x00000000eab00000)
  object space 87552K, 14% used [0x00000000c0000000,0x00000000c0c5b788,0x00000000c5580000)
 Metaspace       used 6226K, capacity 7088K, committed 7296K, reserved 1056768K
  class space    used 602K, capacity 616K, committed 640K, reserved 1048576K
}

Deoptimization events (10 events):
Event: 1.743 Thread 0x000000001752f800 Uncommon trap: reason=unstable_if action=reinterpret pc=0x000000000363cf64 method=com.android.dx.rop.code.RegisterSpecSet.put(Lcom/android/dx/rop/code/RegisterSpec;)V @ 77
Event: 1.756 Thread 0x000000001752f800 Uncommon trap: reason=unstable_if action=reinterpret pc=0x00000000036ca1c8 method=com.android.dx.rop.code.RegisterSpec.equals(ILcom/android/dx/rop/type/TypeBearer;Lcom/android/dx/rop/code/LocalItem;)Z @ 42
Event: 1.758 Thread 0x000000001752e000 Uncommon trap: reason=bimorphic action=maybe_recompile pc=0x0000000003683b34 method=java.util.HashMap.getNode(ILjava/lang/Object;)Ljava/util/HashMap$Node; @ 126
Event: 1.758 Thread 0x000000001752e000 Uncommon trap: reason=class_check action=maybe_recompile pc=0x00000000036eed40 method=java.util.HashMap.putVal(ILjava/lang/Object;Ljava/lang/Object;ZZ)Ljava/lang/Object; @ 203
Event: 1.758 Thread 0x000000001752e000 Uncommon trap: reason=bimorphic action=maybe_recompile pc=0x0000000003683b34 method=java.util.HashMap.getNode(ILjava/lang/Object;)Ljava/util/HashMap$Node; @ 126
Event: 1.758 Thread 0x000000001752e000 Uncommon trap: reason=class_check action=maybe_recompile pc=0x00000000036eed40 method=java.util.HashMap.putVal(ILjava/lang/Object;Ljava/lang/Object;ZZ)Ljava/lang/Object; @ 203
Event: 1.758 Thread 0x000000001752e000 Uncommon trap: reason=bimorphic action=maybe_recompile pc=0x0000000003683b34 method=java.util.HashMap.getNode(ILjava/lang/Object;)Ljava/util/HashMap$Node; @ 126
Event: 1.758 Thread 0x000000001752e000 Uncommon trap: reason=bimorphic action=maybe_recompile pc=0x0000000003683b34 method=java.util.HashMap.getNode(ILjava/lang/Object;)Ljava/util/HashMap$Node; @ 126
Event: 1.758 Thread 0x000000001752e000 Uncommon trap: reason=class_check action=maybe_recompile pc=0x00000000036eed40 method=java.util.HashMap.putVal(ILjava/lang/Object;Ljava/lang/Object;ZZ)Ljava/lang/Object; @ 203
Event: 1.769 Thread 0x000000001752e000 Uncommon trap: reason=unstable_if action=reinterpret pc=0x000000000369499c method=com.android.dx.ssa.SsaMethod.updateOneDefinition(Lcom/android/dx/ssa/SsaInsn;Lcom/android/dx/rop/code/RegisterSpec;)V @ 4

Internal exceptions (3 events):
Event: 0.068 Thread 0x0000000003151000 Exception <a 'java/lang/NoSuchMethodError': Method sun.misc.Unsafe.defineClass(Ljava/lang/String;[BII)Ljava/lang/Class; name or signature does not match> (0x00000000eab0d478) thrown at [C:\workspace\8-2-build-windows-amd64-cygwin\jdk8u65\4987\hotspot\src\s®çŠGZ±?
Event: 0.068 Thread 0x0000000003151000 Exception <a 'java/lang/NoSuchMethodError': Method sun.misc.Unsafe.prefetchRead(Ljava/lang/Object;J)V name or signature does not match> (0x00000000eab0d760) thrown at [C:\workspace\8-2-build-windows-amd64-cygwin\jdk8u65\4987\hotspot\src\share\vm\prims\jni.
Event: 1.701 Thread 0x000000001751b000 Implicit null exception at 0x0000000003545b8f to 0x00000000035473e1

Events (10 events):
Event: 1.839 Thread 0x0000000017532000 DEOPT PACKING pc=0x00000000036e2545 sp=0x000000001854e650
Event: 1.839 Thread 0x0000000017532000 DEOPT UNPACKING pc=0x000000000329787f sp=0x000000001854e490 mode 0
Event: 1.860 Thread 0x000000001751b000 DEOPT PACKING pc=0x00000000036d41c1 sp=0x000000001814e8f0
Event: 1.860 Thread 0x000000001751b000 DEOPT UNPACKING pc=0x000000000329787f sp=0x000000001814e6d8 mode 0
Event: 1.871 Thread 0x000000001751b000 DEOPT PACKING pc=0x00000000036d7aae sp=0x000000001814e670
Event: 1.871 Thread 0x000000001751b000 DEOPT UNPACKING pc=0x000000000329787f sp=0x000000001814e478 mode 0
Event: 1.874 Executing VM operation: ParallelGCFailedAllocation
Event: 1.889 Executing VM operation: ParallelGCFailedAllocation done
Event: 1.901 Thread 0x0000000017532000 DEOPT PACKING pc=0x00000000036cf898 sp=0x000000001854eb10
Event: 1.901 Thread 0x0000000017532000 DEOPT UNPACKING pc=0x000000000329787f sp=0x000000001854e870 mode 0


Dynamic libraries:
0x00007ff67d090000 - 0x00007ff67d0c7000 	C:\Program Files\Java\jdk1.8.0_65\bin\java.exe
0x00007ffecfee0000 - 0x00007ffed00a1000 	C:\WINDOWS\SYSTEM32\ntdll.dll
0x00007ffecf0d0000 - 0x00007ffecf17d000 	C:\WINDOWS\system32\KERNEL32.DLL
0x00007ffecc7d0000 - 0x00007ffecc9b8000 	C:\WINDOWS\system32\KERNELBASE.dll
0x00007ffecef40000 - 0x00007ffecefe7000 	C:\WINDOWS\system32\ADVAPI32.dll
0x00007ffecfa10000 - 0x00007ffecfaad000 	C:\WINDOWS\system32\msvcrt.dll
0x00007ffeceff0000 - 0x00007ffecf04b000 	C:\WINDOWS\system32\sechost.dll
0x00007ffecf1f0000 - 0x00007ffecf30c000 	C:\WINDOWS\system32\RPCRT4.dll
0x00007ffecd2e0000 - 0x00007ffecd436000 	C:\WINDOWS\system32\USER32.dll
0x00007ffecf870000 - 0x00007ffecf9f6000 	C:\WINDOWS\system32\GDI32.dll
0x00007ffec1a50000 - 0x00007ffec1cc4000 	C:\WINDOWS\WinSxS\amd64_microsoft.windows.common-controls_6595b64144ccf1df_6.0.10586.0_none_8c15ae12515e1c22\COMCTL32.dll
0x00007ffecfc60000 - 0x00007ffecfedd000 	C:\WINDOWS\system32\combase.dll
0x00007ffecc590000 - 0x00007ffecc5fa000 	C:\WINDOWS\system32\bcryptPrimitives.dll
0x00007ffecf820000 - 0x00007ffecf85b000 	C:\WINDOWS\system32\IMM32.DLL
0x000000005efc0000 - 0x000000005f092000 	C:\Program Files\Java\jdk1.8.0_65\jre\bin\msvcr100.dll
0x000000005f580000 - 0x000000005fe09000 	C:\Program Files\Java\jdk1.8.0_65\jre\bin\server\jvm.dll
0x00007ffecf740000 - 0x00007ffecf748000 	C:\WINDOWS\system32\PSAPI.DLL
0x00007ffec4bd0000 - 0x00007ffec4bd9000 	C:\WINDOWS\SYSTEM32\WSOCK32.dll
0x00007ffecf180000 - 0x00007ffecf1eb000 	C:\WINDOWS\system32\WS2_32.dll
0x00007ffeca840000 - 0x00007ffeca863000 	C:\WINDOWS\SYSTEM32\WINMM.dll
0x00007ffec9590000 - 0x00007ffec959a000 	C:\WINDOWS\SYSTEM32\VERSION.dll
0x00007ffeca7e0000 - 0x00007ffeca80c000 	C:\WINDOWS\SYSTEM32\WINMMBASE.dll
0x00007ffecc9c0000 - 0x00007ffecca03000 	C:\WINDOWS\system32\cfgmgr32.dll
0x000000005f490000 - 0x000000005f49f000 	C:\Program Files\Java\jdk1.8.0_65\jre\bin\verify.dll
0x000000005f460000 - 0x000000005f489000 	C:\Program Files\Java\jdk1.8.0_65\jre\bin\java.dll
0x000000005f440000 - 0x000000005f456000 	C:\Program Files\Java\jdk1.8.0_65\jre\bin\zip.dll
0x00007ffecd980000 - 0x00007ffeceedc000 	C:\WINDOWS\system32\SHELL32.dll
0x00007ffeccc90000 - 0x00007ffecd2d4000 	C:\WINDOWS\system32\windows.storage.dll
0x00007ffeceee0000 - 0x00007ffecef32000 	C:\WINDOWS\system32\shlwapi.dll
0x00007ffecc570000 - 0x00007ffecc57f000 	C:\WINDOWS\system32\kernel.appcore.dll
0x00007ffeccb70000 - 0x00007ffeccc25000 	C:\WINDOWS\system32\shcore.dll
0x00007ffecc500000 - 0x00007ffecc54b000 	C:\WINDOWS\system32\powrprof.dll
0x00007ffecc550000 - 0x00007ffecc564000 	C:\WINDOWS\system32\profapi.dll

VM Arguments:
jvm_args: -Djava.awt.headless=true -Xmx1024M -Dfile.encoding=windows-1252 -Duser.country=US -Duser.language=en -Duser.variant 
java_command: com.android.dx.command.Main --dex --force-jumbo --num-threads=4 --multi-dex --output C:\Users\Kailas\AndroidStudioProjects\AverageWeather\app\build\intermediates\transforms\dex\debug\folders\1000\10\com.android.support-support-v4-23.2.1_e402c817af52fde069c7e1d7421ca64f92886a99 C:\Users\Kailas\AndroidStudioProjects\AverageWeather\app\build\intermediates\exploded-aar\com.android.support\support-v4\23.2.1\jars\classes.jar
java_class_path (initial): C:\Users\Kailas\AppData\Local\Android\sdk\build-tools\23.0.2\lib\dx.jar
Launcher Type: SUN_STANDARD

Environment Variables:
JAVA_HOME=C:\Program Files\Java\jdk1.8.0_65
PATH=C:\Program Files (x86)\NVIDIA Corporation\PhysX\Common;C:\ProgramData\Oracle\Java\javapath;C:\WINDOWS\system32;C:\WINDOWS;C:\WINDOWS\System32\Wbem;C:\WINDOWS\System32\WindowsPowerShell\v1.0\;C:\Program Files (x86)\ATI Technologies\ATI.ACE\Core-Static;C:\Program Files (x86)\Skype\Phone\;C:\Program Files (x86)\GtkSharp\2.12\bin;C:\Users\Kailas\AppData\Local\atom\bin
USERNAME=Kailas
OS=Windows_NT
PROCESSOR_IDENTIFIER=Intel64 Family 6 Model 94 Stepping 3, GenuineIntel



---------------  S Y S T E M  ---------------

OS: Windows 10.0 , 64 bit Build 10586 (10.0.10586.0)

CPU:total 4 (4 cores per cpu, 1 threads per core) family 6 model 94 stepping 3, cmov, cx8, fxsr, mmx, sse, sse2, sse3, ssse3, sse4.1, sse4.2, popcnt, avx, avx2, aes, clmul, erms, rtm, 3dnowpref, lzcnt, tsc, tscinvbit, bmi1, bmi2, adx

Memory: 4k page, physical 8338436k(424904k free), swap 14837888k(4548k free)

vm_info: Java HotSpot(TM) 64-Bit Server VM (25.65-b01) for windows-amd64 JRE (1.8.0_65-b17), built on Oct  6 2015 16:39:20 by "java_re" with MS VC++ 10.0 (VS2010)

time: Thu Jun 09 22:11:11 2016
elapsed time: 1 seconds (0d 0h 0m 1s)

