#
# There is insufficient memory for the Java Runtime Environment to continue.
# Native memory allocation (malloc) failed to allocate 857936 bytes for Chunk::new
# Possible reasons:
#   The system is out of physical RAM or swap space
#   In 32 bit mode, the process size limit was hit
# Possible solutions:
#   Reduce memory load on the system
#   Increase physical memory or swap space
#   Check if swap backing store is full
#   Use 64 bit Java on a 64 bit OS
#   Decrease Java heap size (-Xmx/-Xms)
#   Decrease number of Java threads
#   Decrease Java thread stack sizes (-Xss)
#   Set larger code cache with -XX:ReservedCodeCacheSize=
# This output file may be truncated or incomplete.
#
#  Out of Memory Error (allocation.cpp:390), pid=10768, tid=7524
#
# JRE version: Java(TM) SE Runtime Environment (8.0_65-b17) (build 1.8.0_65-b17)
# Java VM: Java HotSpot(TM) 64-Bit Server VM (25.65-b01 mixed mode windows-amd64 compressed oops)
# Failed to write core dump. Minidumps are not enabled by default on client versions of Windows
#

---------------  T H R E A D  ---------------

Current thread (0x000000001546f800):  JavaThread "C2 CompilerThread1" daemon [_thread_in_native, id=7524, stack(0x0000000016ba0000,0x0000000016ca0000)]

Stack: [0x0000000016ba0000,0x0000000016ca0000]
[error occurred during error reporting (printing stack bounds), id 0xc0000005]

Native frames: (J=compiled Java code, j=interpreted, Vv=VM code, C=native code)


Current CompileTask:
C2:   2279 1492       4       com.android.dx.ssa.LocalVariableExtractor::processBlock (383 bytes)


---------------  P R O C E S S  ---------------

Java Threads: ( => current thread )
  0x000000001706f000 JavaThread "pool-2-thread-4" [_thread_blocked, id=10384, stack(0x00000000177a0000,0x00000000178a0000)]
  0x0000000017001000 JavaThread "pool-2-thread-3" [_thread_blocked, id=1056, stack(0x00000000176a0000,0x00000000177a0000)]
  0x0000000017000800 JavaThread "pool-2-thread-2" [_thread_in_Java, id=588, stack(0x00000000175a0000,0x00000000176a0000)]
  0x000000001705c800 JavaThread "pool-3-thread-1" [_thread_blocked, id=11092, stack(0x00000000174a0000,0x00000000175a0000)]
  0x0000000017004800 JavaThread "pool-2-thread-1" [_thread_in_Java, id=9648, stack(0x00000000173a0000,0x00000000174a0000)]
  0x0000000016db4800 JavaThread "Service Thread" daemon [_thread_blocked, id=1296, stack(0x00000000171a0000,0x00000000172a0000)]
  0x00000000154cb800 JavaThread "C1 CompilerThread2" daemon [_thread_blocked, id=768, stack(0x0000000016ca0000,0x0000000016da0000)]
=>0x000000001546f800 JavaThread "C2 CompilerThread1" daemon [_thread_in_native, id=7524, stack(0x0000000016ba0000,0x0000000016ca0000)]
  0x000000001546b800 JavaThread "C2 CompilerThread0" daemon [_thread_in_native, id=7264, stack(0x0000000016aa0000,0x0000000016ba0000)]
  0x000000001546a800 JavaThread "Attach Listener" daemon [_thread_blocked, id=8892, stack(0x00000000169a0000,0x0000000016aa0000)]
  0x0000000015469000 JavaThread "Signal Dispatcher" daemon [_thread_blocked, id=1000, stack(0x00000000168a0000,0x00000000169a0000)]
  0x0000000002d91000 JavaThread "Finalizer" daemon [_thread_blocked, id=9176, stack(0x00000000166c0000,0x00000000167c0000)]
  0x0000000015438800 JavaThread "Reference Handler" daemon [_thread_blocked, id=2512, stack(0x00000000165c0000,0x00000000166c0000)]
  0x0000000002ca0800 JavaThread "main" [_thread_blocked, id=8936, stack(0x0000000002ae0000,0x0000000002be0000)]

Other Threads:
  0x0000000015437000 VMThread [stack: 0x00000000164c0000,0x00000000165c0000] [id=11044]
  0x0000000016db9800 WatcherThread [stack: 0x00000000172a0000,0x00000000173a0000] [id=7104]

VM state:not at safepoint (normal execution)

VM Mutex/Monitor currently owned by a thread: None

Heap:
 PSYoungGen      total 38400K, used 7541K [0x00000000eab00000, 0x00000000ef600000, 0x0000000100000000)
  eden space 33280K, 7% used [0x00000000eab00000,0x00000000ead61d10,0x00000000ecb80000)
  from space 5120K, 99% used [0x00000000ecb80000,0x00000000ed07b860,0x00000000ed080000)
  to   space 5120K, 0% used [0x00000000ef100000,0x00000000ef100000,0x00000000ef600000)
 ParOldGen       total 87552K, used 10536K [0x00000000c0000000, 0x00000000c5580000, 0x00000000eab00000)
  object space 87552K, 12% used [0x00000000c0000000,0x00000000c0a4a1f8,0x00000000c5580000)
 Metaspace       used 6210K, capacity 7088K, committed 7296K, reserved 1056768K
  class space    used 601K, capacity 616K, committed 640K, reserved 1048576K

Card table byte_map: [0x0000000012160000,0x0000000012370000] byte_map_base: 0x0000000011b60000

Marking Bits: (ParMarkBitMap*) 0x000000005fdaa5b0
 Begin Bits: [0x00000000128d0000, 0x00000000138d0000)
 End Bits:   [0x00000000138d0000, 0x00000000148d0000)

Polling page: 0x0000000000f50000

CodeCache: size=245760Kb used=6599Kb max_used=6599Kb free=239160Kb
 bounds [0x0000000002da0000, 0x0000000003420000, 0x0000000011da0000]
 total_blobs=1918 nmethods=1649 adapters=182
 compilation: enabled

Compilation events (10 events):
Event: 2.276 Thread 0x00000000154cb800 1670       2       java.lang.System$2::getEnumConstantsShared (8 bytes)
Event: 2.276 Thread 0x00000000154cb800 nmethod 1670 0x0000000003415490 code [0x0000000003415600, 0x00000000034157a8]
Event: 2.276 Thread 0x00000000154cb800 1671   !   2       java.lang.Class::getEnumConstantsShared (73 bytes)
Event: 2.276 Thread 0x00000000154cb800 nmethod 1671 0x0000000003415890 code [0x0000000003415a40, 0x0000000003415ee8]
Event: 2.276 Thread 0x00000000154cb800 1672       2       java.util.RegularEnumSet::<init> (12 bytes)
Event: 2.277 Thread 0x00000000154cb800 nmethod 1672 0x0000000003416190 code [0x00000000034162e0, 0x0000000003416470]
Event: 2.277 Thread 0x00000000154cb800 1673       2       java.util.RegularEnumSet::addAll (23 bytes)
Event: 2.277 Thread 0x00000000154cb800 nmethod 1673 0x0000000003416510 code [0x0000000003416660, 0x00000000034167d0]
Event: 2.277 Thread 0x00000000154cb800 1674       2       com.android.dx.ssa.Optimizer::optimize (67 bytes)
Event: 2.277 Thread 0x00000000154cb800 nmethod 1674 0x0000000003416890 code [0x0000000003416a40, 0x0000000003416e38]

GC Heap History (6 events):
Event: 0.683 GC heap before
{Heap before GC invocations=1 (full 0):
 PSYoungGen      total 38400K, used 33280K [0x00000000eab00000, 0x00000000ed580000, 0x0000000100000000)
  eden space 33280K, 100% used [0x00000000eab00000,0x00000000ecb80000,0x00000000ecb80000)
  from space 5120K, 0% used [0x00000000ed080000,0x00000000ed080000,0x00000000ed580000)
  to   space 5120K, 0% used [0x00000000ecb80000,0x00000000ecb80000,0x00000000ed080000)
 ParOldGen       total 87552K, used 0K [0x00000000c0000000, 0x00000000c5580000, 0x00000000eab00000)
  object space 87552K, 0% used [0x00000000c0000000,0x00000000c0000000,0x00000000c5580000)
 Metaspace       used 5939K, capacity 6896K, committed 7040K, reserved 1056768K
  class space    used 597K, capacity 616K, committed 640K, reserved 1048576K
Event: 0.688 GC heap after
Heap after GC invocations=1 (full 0):
 PSYoungGen      total 38400K, used 5096K [0x00000000eab00000, 0x00000000ed580000, 0x0000000100000000)
  eden space 33280K, 0% used [0x00000000eab00000,0x00000000eab00000,0x00000000ecb80000)
  from space 5120K, 99% used [0x00000000ecb80000,0x00000000ed07a120,0x00000000ed080000)
  to   space 5120K, 0% used [0x00000000ed080000,0x00000000ed080000,0x00000000ed580000)
 ParOldGen       total 87552K, used 1403K [0x00000000c0000000, 0x00000000c5580000, 0x00000000eab00000)
  object space 87552K, 1% used [0x00000000c0000000,0x00000000c015eff0,0x00000000c5580000)
 Metaspace       used 5939K, capacity 6896K, committed 7040K, reserved 1056768K
  class space    used 597K, capacity 616K, committed 640K, reserved 1048576K
}
Event: 1.387 GC heap before
{Heap before GC invocations=2 (full 0):
 PSYoungGen      total 38400K, used 38376K [0x00000000eab00000, 0x00000000ed580000, 0x0000000100000000)
  eden space 33280K, 100% used [0x00000000eab00000,0x00000000ecb80000,0x00000000ecb80000)
  from space 5120K, 99% used [0x00000000ecb80000,0x00000000ed07a120,0x00000000ed080000)
  to   space 5120K, 0% used [0x00000000ed080000,0x00000000ed080000,0x00000000ed580000)
 ParOldGen       total 87552K, used 1403K [0x00000000c0000000, 0x00000000c5580000, 0x00000000eab00000)
  object space 87552K, 1% used [0x00000000c0000000,0x00000000c015eff0,0x00000000c5580000)
 Metaspace       used 6111K, capacity 7024K, committed 7296K, reserved 1056768K
  class space    used 601K, capacity 616K, committed 640K, reserved 1048576K
Event: 1.704 GC heap after
Heap after GC invocations=2 (full 0):
 PSYoungGen      total 38400K, used 5119K [0x00000000eab00000, 0x00000000ef600000, 0x0000000100000000)
  eden space 33280K, 0% used [0x00000000eab00000,0x00000000eab00000,0x00000000ecb80000)
  from space 5120K, 99% used [0x00000000ed080000,0x00000000ed57ff28,0x00000000ed580000)
  to   space 5120K, 0% used [0x00000000ecb80000,0x00000000ecb80000,0x00000000ed080000)
 ParOldGen       total 87552K, used 5561K [0x00000000c0000000, 0x00000000c5580000, 0x00000000eab00000)
  object space 87552K, 6% used [0x00000000c0000000,0x00000000c056e580,0x00000000c5580000)
 Metaspace       used 6111K, capacity 7024K, committed 7296K, reserved 1056768K
  class space    used 601K, capacity 616K, committed 640K, reserved 1048576K
}
Event: 2.017 GC heap before
{Heap before GC invocations=3 (full 0):
 PSYoungGen      total 38400K, used 38399K [0x00000000eab00000, 0x00000000ef600000, 0x0000000100000000)
  eden space 33280K, 100% used [0x00000000eab00000,0x00000000ecb80000,0x00000000ecb80000)
  from space 5120K, 99% used [0x00000000ed080000,0x00000000ed57ff28,0x00000000ed580000)
  to   space 5120K, 0% used [0x00000000ecb80000,0x00000000ecb80000,0x00000000ed080000)
 ParOldGen       total 87552K, used 5561K [0x00000000c0000000, 0x00000000c5580000, 0x00000000eab00000)
  object space 87552K, 6% used [0x00000000c0000000,0x00000000c056e580,0x00000000c5580000)
 Metaspace       used 6193K, capacity 7088K, committed 7296K, reserved 1056768K
  class space    used 601K, capacity 616K, committed 640K, reserved 1048576K
Event: 2.269 GC heap after
Heap after GC invocations=3 (full 0):
 PSYoungGen      total 38400K, used 5102K [0x00000000eab00000, 0x00000000ef600000, 0x0000000100000000)
  eden space 33280K, 0% used [0x00000000eab00000,0x00000000eab00000,0x00000000ecb80000)
  from space 5120K, 99% used [0x00000000ecb80000,0x00000000ed07b860,0x00000000ed080000)
  to   space 5120K, 0% used [0x00000000ef100000,0x00000000ef100000,0x00000000ef600000)
 ParOldGen       total 87552K, used 10536K [0x00000000c0000000, 0x00000000c5580000, 0x00000000eab00000)
  object space 87552K, 12% used [0x00000000c0000000,0x00000000c0a4a1f8,0x00000000c5580000)
 Metaspace       used 6193K, capacity 7088K, committed 7296K, reserved 1056768K
  class space    used 601K, capacity 616K, committed 640K, reserved 1048576K
}

Deoptimization events (10 events):
Event: 0.935 Thread 0x0000000017000800 Uncommon trap: reason=unstable_if action=reinterpret pc=0x000000000323b8bc method=com.android.dx.rop.code.RegisterSpec.equals(ILcom/android/dx/rop/type/TypeBearer;Lcom/android/dx/rop/code/LocalItem;)Z @ 42
Event: 1.288 Thread 0x0000000017001000 Uncommon trap: reason=bimorphic action=maybe_recompile pc=0x000000000332a474 method=com.android.dx.cf.code.BytecodeArray.parseInstruction(ILcom/android/dx/cf/code/BytecodeArray$Visitor;)I @ 939
Event: 1.288 Thread 0x0000000017001000 Uncommon trap: reason=bimorphic action=maybe_recompile pc=0x000000000332a474 method=com.android.dx.cf.code.BytecodeArray.parseInstruction(ILcom/android/dx/cf/code/BytecodeArray$Visitor;)I @ 939
Event: 1.377 Thread 0x0000000017001000 Uncommon trap: reason=bimorphic action=maybe_recompile pc=0x0000000003342370 method=com.android.dx.ssa.LiteralOpUpgrader.tryReplacingWithConstant(Lcom/android/dx/ssa/NormalSsaInsn;)Z @ 52
Event: 1.386 Thread 0x0000000017000800 Uncommon trap: reason=unstable_if action=reinterpret pc=0x0000000003340908 method=com.android.dx.ssa.LiteralOpUpgrader$1.visitNonMoveInsn(Lcom/android/dx/ssa/NormalSsaInsn;)V @ 176
Event: 1.818 Thread 0x0000000002ca0800 Uncommon trap: reason=unloaded action=reinterpret pc=0x000000000337d6bc method=com.android.dx.cf.cst.ConstantPoolParser.parse0(ILjava/util/BitSet;)Lcom/android/dx/rop/cst/Constant; @ 198
Event: 1.818 Thread 0x0000000002ca0800 Uncommon trap: reason=unstable_if action=reinterpret pc=0x0000000003300678 method=com.android.dx.rop.cst.StdConstantPool.set(ILcom/android/dx/rop/cst/Constant;)V @ 12
Event: 1.824 Thread 0x000000001706f000 Uncommon trap: reason=bimorphic action=maybe_recompile pc=0x000000000332a4f4 method=com.android.dx.cf.code.BytecodeArray.parseInstruction(ILcom/android/dx/cf/code/BytecodeArray$Visitor;)I @ 955
Event: 1.824 Thread 0x000000001706f000 Uncommon trap: reason=bimorphic action=maybe_recompile pc=0x000000000332a4f4 method=com.android.dx.cf.code.BytecodeArray.parseInstruction(ILcom/android/dx/cf/code/BytecodeArray$Visitor;)I @ 955
Event: 1.850 Thread 0x0000000017000800 Uncommon trap: reason=unstable_if action=reinterpret pc=0x00000000032f5920 method=com.android.dx.ssa.SCCP.simulateStmt(Lcom/android/dx/ssa/SsaInsn;)V @ 59

Internal exceptions (4 events):
Event: 0.044 Thread 0x0000000002ca0800 Exception <a 'java/lang/NoSuchMethodError': Method sun.misc.Unsafe.defineClass(Ljava/lang/String;[BII)Ljava/lang/Class; name or signature does not match> (0x00000000eab0d3f8) thrown at [C:\workspace\8-2-build-windows-amd64-cygwin\jdk8u65\4987\hotspot\src\s}£¤—Gµ¦?
Event: 0.044 Thread 0x0000000002ca0800 Exception <a 'java/lang/NoSuchMethodError': Method sun.misc.Unsafe.prefetchRead(Ljava/lang/Object;J)V name or signature does not match> (0x00000000eab0d6e0) thrown at [C:\workspace\8-2-build-windows-amd64-cygwin\jdk8u65\4987\hotspot\src\share\vm\prims\jni.	§—tùæ?
Event: 0.718 Thread 0x0000000017001000 Implicit null exception at 0x00000000030c3676 to 0x00000000030c4eed
Event: 0.779 Thread 0x0000000017000800 Implicit null exception at 0x00000000031f6a62 to 0x00000000031f6b5a

Events (10 events):
Event: 1.824 Thread 0x000000001706f000 DEOPT UNPACKING pc=0x0000000002de582a sp=0x000000001789e6d8 mode 2
Event: 1.838 Thread 0x0000000017004800 DEOPT PACKING pc=0x00000000031a6768 sp=0x000000001749ecb0
Event: 1.838 Thread 0x0000000017004800 DEOPT UNPACKING pc=0x0000000002de787f sp=0x000000001749eae0 mode 0
Event: 1.850 Thread 0x0000000017000800 Uncommon trap: trap_request=0xffffff65 fr.pc=0x00000000032f5920
Event: 1.850 Thread 0x0000000017000800 DEOPT PACKING pc=0x00000000032f5920 sp=0x000000001769ec50
Event: 1.850 Thread 0x0000000017000800 DEOPT UNPACKING pc=0x0000000002de582a sp=0x000000001769ec38 mode 2
Event: 1.857 Thread 0x0000000017000800 DEOPT PACKING pc=0x00000000031aefe0 sp=0x000000001769ea20
Event: 1.857 Thread 0x0000000017000800 DEOPT UNPACKING pc=0x0000000002de787f sp=0x000000001769e740 mode 0
Event: 1.857 Executing VM operation: ParallelGCFailedAllocation
Event: 2.269 Executing VM operation: ParallelGCFailedAllocation done


Dynamic libraries:
0x00007ff7167e0000 - 0x00007ff716817000 	C:\Program Files\Java\jdk1.8.0_65\bin\java.exe
0x00007ffecfee0000 - 0x00007ffed00a1000 	C:\WINDOWS\SYSTEM32\ntdll.dll
0x00007ffecf0d0000 - 0x00007ffecf17d000 	C:\WINDOWS\system32\KERNEL32.DLL
0x00007ffecc7d0000 - 0x00007ffecc9b8000 	C:\WINDOWS\system32\KERNELBASE.dll
0x00007ffecef40000 - 0x00007ffecefe7000 	C:\WINDOWS\system32\ADVAPI32.dll
0x00007ffecfa10000 - 0x00007ffecfaad000 	C:\WINDOWS\system32\msvcrt.dll
0x00007ffeceff0000 - 0x00007ffecf04b000 	C:\WINDOWS\system32\sechost.dll
0x00007ffecf1f0000 - 0x00007ffecf30c000 	C:\WINDOWS\system32\RPCRT4.dll
0x00007ffecd2e0000 - 0x00007ffecd436000 	C:\WINDOWS\system32\USER32.dll
0x00007ffecf870000 - 0x00007ffecf9f6000 	C:\WINDOWS\system32\GDI32.dll
0x00007ffebe5a0000 - 0x00007ffebe814000 	C:\WINDOWS\WinSxS\amd64_microsoft.windows.common-controls_6595b64144ccf1df_6.0.10586.0_none_8c15ae12515e1c22\COMCTL32.dll
0x00007ffecfc60000 - 0x00007ffecfedd000 	C:\WINDOWS\system32\combase.dll
0x00007ffecc590000 - 0x00007ffecc5fa000 	C:\WINDOWS\system32\bcryptPrimitives.dll
0x00007ffecf820000 - 0x00007ffecf85b000 	C:\WINDOWS\system32\IMM32.DLL
0x000000005f040000 - 0x000000005f112000 	C:\Program Files\Java\jdk1.8.0_65\jre\bin\msvcr100.dll
0x000000005f5a0000 - 0x000000005fe29000 	C:\Program Files\Java\jdk1.8.0_65\jre\bin\server\jvm.dll
0x00007ffecf740000 - 0x00007ffecf748000 	C:\WINDOWS\system32\PSAPI.DLL
0x00007ffec9700000 - 0x00007ffec9709000 	C:\WINDOWS\SYSTEM32\WSOCK32.dll
0x00007ffecf180000 - 0x00007ffecf1eb000 	C:\WINDOWS\system32\WS2_32.dll
0x00007ffeca840000 - 0x00007ffeca863000 	C:\WINDOWS\SYSTEM32\WINMM.dll
0x00007ffec9590000 - 0x00007ffec959a000 	C:\WINDOWS\SYSTEM32\VERSION.dll
0x00007ffeca7e0000 - 0x00007ffeca80c000 	C:\WINDOWS\SYSTEM32\WINMMBASE.dll
0x00007ffecc9c0000 - 0x00007ffecca03000 	C:\WINDOWS\system32\cfgmgr32.dll
0x000000005f4b0000 - 0x000000005f4bf000 	C:\Program Files\Java\jdk1.8.0_65\jre\bin\verify.dll
0x000000005f480000 - 0x000000005f4a9000 	C:\Program Files\Java\jdk1.8.0_65\jre\bin\java.dll
0x000000005f460000 - 0x000000005f476000 	C:\Program Files\Java\jdk1.8.0_65\jre\bin\zip.dll
0x00007ffecd980000 - 0x00007ffeceedc000 	C:\WINDOWS\system32\SHELL32.dll
0x00007ffeccc90000 - 0x00007ffecd2d4000 	C:\WINDOWS\system32\windows.storage.dll
0x00007ffeceee0000 - 0x00007ffecef32000 	C:\WINDOWS\system32\shlwapi.dll
0x00007ffecc570000 - 0x00007ffecc57f000 	C:\WINDOWS\system32\kernel.appcore.dll
0x00007ffeccb70000 - 0x00007ffeccc25000 	C:\WINDOWS\system32\shcore.dll
0x00007ffecc500000 - 0x00007ffecc54b000 	C:\WINDOWS\system32\powrprof.dll
0x00007ffecc550000 - 0x00007ffecc564000 	C:\WINDOWS\system32\profapi.dll

VM Arguments:
jvm_args: -Djava.awt.headless=true -Xmx1024M -Dfile.encoding=windows-1252 -Duser.country=US -Duser.language=en -Duser.variant 
java_command: com.android.dx.command.Main --dex --force-jumbo --num-threads=4 --multi-dex --output C:\Users\Kailas\AndroidStudioProjects\AverageWeather\app\build\intermediates\transforms\dex\debug\folders\1000\10\com.android.support-design-23.2.1_c9d3cf0a9fb957f3d711dd0c2aaaccb3d6b42561 C:\Users\Kailas\AndroidStudioProjects\AverageWeather\app\build\intermediates\exploded-aar\com.android.support\design\23.2.1\jars\classes.jar
java_class_path (initial): C:\Users\Kailas\AppData\Local\Android\sdk\build-tools\23.0.2\lib\dx.jar
Launcher Type: SUN_STANDARD

Environment Variables:
JAVA_HOME=C:\Program Files\Java\jdk1.8.0_65
PATH=C:\ProgramData\Oracle\Java\javapath;C:\WINDOWS\system32;C:\WINDOWS;C:\WINDOWS\System32\Wbem;C:\WINDOWS\System32\WindowsPowerShell\v1.0\;C:\Program Files (x86)\ATI Technologies\ATI.ACE\Core-Static;C:\Program Files (x86)\Skype\Phone\;C:\Program Files (x86)\GtkSharp\2.12\bin;C:\Users\Kailas\AppData\Local\atom\bin
USERNAME=Kailas
OS=Windows_NT
PROCESSOR_IDENTIFIER=Intel64 Family 6 Model 94 Stepping 3, GenuineIntel



---------------  S Y S T E M  ---------------

OS: Windows 10.0 , 64 bit Build 10586 (10.0.10586.0)

CPU:total 4 (4 cores per cpu, 1 threads per core) family 6 model 94 stepping 3, cmov, cx8, fxsr, mmx, sse, sse2, sse3, ssse3, sse4.1, sse4.2, popcnt, avx, avx2, aes, clmul, erms, rtm, 3dnowpref, lzcnt, tsc, tscinvbit, bmi1, bmi2, adx

Memory: 4k page, physical 8338436k(328840k free), swap 12777036k(3364k free)

vm_info: Java HotSpot(TM) 64-Bit Server VM (25.65-b01) for windows-amd64 JRE (1.8.0_65-b17), built on Oct  6 2015 16:39:20 by "java_re" with MS VC++ 10.0 (VS2010)

time: Sun Jun 05 18:56:17 2016
elapsed time: 2 seconds (0d 0h 0m 2s)

