#
# There is insufficient memory for the Java Runtime Environment to continue.
# Native memory allocation (malloc) failed to allocate 1006576 bytes for Chunk::new
# Possible reasons:
#   The system is out of physical RAM or swap space
#   In 32 bit mode, the process size limit was hit
# Possible solutions:
#   Reduce memory load on the system
#   Increase physical memory or swap space
#   Check if swap backing store is full
#   Use 64 bit Java on a 64 bit OS
#   Decrease Java heap size (-Xmx/-Xms)
#   Decrease number of Java threads
#   Decrease Java thread stack sizes (-Xss)
#   Set larger code cache with -XX:ReservedCodeCacheSize=
# This output file may be truncated or incomplete.
#
#  Out of Memory Error (allocation.cpp:390), pid=3076, tid=5948
#
# JRE version: Java(TM) SE Runtime Environment (8.0_65-b17) (build 1.8.0_65-b17)
# Java VM: Java HotSpot(TM) 64-Bit Server VM (25.65-b01 mixed mode windows-amd64 compressed oops)
# Failed to write core dump. Minidumps are not enabled by default on client versions of Windows
#

---------------  T H R E A D  ---------------

Current thread (0x00000000149ef000):  JavaThread "C2 CompilerThread0" daemon [_thread_in_native, id=5948, stack(0x0000000015f50000,0x0000000016050000)]

Stack: [0x0000000015f50000,0x0000000016050000]
[error occurred during error reporting (printing stack bounds), id 0xc0000005]

Native frames: (J=compiled Java code, j=interpreted, Vv=VM code, C=native code)


Current CompileTask:
C2:    834 1096   !   4       com.android.dx.cf.code.RopperMachine::run (1550 bytes)


---------------  P R O C E S S  ---------------

Java Threads: ( => current thread )
  0x00000000164b7000 JavaThread "pool-2-thread-4" [_thread_in_Java, id=8492, stack(0x0000000016c50000,0x0000000016d50000)]
  0x00000000164b1000 JavaThread "pool-2-thread-3" [_thread_in_vm, id=5148, stack(0x0000000016b50000,0x0000000016c50000)]
  0x00000000163e4000 JavaThread "pool-2-thread-2" [_thread_blocked, id=12628, stack(0x0000000016a50000,0x0000000016b50000)]
  0x00000000163cd800 JavaThread "pool-3-thread-1" [_thread_blocked, id=10648, stack(0x0000000016950000,0x0000000016a50000)]
  0x0000000016376800 JavaThread "pool-2-thread-1" [_thread_in_Java, id=9012, stack(0x0000000016850000,0x0000000016950000)]
  0x0000000016281000 JavaThread "Service Thread" daemon [_thread_blocked, id=1380, stack(0x0000000016650000,0x0000000016750000)]
  0x00000000149f5800 JavaThread "C1 CompilerThread2" daemon [_thread_blocked, id=12908, stack(0x0000000016150000,0x0000000016250000)]
  0x00000000149f2000 JavaThread "C2 CompilerThread1" daemon [_thread_in_native, id=7524, stack(0x0000000016050000,0x0000000016150000)]
=>0x00000000149ef000 JavaThread "C2 CompilerThread0" daemon [_thread_in_native, id=5948, stack(0x0000000015f50000,0x0000000016050000)]
  0x00000000149ed800 JavaThread "Attach Listener" daemon [_thread_blocked, id=9952, stack(0x0000000015e50000,0x0000000015f50000)]
  0x00000000149ea000 JavaThread "Signal Dispatcher" daemon [_thread_blocked, id=10948, stack(0x0000000015d50000,0x0000000015e50000)]
  0x0000000002311800 JavaThread "Finalizer" daemon [_thread_blocked, id=4784, stack(0x0000000015c50000,0x0000000015d50000)]
  0x000000000230e800 JavaThread "Reference Handler" daemon [_thread_blocked, id=8808, stack(0x0000000015b50000,0x0000000015c50000)]
  0x0000000002221000 JavaThread "main" [_thread_in_Java, id=4756, stack(0x0000000002020000,0x0000000002120000)]

Other Threads:
  0x00000000149b7000 VMThread [stack: 0x0000000015a50000,0x0000000015b50000] [id=11640]
  0x0000000016286000 WatcherThread [stack: 0x0000000016750000,0x0000000016850000] [id=10904]

VM state:not at safepoint (normal execution)

VM Mutex/Monitor currently owned by a thread: None

Heap:
 PSYoungGen      total 71680K, used 28277K [0x00000000eab00000, 0x00000000ef600000, 0x0000000100000000)
  eden space 66560K, 34% used [0x00000000eab00000,0x00000000ec1a5498,0x00000000eec00000)
  from space 5120K, 99% used [0x00000000ef100000,0x00000000ef5f8158,0x00000000ef600000)
  to   space 5120K, 0% used [0x00000000eec00000,0x00000000eec00000,0x00000000ef100000)
 ParOldGen       total 87552K, used 15631K [0x00000000c0000000, 0x00000000c5580000, 0x00000000eab00000)
  object space 87552K, 17% used [0x00000000c0000000,0x00000000c0f43f20,0x00000000c5580000)
 Metaspace       used 5787K, capacity 6896K, committed 7040K, reserved 1056768K
  class space    used 586K, capacity 616K, committed 640K, reserved 1048576K

Card table byte_map: [0x00000000116e0000,0x00000000118f0000] byte_map_base: 0x00000000110e0000

Marking Bits: (ParMarkBitMap*) 0x0000000063f3a5b0
 Begin Bits: [0x0000000011e50000, 0x0000000012e50000)
 End Bits:   [0x0000000012e50000, 0x0000000013e50000)

Polling page: 0x0000000001e60000

CodeCache: size=245760Kb used=4819Kb max_used=4819Kb free=240940Kb
 bounds [0x0000000002320000, 0x00000000027e0000, 0x0000000011320000]
 total_blobs=1433 nmethods=1171 adapters=175
 compilation: enabled

Compilation events (10 events):
Event: 0.781 Thread 0x00000000149f5800 1195       2       com.android.dx.rop.code.LocalVariableExtractor::doit (49 bytes)
Event: 0.781 Thread 0x00000000149f5800 nmethod 1195 0x00000000027d6450 code [0x00000000027d65c0, 0x00000000027d6838]
Event: 0.782 Thread 0x00000000149f5800 1196       2       com.android.dx.util.Bits::isEmpty (26 bytes)
Event: 0.782 Thread 0x00000000149f5800 nmethod 1196 0x00000000027d6a10 code [0x00000000027d6b60, 0x00000000027d6d10]
Event: 0.782 Thread 0x00000000149f5800 1197       2       com.android.dx.rop.type.Prototype::compareTo (120 bytes)
Event: 0.782 Thread 0x00000000149f5800 nmethod 1197 0x00000000027d6e10 code [0x00000000027d6fc0, 0x00000000027d7398]
Event: 0.783 Thread 0x00000000149f5800 1198       2       com.android.dx.cf.code.BasicBlocker::getBlockList (208 bytes)
Event: 0.783 Thread 0x00000000149f5800 nmethod 1198 0x00000000027d78d0 code [0x00000000027d7ac0, 0x00000000027d82e8]
Event: 0.786 Thread 0x00000000149f5800 1199       1       com.android.dx.rop.cst.TypedConstant::getFrameType (2 bytes)
Event: 0.786 Thread 0x00000000149f5800 nmethod 1199 0x00000000027d8b50 code [0x00000000027d8ca0, 0x00000000027d8db0]

GC Heap History (4 events):
Event: 0.552 GC heap before
{Heap before GC invocations=1 (full 0):
 PSYoungGen      total 38400K, used 33280K [0x00000000eab00000, 0x00000000ed580000, 0x0000000100000000)
  eden space 33280K, 100% used [0x00000000eab00000,0x00000000ecb80000,0x00000000ecb80000)
  from space 5120K, 0% used [0x00000000ed080000,0x00000000ed080000,0x00000000ed580000)
  to   space 5120K, 0% used [0x00000000ecb80000,0x00000000ecb80000,0x00000000ed080000)
 ParOldGen       total 87552K, used 0K [0x00000000c0000000, 0x00000000c5580000, 0x00000000eab00000)
  object space 87552K, 0% used [0x00000000c0000000,0x00000000c0000000,0x00000000c5580000)
 Metaspace       used 5709K, capacity 6832K, committed 7040K, reserved 1056768K
  class space    used 586K, capacity 616K, committed 640K, reserved 1048576K
Event: 0.566 GC heap after
Heap after GC invocations=1 (full 0):
 PSYoungGen      total 38400K, used 5096K [0x00000000eab00000, 0x00000000ef600000, 0x0000000100000000)
  eden space 33280K, 0% used [0x00000000eab00000,0x00000000eab00000,0x00000000ecb80000)
  from space 5120K, 99% used [0x00000000ecb80000,0x00000000ed07a368,0x00000000ed080000)
  to   space 5120K, 0% used [0x00000000ef100000,0x00000000ef100000,0x00000000ef600000)
 ParOldGen       total 87552K, used 2844K [0x00000000c0000000, 0x00000000c5580000, 0x00000000eab00000)
  object space 87552K, 3% used [0x00000000c0000000,0x00000000c02c7260,0x00000000c5580000)
 Metaspace       used 5709K, capacity 6832K, committed 7040K, reserved 1056768K
  class space    used 586K, capacity 616K, committed 640K, reserved 1048576K
}
Event: 0.711 GC heap before
{Heap before GC invocations=2 (full 0):
 PSYoungGen      total 38400K, used 38376K [0x00000000eab00000, 0x00000000ef600000, 0x0000000100000000)
  eden space 33280K, 100% used [0x00000000eab00000,0x00000000ecb80000,0x00000000ecb80000)
  from space 5120K, 99% used [0x00000000ecb80000,0x00000000ed07a368,0x00000000ed080000)
  to   space 5120K, 0% used [0x00000000ef100000,0x00000000ef100000,0x00000000ef600000)
 ParOldGen       total 87552K, used 2844K [0x00000000c0000000, 0x00000000c5580000, 0x00000000eab00000)
  object space 87552K, 3% used [0x00000000c0000000,0x00000000c02c7260,0x00000000c5580000)
 Metaspace       used 5734K, capacity 6832K, committed 7040K, reserved 1056768K
  class space    used 586K, capacity 616K, committed 640K, reserved 1048576K
Event: 0.722 GC heap after
Heap after GC invocations=2 (full 0):
 PSYoungGen      total 71680K, used 5088K [0x00000000eab00000, 0x00000000ef600000, 0x0000000100000000)
  eden space 66560K, 0% used [0x00000000eab00000,0x00000000eab00000,0x00000000eec00000)
  from space 5120K, 99% used [0x00000000ef100000,0x00000000ef5f8158,0x00000000ef600000)
  to   space 5120K, 0% used [0x00000000eec00000,0x00000000eec00000,0x00000000ef100000)
 ParOldGen       total 87552K, used 15631K [0x00000000c0000000, 0x00000000c5580000, 0x00000000eab00000)
  object space 87552K, 17% used [0x00000000c0000000,0x00000000c0f43f20,0x00000000c5580000)
 Metaspace       used 5734K, capacity 6832K, committed 7040K, reserved 1056768K
  class space    used 586K, capacity 616K, committed 640K, reserved 1048576K
}

Deoptimization events (10 events):
Event: 0.279 Thread 0x00000000164b1000 Uncommon trap: reason=class_check action=maybe_recompile pc=0x00000000024f41e0 method=java.util.HashMap.getNode(ILjava/lang/Object;)Ljava/util/HashMap$Node; @ 126
Event: 0.286 Thread 0x0000000016376800 Uncommon trap: reason=unstable_if action=reinterpret pc=0x00000000024fefb4 method=java.util.HashMap.getNode(ILjava/lang/Object;)Ljava/util/HashMap$Node; @ 62
Event: 0.341 Thread 0x00000000164b1000 Uncommon trap: reason=unstable_if action=reinterpret pc=0x0000000002591554 method=java.util.HashMap.getNode(ILjava/lang/Object;)Ljava/util/HashMap$Node; @ 129
Event: 0.341 Thread 0x00000000163e4000 Uncommon trap: reason=class_check action=maybe_recompile pc=0x0000000002591c30 method=com.android.dx.ssa.NormalSsaInsn.accept(Lcom/android/dx/ssa/SsaInsn$Visitor;)V @ 9
Event: 0.417 Thread 0x00000000163e4000 Uncommon trap: reason=null_check action=make_not_entrant pc=0x0000000002681994 method=com.android.dx.ssa.SsaRenamer.getLocalForNewReg(I)Lcom/android/dx/rop/code/LocalItem; @ 19
Event: 0.426 Thread 0x00000000163e4000 Uncommon trap: reason=class_check action=maybe_recompile pc=0x0000000002591c30 method=com.android.dx.ssa.NormalSsaInsn.accept(Lcom/android/dx/ssa/SsaInsn$Visitor;)V @ 9
Event: 0.495 Thread 0x00000000164b1000 Uncommon trap: reason=unstable_if action=reinterpret pc=0x00000000026b2638 method=com.android.dx.cf.code.Ropper.labelToResultIndex(I)I @ 34
Event: 0.594 Thread 0x0000000016376800 Uncommon trap: reason=bimorphic action=maybe_recompile pc=0x0000000002537424 method=java.util.HashMap.getNode(ILjava/lang/Object;)Ljava/util/HashMap$Node; @ 126
Event: 0.594 Thread 0x0000000016376800 Uncommon trap: reason=bimorphic action=maybe_recompile pc=0x0000000002537424 method=java.util.HashMap.getNode(ILjava/lang/Object;)Ljava/util/HashMap$Node; @ 126
Event: 0.610 Thread 0x00000000163e4000 Uncommon trap: reason=unstable_if action=reinterpret pc=0x0000000002719eec method=com.android.dx.cf.code.BasicBlocker.addWorkIfNecessary(IZ)V @ 8

Internal exceptions (3 events):
Event: 0.091 Thread 0x0000000002221000 Exception <a 'java/lang/NoSuchMethodError': Method sun.misc.Unsafe.defineClass(Ljava/lang/String;[BII)Ljava/lang/Class; name or signature does not match> (0x00000000eab0d3c8) thrown at [C:\workspace\8-2-build-windows-amd64-cygwin\jdk8u65\4987\hotspot\src\s€B( ¡]∑?
Event: 0.091 Thread 0x0000000002221000 Exception <a 'java/lang/NoSuchMethodError': Method sun.misc.Unsafe.prefetchRead(Ljava/lang/Object;J)V name or signature does not match> (0x00000000eab0d6b0) thrown at [C:\workspace\8-2-build-windows-amd64-cygwin\jdk8u65\4987\hotspot\src\share\vm\prims\jni.‚
Event: 0.417 Thread 0x00000000163e4000 Implicit null exception at 0x000000000267fc4c to 0x0000000002681951

Events (10 events):
Event: 0.729 Thread 0x00000000164b1000 DEOPT PACKING pc=0x000000000263fc0c sp=0x0000000016c4ea20
Event: 0.729 Thread 0x00000000164b1000 DEOPT UNPACKING pc=0x000000000236787f sp=0x0000000016c4e748 mode 0
Event: 0.738 Thread 0x0000000002221000 DEOPT PACKING pc=0x000000000279ba18 sp=0x000000000211df20
Event: 0.738 Thread 0x0000000002221000 DEOPT UNPACKING pc=0x000000000236787f sp=0x000000000211dd48 mode 0
Event: 0.738 Thread 0x00000000164b7000 DEOPT PACKING pc=0x0000000002666297 sp=0x0000000016d4e5b0
Event: 0.738 Thread 0x00000000164b7000 DEOPT UNPACKING pc=0x000000000236787f sp=0x0000000016d4e3a0 mode 0
Event: 0.753 Thread 0x00000000163e4000 DEOPT PACKING pc=0x00000000027af981 sp=0x0000000016b4ec80
Event: 0.753 Thread 0x00000000163e4000 DEOPT UNPACKING pc=0x000000000236787f sp=0x0000000016b4ea50 mode 0
Event: 0.763 Thread 0x00000000163e4000 DEOPT PACKING pc=0x0000000002666297 sp=0x0000000016b4eb20
Event: 0.763 Thread 0x00000000163e4000 DEOPT UNPACKING pc=0x000000000236787f sp=0x0000000016b4e900 mode 0


Dynamic libraries:
0x00007ff7893c0000 - 0x00007ff7893f7000 	C:\Program Files\Java\jdk1.8.0_65\bin\java.exe
0x00007ff8f6500000 - 0x00007ff8f66c1000 	C:\WINDOWS\SYSTEM32\ntdll.dll
0x00007ff8f3900000 - 0x00007ff8f39ad000 	C:\WINDOWS\system32\KERNEL32.DLL
0x00007ff8f34e0000 - 0x00007ff8f36c8000 	C:\WINDOWS\system32\KERNELBASE.dll
0x00007ff8f3cd0000 - 0x00007ff8f3d77000 	C:\WINDOWS\system32\ADVAPI32.dll
0x00007ff8f45d0000 - 0x00007ff8f466d000 	C:\WINDOWS\system32\msvcrt.dll
0x00007ff8f42d0000 - 0x00007ff8f432b000 	C:\WINDOWS\system32\sechost.dll
0x00007ff8f4c30000 - 0x00007ff8f4d4c000 	C:\WINDOWS\system32\RPCRT4.dll
0x00007ff8f4ad0000 - 0x00007ff8f4c26000 	C:\WINDOWS\system32\USER32.dll
0x00007ff8f4440000 - 0x00007ff8f45c6000 	C:\WINDOWS\system32\GDI32.dll
0x00007ff8e4690000 - 0x00007ff8e4904000 	C:\WINDOWS\WinSxS\amd64_microsoft.windows.common-controls_6595b64144ccf1df_6.0.10586.0_none_8c15ae12515e1c22\COMCTL32.dll
0x00007ff8f3a50000 - 0x00007ff8f3ccd000 	C:\WINDOWS\system32\combase.dll
0x00007ff8f36d0000 - 0x00007ff8f373a000 	C:\WINDOWS\system32\bcryptPrimitives.dll
0x00007ff8f39b0000 - 0x00007ff8f39eb000 	C:\WINDOWS\system32\IMM32.DLL
0x0000000062e80000 - 0x0000000062f52000 	C:\Program Files\Java\jdk1.8.0_65\jre\bin\msvcr100.dll
0x0000000063730000 - 0x0000000063fb9000 	C:\Program Files\Java\jdk1.8.0_65\jre\bin\server\jvm.dll
0x00007ff8f64f0000 - 0x00007ff8f64f8000 	C:\WINDOWS\system32\PSAPI.DLL
0x00007ff8eec50000 - 0x00007ff8eec59000 	C:\WINDOWS\SYSTEM32\WSOCK32.dll
0x00007ff8f6480000 - 0x00007ff8f64eb000 	C:\WINDOWS\system32\WS2_32.dll
0x00007ff8f0e30000 - 0x00007ff8f0e53000 	C:\WINDOWS\SYSTEM32\WINMM.dll
0x00007ff8ef8b0000 - 0x00007ff8ef8ba000 	C:\WINDOWS\SYSTEM32\VERSION.dll
0x00007ff8f0e00000 - 0x00007ff8f0e2c000 	C:\WINDOWS\SYSTEM32\WINMMBASE.dll
0x00007ff8f3740000 - 0x00007ff8f3783000 	C:\WINDOWS\system32\cfgmgr32.dll
0x0000000063640000 - 0x000000006364f000 	C:\Program Files\Java\jdk1.8.0_65\jre\bin\verify.dll
0x0000000063610000 - 0x0000000063639000 	C:\Program Files\Java\jdk1.8.0_65\jre\bin\java.dll
0x00000000635f0000 - 0x0000000063606000 	C:\Program Files\Java\jdk1.8.0_65\jre\bin\zip.dll
0x00007ff8f4dd0000 - 0x00007ff8f632c000 	C:\WINDOWS\system32\SHELL32.dll
0x00007ff8f2c40000 - 0x00007ff8f3284000 	C:\WINDOWS\system32\windows.storage.dll
0x00007ff8f39f0000 - 0x00007ff8f3a42000 	C:\WINDOWS\system32\shlwapi.dll
0x00007ff8f2b90000 - 0x00007ff8f2b9f000 	C:\WINDOWS\system32\kernel.appcore.dll
0x00007ff8f3840000 - 0x00007ff8f38f5000 	C:\WINDOWS\system32\shcore.dll
0x00007ff8f2b20000 - 0x00007ff8f2b6b000 	C:\WINDOWS\system32\powrprof.dll
0x00007ff8f2b70000 - 0x00007ff8f2b84000 	C:\WINDOWS\system32\profapi.dll

VM Arguments:
jvm_args: -Djava.awt.headless=true -Xmx1024M -Dfile.encoding=windows-1252 -Duser.country=US -Duser.language=en -Duser.variant 
java_command: com.android.dx.command.Main --dex --force-jumbo --num-threads=4 --multi-dex --output C:\Users\Kailas\AndroidStudioProjects\AverageWeather\app\build\intermediates\transforms\dex\debug\folders\1000\5\slice_1 C:\Users\Kailas\AndroidStudioProjects\AverageWeather\app\build\intermediates\transforms\instantRunSlicer\debug\folders\1\5\slice_1
java_class_path (initial): C:\Users\Kailas\AppData\Local\Android\sdk\build-tools\23.0.2\lib\dx.jar
Launcher Type: SUN_STANDARD

Environment Variables:
JAVA_HOME=C:\Program Files\Java\jdk1.8.0_65
PATH=C:\Program Files (x86)\NVIDIA Corporation\PhysX\Common;C:\ProgramData\Oracle\Java\javapath;C:\WINDOWS\system32;C:\WINDOWS;C:\WINDOWS\System32\Wbem;C:\WINDOWS\System32\WindowsPowerShell\v1.0\;C:\Program Files (x86)\ATI Technologies\ATI.ACE\Core-Static;C:\Program Files (x86)\Skype\Phone\;C:\Program Files (x86)\GtkSharp\2.12\bin;C:\Users\Kailas\AppData\Local\atom\bin
USERNAME=Kailas
OS=Windows_NT
PROCESSOR_IDENTIFIER=Intel64 Family 6 Model 94 Stepping 3, GenuineIntel



---------------  S Y S T E M  ---------------

OS: Windows 10.0 , 64 bit Build 10586 (10.0.10586.0)

CPU:total 4 (4 cores per cpu, 1 threads per core) family 6 model 94 stepping 3, cmov, cx8, fxsr, mmx, sse, sse2, sse3, ssse3, sse4.1, sse4.2, popcnt, avx, avx2, aes, clmul, erms, rtm, 3dnowpref, lzcnt, tsc, tscinvbit, bmi1, bmi2, adx

Memory: 4k page, physical 8338436k(948612k free), swap 14837888k(7544k free)

vm_info: Java HotSpot(TM) 64-Bit Server VM (25.65-b01) for windows-amd64 JRE (1.8.0_65-b17), built on Oct  6 2015 16:39:20 by "java_re" with MS VC++ 10.0 (VS2010)

time: Tue Jun 28 13:15:09 2016
elapsed time: 0 seconds (0d 0h 0m 0s)

