#
# There is insufficient memory for the Java Runtime Environment to continue.
# Native memory allocation (malloc) failed to allocate 505584 bytes for Chunk::new
# Possible reasons:
#   The system is out of physical RAM or swap space
#   In 32 bit mode, the process size limit was hit
# Possible solutions:
#   Reduce memory load on the system
#   Increase physical memory or swap space
#   Check if swap backing store is full
#   Use 64 bit Java on a 64 bit OS
#   Decrease Java heap size (-Xmx/-Xms)
#   Decrease number of Java threads
#   Decrease Java thread stack sizes (-Xss)
#   Set larger code cache with -XX:ReservedCodeCacheSize=
# This output file may be truncated or incomplete.
#
#  Out of Memory Error (allocation.cpp:390), pid=3872, tid=7324
#
# JRE version: Java(TM) SE Runtime Environment (8.0_65-b17) (build 1.8.0_65-b17)
# Java VM: Java HotSpot(TM) 64-Bit Server VM (25.65-b01 mixed mode windows-amd64 compressed oops)
# Failed to write core dump. Minidumps are not enabled by default on client versions of Windows
#

---------------  T H R E A D  ---------------

Current thread (0x0000000014dcc800):  JavaThread "C2 CompilerThread0" daemon [_thread_in_native, id=7324, stack(0x0000000016410000,0x0000000016510000)]

Stack: [0x0000000016410000,0x0000000016510000]
[error occurred during error reporting (printing stack bounds), id 0xc0000005]

Native frames: (J=compiled Java code, j=interpreted, Vv=VM code, C=native code)


Current CompileTask:
C2:   3486 1240   !   4       com.android.dx.cf.code.BytecodeArray::parseInstruction (2764 bytes)


---------------  P R O C E S S  ---------------

Java Threads: ( => current thread )
  0x0000000016981800 JavaThread "pool-2-thread-4" [_thread_blocked, id=11416, stack(0x0000000017110000,0x0000000017210000)]
  0x0000000016975800 JavaThread "pool-2-thread-3" [_thread_blocked, id=4312, stack(0x0000000017010000,0x0000000017110000)]
  0x0000000016974800 JavaThread "pool-2-thread-2" [_thread_blocked, id=9132, stack(0x0000000016f10000,0x0000000017010000)]
  0x0000000016971800 JavaThread "pool-3-thread-1" [_thread_blocked, id=12812, stack(0x0000000016e10000,0x0000000016f10000)]
  0x0000000016971000 JavaThread "pool-2-thread-1" [_thread_blocked, id=12816, stack(0x0000000016d10000,0x0000000016e10000)]
  0x0000000016716000 JavaThread "Service Thread" daemon [_thread_blocked, id=10436, stack(0x0000000016b10000,0x0000000016c10000)]
  0x0000000014e2c000 JavaThread "C1 CompilerThread2" daemon [_thread_blocked, id=10812, stack(0x0000000016610000,0x0000000016710000)]
  0x0000000014e0d800 JavaThread "C2 CompilerThread1" daemon [_thread_blocked, id=7392, stack(0x0000000016510000,0x0000000016610000)]
=>0x0000000014dcc800 JavaThread "C2 CompilerThread0" daemon [_thread_in_native, id=7324, stack(0x0000000016410000,0x0000000016510000)]
  0x0000000014dca800 JavaThread "Attach Listener" daemon [_thread_blocked, id=9676, stack(0x0000000016310000,0x0000000016410000)]
  0x0000000014dc9000 JavaThread "Signal Dispatcher" daemon [_thread_blocked, id=8644, stack(0x0000000016210000,0x0000000016310000)]
  0x00000000026f0800 JavaThread "Finalizer" daemon [_thread_blocked, id=3128, stack(0x0000000016030000,0x0000000016130000)]
  0x00000000026ed000 JavaThread "Reference Handler" daemon [_thread_blocked, id=12308, stack(0x0000000015f30000,0x0000000016030000)]
  0x0000000002601000 JavaThread "main" [_thread_blocked, id=12508, stack(0x0000000002400000,0x0000000002500000)]

Other Threads:
  0x0000000014d98000 VMThread [stack: 0x0000000015e30000,0x0000000015f30000] [id=868]
  0x0000000016722000 WatcherThread [stack: 0x0000000016c10000,0x0000000016d10000] [id=4008]

VM state:not at safepoint (normal execution)

VM Mutex/Monitor currently owned by a thread:  ([mutex/lock_event])
[0x00000000025fc0f0] Heap_lock - owner thread: 0x0000000016975800

Heap:
 PSYoungGen      total 38400K, used 5095K [0x00000000eab00000, 0x00000000ef600000, 0x0000000100000000)
  eden space 33280K, 0% used [0x00000000eab00000,0x00000000eab00020,0x00000000ecb80000)
  from space 5120K, 99% used [0x00000000ecb80000,0x00000000ed079eb8,0x00000000ed080000)
  to   space 5120K, 0% used [0x00000000ef100000,0x00000000ef100000,0x00000000ef600000)
 ParOldGen       total 87552K, used 887K [0x00000000c0000000, 0x00000000c5580000, 0x00000000eab00000)
  object space 87552K, 1% used [0x00000000c0000000,0x00000000c00ddfc8,0x00000000c5580000)
 Metaspace       used 6038K, capacity 6960K, committed 7040K, reserved 1056768K
  class space    used 602K, capacity 616K, committed 640K, reserved 1048576K

Card table byte_map: [0x0000000011ac0000,0x0000000011cd0000] byte_map_base: 0x00000000114c0000

Marking Bits: (ParMarkBitMap*) 0x0000000063f3a5b0
 Begin Bits: [0x0000000012230000, 0x0000000013230000)
 End Bits:   [0x0000000013230000, 0x0000000014230000)

Polling page: 0x00000000008a0000

CodeCache: size=245760Kb used=5058Kb max_used=5058Kb free=240702Kb
 bounds [0x0000000002700000, 0x0000000002c00000, 0x0000000011700000]
 total_blobs=1519 nmethods=1250 adapters=182
 compilation: enabled

Compilation events (10 events):
Event: 3.247 Thread 0x0000000014e2c000 nmethod 1249 0x0000000002beff50 code [0x0000000002bf0140, 0x0000000002bf0d48]
Event: 3.247 Thread 0x0000000014e2c000 1250       3       com.android.dx.cf.code.ConcreteMethod::getMaxLocals (8 bytes)
Event: 3.248 Thread 0x0000000014e2c000 nmethod 1250 0x0000000002befb50 code [0x0000000002befca0, 0x0000000002befe90]
Event: 3.248 Thread 0x0000000014e2c000 1251       3       com.android.dx.ssa.BasicRegisterMapper::<init> (17 bytes)
Event: 3.248 Thread 0x0000000014e2c000 nmethod 1251 0x0000000002bd7810 code [0x0000000002bd7980, 0x0000000002bd7c48]
Event: 3.248 Thread 0x0000000014e2c000 1253  s    3       com.android.dx.dex.file.TypeIdsSection::intern (60 bytes)
Event: 3.248 Thread 0x0000000014e2c000 nmethod 1253 0x0000000002bf2d90 code [0x0000000002bf2fc0, 0x0000000002bf3c88]
Event: 3.249 Thread 0x0000000014e2c000 1254       3       com.android.dx.rop.code.RegisterSpecList::make (17 bytes)
Event: 3.249 Thread 0x0000000014e2c000 nmethod 1254 0x0000000002bf4310 code [0x0000000002bf44e0, 0x0000000002bf4da8]
Event: 3.251 Thread 0x0000000014e2c000 1256       3       com.android.dx.ssa.back.InterferenceGraph::<init> (42 bytes)

GC Heap History (2 events):
Event: 3.251 GC heap before
{Heap before GC invocations=1 (full 0):
 PSYoungGen      total 38400K, used 33280K [0x00000000eab00000, 0x00000000ed580000, 0x0000000100000000)
  eden space 33280K, 100% used [0x00000000eab00000,0x00000000ecb80000,0x00000000ecb80000)
  from space 5120K, 0% used [0x00000000ed080000,0x00000000ed080000,0x00000000ed580000)
  to   space 5120K, 0% used [0x00000000ecb80000,0x00000000ecb80000,0x00000000ed080000)
 ParOldGen       total 87552K, used 0K [0x00000000c0000000, 0x00000000c5580000, 0x00000000eab00000)
  object space 87552K, 0% used [0x00000000c0000000,0x00000000c0000000,0x00000000c5580000)
 Metaspace       used 6038K, capacity 6960K, committed 7040K, reserved 1056768K
  class space    used 602K, capacity 616K, committed 640K, reserved 1048576K
Event: 3.441 GC heap after
Heap after GC invocations=1 (full 0):
 PSYoungGen      total 38400K, used 5095K [0x00000000eab00000, 0x00000000ef600000, 0x0000000100000000)
  eden space 33280K, 0% used [0x00000000eab00000,0x00000000eab00000,0x00000000ecb80000)
  from space 5120K, 99% used [0x00000000ecb80000,0x00000000ed079eb8,0x00000000ed080000)
  to   space 5120K, 0% used [0x00000000ef100000,0x00000000ef100000,0x00000000ef600000)
 ParOldGen       total 87552K, used 887K [0x00000000c0000000, 0x00000000c5580000, 0x00000000eab00000)
  object space 87552K, 1% used [0x00000000c0000000,0x00000000c00ddfc8,0x00000000c5580000)
 Metaspace       used 6038K, capacity 6960K, committed 7040K, reserved 1056768K
  class space    used 602K, capacity 616K, committed 640K, reserved 1048576K
}

Deoptimization events (7 events):
Event: 1.308 Thread 0x0000000002601000 Uncommon trap: reason=unstable_if action=reinterpret pc=0x000000000285f3d4 method=java.lang.String.compareTo(Ljava/lang/String;)I @ 38
Event: 2.205 Thread 0x0000000016971000 Uncommon trap: reason=unstable_if action=reinterpret pc=0x000000000293dbe0 method=java.util.HashMap.getNode(ILjava/lang/Object;)Ljava/util/HashMap$Node; @ 129
Event: 2.914 Thread 0x0000000002601000 Uncommon trap: reason=bimorphic action=maybe_recompile pc=0x00000000029f1cb0 method=java.util.HashMap.getNode(ILjava/lang/Object;)Ljava/util/HashMap$Node; @ 126
Event: 3.066 Thread 0x0000000016971000 Uncommon trap: reason=unstable_if action=reinterpret pc=0x0000000002aae144 method=com.android.dx.rop.code.RegisterSpec.equals(ILcom/android/dx/rop/type/TypeBearer;Lcom/android/dx/rop/code/LocalItem;)Z @ 42
Event: 3.130 Thread 0x0000000016971000 Uncommon trap: reason=bimorphic action=maybe_recompile pc=0x00000000029f1cb0 method=java.util.HashMap.getNode(ILjava/lang/Object;)Ljava/util/HashMap$Node; @ 126
Event: 3.230 Thread 0x0000000016981800 Uncommon trap: reason=unstable_if action=reinterpret pc=0x0000000002af136c method=com.android.dx.rop.code.RegisterSpecSet.put(Lcom/android/dx/rop/code/RegisterSpec;)V @ 77
Event: 3.230 Thread 0x0000000016981800 Uncommon trap: reason=unstable_if action=reinterpret pc=0x0000000002b40b24 method=com.android.dx.rop.code.RegisterSpecSet.put(Lcom/android/dx/rop/code/RegisterSpec;)V @ 77

Internal exceptions (2 events):
Event: 0.172 Thread 0x0000000002601000 Exception <a 'java/lang/NoSuchMethodError': Method sun.misc.Unsafe.defineClass(Ljava/lang/String;[BII)Ljava/lang/Class; name or signature does not match> (0x00000000eab0d480) thrown at [C:\workspace\8-2-build-windows-amd64-cygwin\jdk8u65\4987\hotspot\src\sdﬂ]^
∆?
Event: 0.172 Thread 0x0000000002601000 Exception <a 'java/lang/NoSuchMethodError': Method sun.misc.Unsafe.prefetchRead(Ljava/lang/Object;J)V name or signature does not match> (0x00000000eab0d768) thrown at [C:\workspace\8-2-build-windows-amd64-cygwin\jdk8u65\4987\hotspot\src\share\vm\prims\jni.

Events (10 events):
Event: 3.230 Thread 0x0000000016981800 Uncommon trap: trap_request=0xffffff65 fr.pc=0x0000000002af136c
Event: 3.230 Thread 0x0000000016981800 DEOPT PACKING pc=0x0000000002af136c sp=0x000000001720e8c0
Event: 3.230 Thread 0x0000000016981800 DEOPT UNPACKING pc=0x000000000274582a sp=0x000000001720e848 mode 2
Event: 3.230 Thread 0x0000000016981800 Uncommon trap: trap_request=0xffffff65 fr.pc=0x0000000002b40b24
Event: 3.230 Thread 0x0000000016981800 DEOPT PACKING pc=0x0000000002b40b24 sp=0x000000001720e8b0
Event: 3.230 Thread 0x0000000016981800 DEOPT UNPACKING pc=0x000000000274582a sp=0x000000001720e7d0 mode 2
Event: 3.233 loading class com/android/dx/dex/file/FieldAnnotationStruct
Event: 3.233 loading class com/android/dx/dex/file/FieldAnnotationStruct done
Event: 3.251 Executing VM operation: ParallelGCFailedAllocation
Event: 3.441 Executing VM operation: ParallelGCFailedAllocation done


Dynamic libraries:
0x00007ff7893c0000 - 0x00007ff7893f7000 	C:\Program Files\Java\jdk1.8.0_65\bin\java.exe
0x00007ff8f6500000 - 0x00007ff8f66c1000 	C:\WINDOWS\SYSTEM32\ntdll.dll
0x00007ff8f3900000 - 0x00007ff8f39ad000 	C:\WINDOWS\system32\KERNEL32.DLL
0x00007ff8f34e0000 - 0x00007ff8f36c8000 	C:\WINDOWS\system32\KERNELBASE.dll
0x00007ff8f3cd0000 - 0x00007ff8f3d77000 	C:\WINDOWS\system32\ADVAPI32.dll
0x00007ff8f45d0000 - 0x00007ff8f466d000 	C:\WINDOWS\system32\msvcrt.dll
0x00007ff8f42d0000 - 0x00007ff8f432b000 	C:\WINDOWS\system32\sechost.dll
0x00007ff8f4c30000 - 0x00007ff8f4d4c000 	C:\WINDOWS\system32\RPCRT4.dll
0x00007ff8f4ad0000 - 0x00007ff8f4c26000 	C:\WINDOWS\system32\USER32.dll
0x00007ff8f4440000 - 0x00007ff8f45c6000 	C:\WINDOWS\system32\GDI32.dll
0x00007ff8e4690000 - 0x00007ff8e4904000 	C:\WINDOWS\WinSxS\amd64_microsoft.windows.common-controls_6595b64144ccf1df_6.0.10586.0_none_8c15ae12515e1c22\COMCTL32.dll
0x00007ff8f3a50000 - 0x00007ff8f3ccd000 	C:\WINDOWS\system32\combase.dll
0x00007ff8f36d0000 - 0x00007ff8f373a000 	C:\WINDOWS\system32\bcryptPrimitives.dll
0x00007ff8f39b0000 - 0x00007ff8f39eb000 	C:\WINDOWS\system32\IMM32.DLL
0x0000000062e80000 - 0x0000000062f52000 	C:\Program Files\Java\jdk1.8.0_65\jre\bin\msvcr100.dll
0x0000000063730000 - 0x0000000063fb9000 	C:\Program Files\Java\jdk1.8.0_65\jre\bin\server\jvm.dll
0x00007ff8f64f0000 - 0x00007ff8f64f8000 	C:\WINDOWS\system32\PSAPI.DLL
0x00007ff8f0e30000 - 0x00007ff8f0e53000 	C:\WINDOWS\SYSTEM32\WINMM.dll
0x00007ff8e4d30000 - 0x00007ff8e4d39000 	C:\WINDOWS\SYSTEM32\WSOCK32.dll
0x00007ff8f6480000 - 0x00007ff8f64eb000 	C:\WINDOWS\system32\WS2_32.dll
0x00007ff8ef8b0000 - 0x00007ff8ef8ba000 	C:\WINDOWS\SYSTEM32\VERSION.dll
0x00007ff8f0e00000 - 0x00007ff8f0e2c000 	C:\WINDOWS\SYSTEM32\WINMMBASE.dll
0x00007ff8f3740000 - 0x00007ff8f3783000 	C:\WINDOWS\system32\cfgmgr32.dll
0x0000000063640000 - 0x000000006364f000 	C:\Program Files\Java\jdk1.8.0_65\jre\bin\verify.dll
0x0000000063610000 - 0x0000000063639000 	C:\Program Files\Java\jdk1.8.0_65\jre\bin\java.dll
0x00000000635f0000 - 0x0000000063606000 	C:\Program Files\Java\jdk1.8.0_65\jre\bin\zip.dll
0x00007ff8f4dd0000 - 0x00007ff8f632c000 	C:\WINDOWS\system32\SHELL32.dll
0x00007ff8f2c40000 - 0x00007ff8f3284000 	C:\WINDOWS\system32\windows.storage.dll
0x00007ff8f39f0000 - 0x00007ff8f3a42000 	C:\WINDOWS\system32\shlwapi.dll
0x00007ff8f2b90000 - 0x00007ff8f2b9f000 	C:\WINDOWS\system32\kernel.appcore.dll
0x00007ff8f3840000 - 0x00007ff8f38f5000 	C:\WINDOWS\system32\shcore.dll
0x00007ff8f2b20000 - 0x00007ff8f2b6b000 	C:\WINDOWS\system32\powrprof.dll
0x00007ff8f2b70000 - 0x00007ff8f2b84000 	C:\WINDOWS\system32\profapi.dll

VM Arguments:
jvm_args: -Djava.awt.headless=true -Xmx1024M -Dfile.encoding=windows-1252 -Duser.country=US -Duser.language=en -Duser.variant 
java_command: com.android.dx.command.Main --dex --force-jumbo --num-threads=4 --multi-dex --output C:\Users\Kailas\AndroidStudioProjects\AverageWeather\app\build\intermediates\transforms\dex\debug\folders\1000\10\com.android.support-appcompat-v7-23.2.1_ba1154cdc8effa6dc86f7d6119b4417d02956070 C:\Users\Kailas\AndroidStudioProjects\AverageWeather\app\build\intermediates\exploded-aar\com.android.support\appcompat-v7\23.2.1\jars\classes.jar
java_class_path (initial): C:\Users\Kailas\AppData\Local\Android\sdk\build-tools\23.0.2\lib\dx.jar
Launcher Type: SUN_STANDARD

Environment Variables:
JAVA_HOME=C:\Program Files\Java\jdk1.8.0_65
PATH=C:\Program Files (x86)\NVIDIA Corporation\PhysX\Common;C:\ProgramData\Oracle\Java\javapath;C:\WINDOWS\system32;C:\WINDOWS;C:\WINDOWS\System32\Wbem;C:\WINDOWS\System32\WindowsPowerShell\v1.0\;C:\Program Files (x86)\ATI Technologies\ATI.ACE\Core-Static;C:\Program Files (x86)\Skype\Phone\;C:\Program Files (x86)\GtkSharp\2.12\bin;C:\Users\Kailas\AppData\Local\atom\bin
USERNAME=Kailas
OS=Windows_NT
PROCESSOR_IDENTIFIER=Intel64 Family 6 Model 94 Stepping 3, GenuineIntel



---------------  S Y S T E M  ---------------

OS: Windows 10.0 , 64 bit Build 10586 (10.0.10586.0)

CPU:total 4 (4 cores per cpu, 1 threads per core) family 6 model 94 stepping 3, cmov, cx8, fxsr, mmx, sse, sse2, sse3, ssse3, sse4.1, sse4.2, popcnt, avx, avx2, aes, clmul, erms, rtm, 3dnowpref, lzcnt, tsc, tscinvbit, bmi1, bmi2, adx

Memory: 4k page, physical 8338436k(842460k free), swap 14837888k(5408k free)

vm_info: Java HotSpot(TM) 64-Bit Server VM (25.65-b01) for windows-amd64 JRE (1.8.0_65-b17), built on Oct  6 2015 16:39:20 by "java_re" with MS VC++ 10.0 (VS2010)

time: Tue Jun 28 11:32:40 2016
elapsed time: 3 seconds (0d 0h 0m 3s)

