#
# There is insufficient memory for the Java Runtime Environment to continue.
# Native memory allocation (malloc) failed to allocate 32744 bytes for ChunkPool::allocate
# Possible reasons:
#   The system is out of physical RAM or swap space
#   In 32 bit mode, the process size limit was hit
# Possible solutions:
#   Reduce memory load on the system
#   Increase physical memory or swap space
#   Check if swap backing store is full
#   Use 64 bit Java on a 64 bit OS
#   Decrease Java heap size (-Xmx/-Xms)
#   Decrease number of Java threads
#   Decrease Java thread stack sizes (-Xss)
#   Set larger code cache with -XX:ReservedCodeCacheSize=
# This output file may be truncated or incomplete.
#
#  Out of Memory Error (allocation.cpp:273), pid=11828, tid=12844
#
# JRE version: Java(TM) SE Runtime Environment (8.0_65-b17) (build 1.8.0_65-b17)
# Java VM: Java HotSpot(TM) 64-Bit Server VM (25.65-b01 mixed mode windows-amd64 compressed oops)
# Failed to write core dump. Minidumps are not enabled by default on client versions of Windows
#

---------------  T H R E A D  ---------------

Current thread (0x000000001583b800):  JavaThread "C1 CompilerThread2" daemon [_thread_in_native, id=12844, stack(0x0000000017030000,0x0000000017130000)]

Stack: [0x0000000017030000,0x0000000017130000]
[error occurred during error reporting (printing stack bounds), id 0xc0000005]

Native frames: (J=compiled Java code, j=interpreted, Vv=VM code, C=native code)


Current CompileTask:
C1:    772  590   !   3       com.android.dx.cf.code.BytecodeArray::parseInstruction (2764 bytes)


---------------  P R O C E S S  ---------------

Java Threads: ( => current thread )
  0x00000000173bb800 JavaThread "pool-2-thread-4" [_thread_new, id=2508, stack(0x0000000000000000,0x0000000000000000)]
  0x00000000173ba800 JavaThread "pool-2-thread-3" [_thread_new, id=1308, stack(0x0000000000000000,0x0000000000000000)]
  0x00000000173ac000 JavaThread "pool-2-thread-2" [_thread_new, id=10180, stack(0x0000000000000000,0x0000000000000000)]
  0x0000000017389000 JavaThread "pool-3-thread-1" [_thread_blocked, id=4156, stack(0x0000000017830000,0x0000000017930000)]
  0x0000000017398000 JavaThread "pool-2-thread-1" [_thread_in_Java, id=11988, stack(0x0000000017730000,0x0000000017830000)]
  0x0000000017135000 JavaThread "Service Thread" daemon [_thread_blocked, id=11608, stack(0x0000000017530000,0x0000000017630000)]
=>0x000000001583b800 JavaThread "C1 CompilerThread2" daemon [_thread_in_native, id=12844, stack(0x0000000017030000,0x0000000017130000)]
  0x00000000157df800 JavaThread "C2 CompilerThread1" daemon [_thread_blocked, id=9200, stack(0x0000000016f30000,0x0000000017030000)]
  0x00000000157dc800 JavaThread "C2 CompilerThread0" daemon [_thread_in_vm, id=1004, stack(0x0000000016e30000,0x0000000016f30000)]
  0x00000000157da800 JavaThread "Attach Listener" daemon [_thread_blocked, id=10396, stack(0x0000000016d30000,0x0000000016e30000)]
  0x00000000157d9000 JavaThread "Signal Dispatcher" daemon [_thread_blocked, id=10936, stack(0x0000000016c30000,0x0000000016d30000)]
  0x0000000003101000 JavaThread "Finalizer" daemon [_thread_blocked, id=1920, stack(0x0000000016a50000,0x0000000016b50000)]
  0x00000000157a8800 JavaThread "Reference Handler" daemon [_thread_blocked, id=10012, stack(0x0000000016950000,0x0000000016a50000)]
  0x0000000003011000 JavaThread "main" [_thread_in_vm, id=8952, stack(0x0000000002e30000,0x0000000002f30000)]

Other Threads:
  0x00000000157a7000 VMThread [stack: 0x0000000016850000,0x0000000016950000] [id=3316]
  0x0000000017142000 WatcherThread [stack: 0x0000000017630000,0x0000000017730000] [id=7828]

VM state:not at safepoint (normal execution)

VM Mutex/Monitor currently owned by a thread: None

Heap:
 PSYoungGen      total 38400K, used 16249K [0x00000000eab00000, 0x00000000ed580000, 0x0000000100000000)
  eden space 33280K, 48% used [0x00000000eab00000,0x00000000ebade748,0x00000000ecb80000)
  from space 5120K, 0% used [0x00000000ed080000,0x00000000ed080000,0x00000000ed580000)
  to   space 5120K, 0% used [0x00000000ecb80000,0x00000000ecb80000,0x00000000ed080000)
 ParOldGen       total 87552K, used 0K [0x00000000c0000000, 0x00000000c5580000, 0x00000000eab00000)
  object space 87552K, 0% used [0x00000000c0000000,0x00000000c0000000,0x00000000c5580000)
 Metaspace       used 5506K, capacity 6512K, committed 6784K, reserved 1056768K
  class space    used 592K, capacity 616K, committed 640K, reserved 1048576K

Card table byte_map: [0x00000000124d0000,0x00000000126e0000] byte_map_base: 0x0000000011ed0000

Marking Bits: (ParMarkBitMap*) 0x0000000063f3a5b0
 Begin Bits: [0x0000000012c40000, 0x0000000013c40000)
 End Bits:   [0x0000000013c40000, 0x0000000014c40000)

Polling page: 0x0000000002dc0000

CodeCache: size=245760Kb used=2393Kb max_used=2404Kb free=243366Kb
 bounds [0x0000000003110000, 0x0000000003380000, 0x0000000012110000]
 total_blobs=863 nmethods=594 adapters=182
 compilation: enabled

Compilation events (10 events):
Event: 0.765 Thread 0x000000001583b800 nmethod 593 0x0000000003366850 code [0x00000000033669c0, 0x0000000003366cc8]
Event: 0.765 Thread 0x000000001583b800  590   !   3       com.android.dx.cf.code.BytecodeArray::parseInstruction (2764 bytes)
Event: 0.766 Thread 0x00000000157df800  600       4       java.util.ArrayList::add (29 bytes)
Event: 0.768 Thread 0x00000000157dc800  602       4       java.util.BitSet::nextSetBit (102 bytes)
Event: 0.769 Thread 0x00000000157dc800 nmethod 602 0x0000000003369ad0 code [0x0000000003369c20, 0x0000000003369d38]
Event: 0.769 Thread 0x00000000157dc800  603       4       com.android.dx.util.MutabilityControl::<init> (10 bytes)
Event: 0.769 Thread 0x00000000157df800 nmethod 600 0x0000000003367e90 code [0x0000000003367fe0, 0x0000000003368308]
Event: 0.769 Thread 0x00000000157df800  605   !   4       com.android.dx.util.IntList::get (36 bytes)
Event: 0.769 Thread 0x00000000157dc800 nmethod 603 0x0000000003361fd0 code [0x0000000003362100, 0x0000000003362158]
Event: 0.769 Thread 0x00000000157df800 nmethod 605 0x0000000003367bd0 code [0x0000000003367d00, 0x0000000003367db8]

GC Heap History (0 events):
No events

Deoptimization events (1 events):
Event: 0.766 Thread 0x0000000017398000 Uncommon trap: reason=unstable_if action=reinterpret pc=0x000000000334fb08 method=java.util.HashMap.getNode(ILjava/lang/Object;)Ljava/util/HashMap$Node; @ 62

Internal exceptions (2 events):
Event: 0.033 Thread 0x0000000003011000 Exception <a 'java/lang/NoSuchMethodError': Method sun.misc.Unsafe.defineClass(Ljava/lang/String;[BII)Ljava/lang/Class; name or signature does not match> (0x00000000eab0d4a0) thrown at [C:\workspace\8-2-build-windows-amd64-cygwin\jdk8u65\4987\hotspot\src\sU®8ð<û ?
Event: 0.033 Thread 0x0000000003011000 Exception <a 'java/lang/NoSuchMethodError': Method sun.misc.Unsafe.prefetchRead(Ljava/lang/Object;J)V name or signature does not match> (0x00000000eab0d788) thrown at [C:\workspace\8-2-build-windows-amd64-cygwin\jdk8u65\4987\hotspot\src\share\vm\prims\jni.

Events (10 events):
Event: 0.766 loading class java/util/HashMap$Values done
Event: 0.766 loading class java/util/HashMap$ValueIterator
Event: 0.766 loading class java/util/HashMap$ValueIterator done
Event: 0.766 Thread 0x0000000017398000 Uncommon trap: trap_request=0xffffff65 fr.pc=0x000000000334fb08
Event: 0.766 Thread 0x0000000017398000 DEOPT PACKING pc=0x000000000334fb08 sp=0x000000001782e890
Event: 0.766 Thread 0x0000000017398000 DEOPT UNPACKING pc=0x000000000315582a sp=0x000000001782e808 mode 2
Event: 0.770 loading class com/android/dx/ssa/PhiInsn$Operand
Event: 0.770 loading class com/android/dx/ssa/PhiInsn$Operand done
Event: 0.770 loading class com/android/dx/ssa/back/FirstFitLocalCombiningAllocator$Multiset
Event: 0.770 loading class com/android/dx/ssa/back/FirstFitLocalCombiningAllocator$Multiset done


Dynamic libraries:
0x00007ff7893c0000 - 0x00007ff7893f7000 	C:\Program Files\Java\jdk1.8.0_65\bin\java.exe
0x00007ff8f6500000 - 0x00007ff8f66c1000 	C:\WINDOWS\SYSTEM32\ntdll.dll
0x00007ff8f3900000 - 0x00007ff8f39ad000 	C:\WINDOWS\system32\KERNEL32.DLL
0x00007ff8f34e0000 - 0x00007ff8f36c8000 	C:\WINDOWS\system32\KERNELBASE.dll
0x00007ff8f3cd0000 - 0x00007ff8f3d77000 	C:\WINDOWS\system32\ADVAPI32.dll
0x00007ff8f45d0000 - 0x00007ff8f466d000 	C:\WINDOWS\system32\msvcrt.dll
0x00007ff8f42d0000 - 0x00007ff8f432b000 	C:\WINDOWS\system32\sechost.dll
0x00007ff8f4c30000 - 0x00007ff8f4d4c000 	C:\WINDOWS\system32\RPCRT4.dll
0x00007ff8f4ad0000 - 0x00007ff8f4c26000 	C:\WINDOWS\system32\USER32.dll
0x00007ff8f4440000 - 0x00007ff8f45c6000 	C:\WINDOWS\system32\GDI32.dll
0x00007ff8e4690000 - 0x00007ff8e4904000 	C:\WINDOWS\WinSxS\amd64_microsoft.windows.common-controls_6595b64144ccf1df_6.0.10586.0_none_8c15ae12515e1c22\COMCTL32.dll
0x00007ff8f3a50000 - 0x00007ff8f3ccd000 	C:\WINDOWS\system32\combase.dll
0x00007ff8f36d0000 - 0x00007ff8f373a000 	C:\WINDOWS\system32\bcryptPrimitives.dll
0x00007ff8f39b0000 - 0x00007ff8f39eb000 	C:\WINDOWS\system32\IMM32.DLL
0x0000000062e80000 - 0x0000000062f52000 	C:\Program Files\Java\jdk1.8.0_65\jre\bin\msvcr100.dll
0x0000000063730000 - 0x0000000063fb9000 	C:\Program Files\Java\jdk1.8.0_65\jre\bin\server\jvm.dll
0x00007ff8f64f0000 - 0x00007ff8f64f8000 	C:\WINDOWS\system32\PSAPI.DLL
0x00007ff8eec50000 - 0x00007ff8eec59000 	C:\WINDOWS\SYSTEM32\WSOCK32.dll
0x00007ff8f6480000 - 0x00007ff8f64eb000 	C:\WINDOWS\system32\WS2_32.dll
0x00007ff8f0e30000 - 0x00007ff8f0e53000 	C:\WINDOWS\SYSTEM32\WINMM.dll
0x00007ff8ef8b0000 - 0x00007ff8ef8ba000 	C:\WINDOWS\SYSTEM32\VERSION.dll
0x00007ff8f0e00000 - 0x00007ff8f0e2c000 	C:\WINDOWS\SYSTEM32\WINMMBASE.dll
0x00007ff8f3740000 - 0x00007ff8f3783000 	C:\WINDOWS\system32\cfgmgr32.dll
0x0000000063640000 - 0x000000006364f000 	C:\Program Files\Java\jdk1.8.0_65\jre\bin\verify.dll
0x0000000063610000 - 0x0000000063639000 	C:\Program Files\Java\jdk1.8.0_65\jre\bin\java.dll
0x00000000635f0000 - 0x0000000063606000 	C:\Program Files\Java\jdk1.8.0_65\jre\bin\zip.dll
0x00007ff8f4dd0000 - 0x00007ff8f632c000 	C:\WINDOWS\system32\SHELL32.dll
0x00007ff8f2c40000 - 0x00007ff8f3284000 	C:\WINDOWS\system32\windows.storage.dll
0x00007ff8f39f0000 - 0x00007ff8f3a42000 	C:\WINDOWS\system32\shlwapi.dll
0x00007ff8f2b90000 - 0x00007ff8f2b9f000 	C:\WINDOWS\system32\kernel.appcore.dll
0x00007ff8f3840000 - 0x00007ff8f38f5000 	C:\WINDOWS\system32\shcore.dll
0x00007ff8f2b20000 - 0x00007ff8f2b6b000 	C:\WINDOWS\system32\powrprof.dll
0x00007ff8f2b70000 - 0x00007ff8f2b84000 	C:\WINDOWS\system32\profapi.dll

VM Arguments:
jvm_args: -Djava.awt.headless=true -Xmx1024M -Dfile.encoding=windows-1252 -Duser.country=US -Duser.language=en -Duser.variant 
java_command: com.android.dx.command.Main --dex --force-jumbo --num-threads=4 --multi-dex --output C:\Users\Kailas\AndroidStudioProjects\AverageWeather\app\build\intermediates\transforms\dex\debug\folders\1000\10\com.google.android.gms-play-services-maps-8.4.0_6b0db774731fe6bcd835f110b44770ad7f0df4d2 C:\Users\Kailas\AndroidStudioProjects\AverageWeather\app\build\intermediates\exploded-aar\com.google.android.gms\play-services-maps\8.4.0\jars\classes.jar
java_class_path (initial): C:\Users\Kailas\AppData\Local\Android\sdk\build-tools\23.0.2\lib\dx.jar
Launcher Type: SUN_STANDARD

Environment Variables:
JAVA_HOME=C:\Program Files\Java\jdk1.8.0_65
PATH=C:\Program Files (x86)\NVIDIA Corporation\PhysX\Common;C:\ProgramData\Oracle\Java\javapath;C:\WINDOWS\system32;C:\WINDOWS;C:\WINDOWS\System32\Wbem;C:\WINDOWS\System32\WindowsPowerShell\v1.0\;C:\Program Files (x86)\ATI Technologies\ATI.ACE\Core-Static;C:\Program Files (x86)\Skype\Phone\;C:\Program Files (x86)\GtkSharp\2.12\bin;C:\Users\Kailas\AppData\Local\atom\bin
USERNAME=Kailas
OS=Windows_NT
PROCESSOR_IDENTIFIER=Intel64 Family 6 Model 94 Stepping 3, GenuineIntel



---------------  S Y S T E M  ---------------

OS: Windows 10.0 , 64 bit Build 10586 (10.0.10586.0)

CPU:total 4 (4 cores per cpu, 1 threads per core) family 6 model 94 stepping 3, cmov, cx8, fxsr, mmx, sse, sse2, sse3, ssse3, sse4.1, sse4.2, popcnt, avx, avx2, aes, clmul, erms, rtm, 3dnowpref, lzcnt, tsc, tscinvbit, bmi1, bmi2, adx

Memory: 4k page, physical 8338436k(947272k free), swap 14837888k(5124k free)

vm_info: Java HotSpot(TM) 64-Bit Server VM (25.65-b01) for windows-amd64 JRE (1.8.0_65-b17), built on Oct  6 2015 16:39:20 by "java_re" with MS VC++ 10.0 (VS2010)

time: Tue Jun 28 13:15:09 2016
elapsed time: 0 seconds (0d 0h 0m 0s)

