#
# There is insufficient memory for the Java Runtime Environment to continue.
# Native memory allocation (malloc) failed to allocate 78816 bytes for Chunk::new
# Possible reasons:
#   The system is out of physical RAM or swap space
#   In 32 bit mode, the process size limit was hit
# Possible solutions:
#   Reduce memory load on the system
#   Increase physical memory or swap space
#   Check if swap backing store is full
#   Use 64 bit Java on a 64 bit OS
#   Decrease Java heap size (-Xmx/-Xms)
#   Decrease number of Java threads
#   Decrease Java thread stack sizes (-Xss)
#   Set larger code cache with -XX:ReservedCodeCacheSize=
# This output file may be truncated or incomplete.
#
#  Out of Memory Error (allocation.cpp:390), pid=6052, tid=5816
#
# JRE version: Java(TM) SE Runtime Environment (8.0_65-b17) (build 1.8.0_65-b17)
# Java VM: Java HotSpot(TM) 64-Bit Server VM (25.65-b01 mixed mode windows-amd64 compressed oops)
# Failed to write core dump. Minidumps are not enabled by default on client versions of Windows
#

---------------  T H R E A D  ---------------

Current thread (0x0000000015a75800):  JavaThread "C2 CompilerThread1" daemon [_thread_in_native, id=5816, stack(0x0000000017080000,0x0000000017180000)]

Stack: [0x0000000017080000,0x0000000017180000]
[error occurred during error reporting (printing stack bounds), id 0xc0000005]

Native frames: (J=compiled Java code, j=interpreted, Vv=VM code, C=native code)


Current CompileTask:
C2:    747  318       4       java.lang.String::replace (127 bytes)


---------------  P R O C E S S  ---------------

Java Threads: ( => current thread )
  0x00000000174c9000 JavaThread "pool-2-thread-4" [_thread_new, id=620, stack(0x0000000000000000,0x0000000000000000)]
  0x00000000174c8000 JavaThread "pool-2-thread-3" [_thread_new, id=6060, stack(0x0000000000000000,0x0000000000000000)]
  0x000000001740a000 JavaThread "pool-2-thread-2" [_thread_new, id=6896, stack(0x0000000000000000,0x0000000000000000)]
  0x0000000017409000 JavaThread "pool-3-thread-1" [_thread_new, id=11812, stack(0x0000000000000000,0x0000000000000000)]
  0x0000000017411000 JavaThread "pool-2-thread-1" [_thread_blocked, id=7148, stack(0x0000000017880000,0x0000000017980000)]
  0x0000000015a7e800 JavaThread "Service Thread" daemon [_thread_blocked, id=700, stack(0x0000000017680000,0x0000000017780000)]
  0x0000000015a7c000 JavaThread "C1 CompilerThread2" daemon [_thread_blocked, id=1740, stack(0x0000000017180000,0x0000000017280000)]
=>0x0000000015a75800 JavaThread "C2 CompilerThread1" daemon [_thread_in_native, id=5816, stack(0x0000000017080000,0x0000000017180000)]
  0x0000000015a1c800 JavaThread "C2 CompilerThread0" daemon [_thread_in_native, id=11168, stack(0x0000000016f80000,0x0000000017080000)]
  0x0000000015a1a800 JavaThread "Attach Listener" daemon [_thread_blocked, id=11056, stack(0x0000000016e80000,0x0000000016f80000)]
  0x0000000015a19000 JavaThread "Signal Dispatcher" daemon [_thread_blocked, id=6588, stack(0x0000000016d80000,0x0000000016e80000)]
  0x0000000003340800 JavaThread "Finalizer" daemon [_thread_blocked, id=7860, stack(0x0000000016c80000,0x0000000016d80000)]
  0x000000000333d000 JavaThread "Reference Handler" daemon [_thread_blocked, id=5616, stack(0x0000000016b80000,0x0000000016c80000)]
  0x0000000003251000 JavaThread "main" [_thread_in_vm, id=10184, stack(0x0000000003150000,0x0000000003250000)]

Other Threads:
  0x00000000159e8000 VMThread [stack: 0x0000000016a80000,0x0000000016b80000] [id=10640]
  0x0000000017286000 WatcherThread [stack: 0x0000000017780000,0x0000000017880000] [id=8400]

VM state:not at safepoint (normal execution)

VM Mutex/Monitor currently owned by a thread: None

Heap:
 PSYoungGen      total 38400K, used 8004K [0x00000000eab00000, 0x00000000ed580000, 0x0000000100000000)
  eden space 33280K, 24% used [0x00000000eab00000,0x00000000eb2d1080,0x00000000ecb80000)
  from space 5120K, 0% used [0x00000000ed080000,0x00000000ed080000,0x00000000ed580000)
  to   space 5120K, 0% used [0x00000000ecb80000,0x00000000ecb80000,0x00000000ed080000)
 ParOldGen       total 87552K, used 0K [0x00000000c0000000, 0x00000000c5580000, 0x00000000eab00000)
  object space 87552K, 0% used [0x00000000c0000000,0x00000000c0000000,0x00000000c5580000)
 Metaspace       used 4550K, capacity 5808K, committed 6016K, reserved 1056768K
  class space    used 498K, capacity 552K, committed 640K, reserved 1048576K

Card table byte_map: [0x0000000012710000,0x0000000012920000] byte_map_base: 0x0000000012110000

Marking Bits: (ParMarkBitMap*) 0x0000000063f3a5b0
 Begin Bits: [0x0000000012e80000, 0x0000000013e80000)
 End Bits:   [0x0000000013e80000, 0x0000000014e80000)

Polling page: 0x0000000001330000

CodeCache: size=245760Kb used=1874Kb max_used=1874Kb free=243885Kb
 bounds [0x0000000003350000, 0x00000000035c0000, 0x0000000012350000]
 total_blobs=592 nmethods=335 adapters=170
 compilation: enabled

Compilation events (10 events):
Event: 0.706 Thread 0x0000000015a7c000 nmethod 316 0x000000000351c710 code [0x000000000351c860, 0x000000000351c970]
Event: 0.707 Thread 0x0000000015a7c000  317       3       com.android.dx.rop.type.Type::getType (2 bytes)
Event: 0.707 Thread 0x0000000015a7c000 nmethod 317 0x000000000351c9d0 code [0x000000000351cb20, 0x000000000351cc70]
Event: 0.745 Thread 0x0000000015a75800  318       4       java.lang.String::replace (127 bytes)
Event: 0.745 Thread 0x0000000015a7c000  319       3       java.lang.StringBuffer::<init> (6 bytes)
Event: 0.745 Thread 0x0000000015a7c000 nmethod 319 0x000000000351cd10 code [0x000000000351ce80, 0x000000000351d130]
Event: 0.745 Thread 0x0000000015a7c000  320  s    3       java.lang.StringBuffer::toString (36 bytes)
Event: 0.746 Thread 0x0000000015a7c000 nmethod 320 0x000000000351d250 code [0x000000000351d3e0, 0x000000000351d888]
Event: 0.746 Thread 0x0000000015a7c000  323       3       java.util.TreeMap::fixAfterInsertion (267 bytes)
Event: 0.746 Thread 0x0000000015a1c800  324       4       com.android.dx.rop.cst.CstFieldRef::compareTo0 (43 bytes)

GC Heap History (0 events):
No events

Deoptimization events (5 events):
Event: 0.745 Thread 0x0000000017411000 Uncommon trap: reason=class_check action=maybe_recompile pc=0x0000000003508fd8 method=com.android.dx.rop.cst.Constant.compareTo(Ljava/lang/Object;)I @ 2
Event: 0.745 Thread 0x0000000017411000 Uncommon trap: reason=class_check action=maybe_recompile pc=0x0000000003508fd8 method=com.android.dx.rop.cst.Constant.compareTo(Ljava/lang/Object;)I @ 2
Event: 0.745 Thread 0x0000000017411000 Uncommon trap: reason=class_check action=maybe_recompile pc=0x0000000003508fd8 method=com.android.dx.rop.cst.Constant.compareTo(Ljava/lang/Object;)I @ 2
Event: 0.746 Thread 0x0000000017411000 Uncommon trap: reason=class_check action=maybe_recompile pc=0x0000000003508fd8 method=com.android.dx.rop.cst.Constant.compareTo(Ljava/lang/Object;)I @ 2
Event: 0.746 Thread 0x0000000017411000 Uncommon trap: reason=unstable_if action=reinterpret pc=0x0000000003506538 method=com.android.dx.rop.cst.CstMemberRef.compareTo0(Lcom/android/dx/rop/cst/Constant;)I @ 18

Internal exceptions (2 events):
Event: 0.041 Thread 0x0000000003251000 Exception <a 'java/lang/NoSuchMethodError': Method sun.misc.Unsafe.defineClass(Ljava/lang/String;[BII)Ljava/lang/Class; name or signature does not match> (0x00000000eab0d3c8) thrown at [C:\workspace\8-2-build-windows-amd64-cygwin\jdk8u65\4987\hotspot\src\s ²ï.¯¥?
Event: 0.041 Thread 0x0000000003251000 Exception <a 'java/lang/NoSuchMethodError': Method sun.misc.Unsafe.prefetchRead(Ljava/lang/Object;J)V name or signature does not match> (0x00000000eab0d6b0) thrown at [C:\workspace\8-2-build-windows-amd64-cygwin\jdk8u65\4987\hotspot\src\share\vm\prims\jni.

Events (10 events):
Event: 0.745 loading class com/android/dx/ssa/SsaBasicBlock$Visitor done
Event: 0.745 Thread 0x0000000017411000 Uncommon trap: trap_request=0xffffffde fr.pc=0x0000000003508fd8
Event: 0.745 Thread 0x0000000017411000 DEOPT PACKING pc=0x0000000003508fd8 sp=0x000000001797eef0
Event: 0.745 Thread 0x0000000017411000 DEOPT UNPACKING pc=0x000000000339582a sp=0x000000001797eea0 mode 2
Event: 0.746 Thread 0x0000000017411000 Uncommon trap: trap_request=0xffffffde fr.pc=0x0000000003508fd8
Event: 0.746 Thread 0x0000000017411000 DEOPT PACKING pc=0x0000000003508fd8 sp=0x000000001797ed50
Event: 0.746 Thread 0x0000000017411000 DEOPT UNPACKING pc=0x000000000339582a sp=0x000000001797ecf0 mode 2
Event: 0.746 Thread 0x0000000017411000 Uncommon trap: trap_request=0xffffff65 fr.pc=0x0000000003506538
Event: 0.746 Thread 0x0000000017411000 DEOPT PACKING pc=0x0000000003506538 sp=0x000000001797ee40
Event: 0.746 Thread 0x0000000017411000 DEOPT UNPACKING pc=0x000000000339582a sp=0x000000001797edb8 mode 2


Dynamic libraries:
0x00007ff7893c0000 - 0x00007ff7893f7000 	C:\Program Files\Java\jdk1.8.0_65\bin\java.exe
0x00007ff8f6500000 - 0x00007ff8f66c1000 	C:\WINDOWS\SYSTEM32\ntdll.dll
0x00007ff8f3900000 - 0x00007ff8f39ad000 	C:\WINDOWS\system32\KERNEL32.DLL
0x00007ff8f34e0000 - 0x00007ff8f36c8000 	C:\WINDOWS\system32\KERNELBASE.dll
0x00007ff8f3cd0000 - 0x00007ff8f3d77000 	C:\WINDOWS\system32\ADVAPI32.dll
0x00007ff8f45d0000 - 0x00007ff8f466d000 	C:\WINDOWS\system32\msvcrt.dll
0x00007ff8f42d0000 - 0x00007ff8f432b000 	C:\WINDOWS\system32\sechost.dll
0x00007ff8f4c30000 - 0x00007ff8f4d4c000 	C:\WINDOWS\system32\RPCRT4.dll
0x00007ff8f4ad0000 - 0x00007ff8f4c26000 	C:\WINDOWS\system32\USER32.dll
0x00007ff8f4440000 - 0x00007ff8f45c6000 	C:\WINDOWS\system32\GDI32.dll
0x00007ff8e4690000 - 0x00007ff8e4904000 	C:\WINDOWS\WinSxS\amd64_microsoft.windows.common-controls_6595b64144ccf1df_6.0.10586.0_none_8c15ae12515e1c22\COMCTL32.dll
0x00007ff8f3a50000 - 0x00007ff8f3ccd000 	C:\WINDOWS\system32\combase.dll
0x00007ff8f36d0000 - 0x00007ff8f373a000 	C:\WINDOWS\system32\bcryptPrimitives.dll
0x00007ff8f39b0000 - 0x00007ff8f39eb000 	C:\WINDOWS\system32\IMM32.DLL
0x0000000062e80000 - 0x0000000062f52000 	C:\Program Files\Java\jdk1.8.0_65\jre\bin\msvcr100.dll
0x0000000063730000 - 0x0000000063fb9000 	C:\Program Files\Java\jdk1.8.0_65\jre\bin\server\jvm.dll
0x00007ff8f64f0000 - 0x00007ff8f64f8000 	C:\WINDOWS\system32\PSAPI.DLL
0x00007ff8e4d30000 - 0x00007ff8e4d39000 	C:\WINDOWS\SYSTEM32\WSOCK32.dll
0x00007ff8f6480000 - 0x00007ff8f64eb000 	C:\WINDOWS\system32\WS2_32.dll
0x00007ff8f0e30000 - 0x00007ff8f0e53000 	C:\WINDOWS\SYSTEM32\WINMM.dll
0x00007ff8ef8b0000 - 0x00007ff8ef8ba000 	C:\WINDOWS\SYSTEM32\VERSION.dll
0x00007ff8f0e00000 - 0x00007ff8f0e2c000 	C:\WINDOWS\SYSTEM32\WINMMBASE.dll
0x00007ff8f3740000 - 0x00007ff8f3783000 	C:\WINDOWS\system32\cfgmgr32.dll
0x0000000063640000 - 0x000000006364f000 	C:\Program Files\Java\jdk1.8.0_65\jre\bin\verify.dll
0x0000000063610000 - 0x0000000063639000 	C:\Program Files\Java\jdk1.8.0_65\jre\bin\java.dll
0x00000000635f0000 - 0x0000000063606000 	C:\Program Files\Java\jdk1.8.0_65\jre\bin\zip.dll
0x00007ff8f4dd0000 - 0x00007ff8f632c000 	C:\WINDOWS\system32\SHELL32.dll
0x00007ff8f2c40000 - 0x00007ff8f3284000 	C:\WINDOWS\system32\windows.storage.dll
0x00007ff8f39f0000 - 0x00007ff8f3a42000 	C:\WINDOWS\system32\shlwapi.dll
0x00007ff8f2b90000 - 0x00007ff8f2b9f000 	C:\WINDOWS\system32\kernel.appcore.dll
0x00007ff8f3840000 - 0x00007ff8f38f5000 	C:\WINDOWS\system32\shcore.dll
0x00007ff8f2b20000 - 0x00007ff8f2b6b000 	C:\WINDOWS\system32\powrprof.dll
0x00007ff8f2b70000 - 0x00007ff8f2b84000 	C:\WINDOWS\system32\profapi.dll

VM Arguments:
jvm_args: -Djava.awt.headless=true -Xmx1024M -Dfile.encoding=windows-1252 -Duser.country=US -Duser.language=en -Duser.variant 
java_command: com.android.dx.command.Main --dex --force-jumbo --num-threads=4 --multi-dex --output C:\Users\Kailas\AndroidStudioProjects\AverageWeather\app\build\intermediates\transforms\dex\debug\folders\1000\5\slice_2 C:\Users\Kailas\AndroidStudioProjects\AverageWeather\app\build\intermediates\transforms\instantRunSlicer\debug\folders\1\5\slice_2
java_class_path (initial): C:\Users\Kailas\AppData\Local\Android\sdk\build-tools\23.0.2\lib\dx.jar
Launcher Type: SUN_STANDARD

Environment Variables:
JAVA_HOME=C:\Program Files\Java\jdk1.8.0_65
PATH=C:\Program Files (x86)\NVIDIA Corporation\PhysX\Common;C:\ProgramData\Oracle\Java\javapath;C:\WINDOWS\system32;C:\WINDOWS;C:\WINDOWS\System32\Wbem;C:\WINDOWS\System32\WindowsPowerShell\v1.0\;C:\Program Files (x86)\ATI Technologies\ATI.ACE\Core-Static;C:\Program Files (x86)\Skype\Phone\;C:\Program Files (x86)\GtkSharp\2.12\bin;C:\Users\Kailas\AppData\Local\atom\bin
USERNAME=Kailas
OS=Windows_NT
PROCESSOR_IDENTIFIER=Intel64 Family 6 Model 94 Stepping 3, GenuineIntel



---------------  S Y S T E M  ---------------

OS: Windows 10.0 , 64 bit Build 10586 (10.0.10586.0)

CPU:total 4 (4 cores per cpu, 1 threads per core) family 6 model 94 stepping 3, cmov, cx8, fxsr, mmx, sse, sse2, sse3, ssse3, sse4.1, sse4.2, popcnt, avx, avx2, aes, clmul, erms, rtm, 3dnowpref, lzcnt, tsc, tscinvbit, bmi1, bmi2, adx

Memory: 4k page, physical 8338436k(805540k free), swap 14837888k(5248k free)

vm_info: Java HotSpot(TM) 64-Bit Server VM (25.65-b01) for windows-amd64 JRE (1.8.0_65-b17), built on Oct  6 2015 16:39:20 by "java_re" with MS VC++ 10.0 (VS2010)

time: Tue Jun 28 11:29:42 2016
elapsed time: 0 seconds (0d 0h 0m 0s)

