#
# There is insufficient memory for the Java Runtime Environment to continue.
# Native memory allocation (malloc) failed to allocate 1048576 bytes for AllocateHeap
# Possible reasons:
#   The system is out of physical RAM or swap space
#   In 32 bit mode, the process size limit was hit
# Possible solutions:
#   Reduce memory load on the system
#   Increase physical memory or swap space
#   Check if swap backing store is full
#   Use 64 bit Java on a 64 bit OS
#   Decrease Java heap size (-Xmx/-Xms)
#   Decrease number of Java threads
#   Decrease Java thread stack sizes (-Xss)
#   Set larger code cache with -XX:ReservedCodeCacheSize=
# This output file may be truncated or incomplete.
#
#  Out of Memory Error (memory/allocation.inline.hpp:61), pid=1504, tid=8104
#
# JRE version:  (8.0_65-b17) (build )
# Java VM: Java HotSpot(TM) 64-Bit Server VM (25.65-b01 mixed mode windows-amd64 compressed oops)
# Failed to write core dump. Minidumps are not enabled by default on client versions of Windows
#

---------------  T H R E A D  ---------------

Current thread (0x0000000002961000):  JavaThread "Unknown thread" [_thread_in_vm, id=8104, stack(0x0000000002760000,0x0000000002860000)]

Stack: [0x0000000002760000,0x0000000002860000]
[error occurred during error reporting (printing stack bounds), id 0xc0000005]

Native frames: (J=compiled Java code, j=interpreted, Vv=VM code, C=native code)


---------------  P R O C E S S  ---------------

Java Threads: ( => current thread )

Other Threads:

=>0x0000000002961000 (exited) JavaThread "Unknown thread" [_thread_in_vm, id=8104, stack(0x0000000002760000,0x0000000002860000)]

VM state:not at safepoint (normal execution)

VM Mutex/Monitor currently owned by a thread: None

Heap:
 PSYoungGen      total 38400K, used 665K [0x00000000eab00000, 0x00000000ed580000, 0x0000000100000000)
  eden space 33280K, 2% used [0x00000000eab00000,0x00000000eaba6670,0x00000000ecb80000)
  from space 5120K, 0% used [0x00000000ed080000,0x00000000ed080000,0x00000000ed580000)
  to   space 5120K, 0% used [0x00000000ecb80000,0x00000000ecb80000,0x00000000ed080000)
 ParOldGen       total 87552K, used 0K [0x00000000c0000000, 0x00000000c5580000, 0x00000000eab00000)
  object space 87552K, 0% used [0x00000000c0000000,0x00000000c0000000,0x00000000c5580000)
 Metaspace       used 767K, capacity 4480K, committed 4480K, reserved 1056768K
  class space    used 75K, capacity 384K, committed 384K, reserved 1048576K

Card table byte_map: [0x0000000011e20000,0x0000000012030000] byte_map_base: 0x0000000011820000

Marking Bits: (ParMarkBitMap*) 0x0000000063f3a5b0
 Begin Bits: [0x0000000012590000, 0x0000000013590000)
 End Bits:   [0x0000000013590000, 0x0000000014590000)

Polling page: 0x0000000000f60000

CodeCache: size=245760Kb used=328Kb max_used=328Kb free=245431Kb
 bounds [0x0000000002a60000, 0x0000000002cd0000, 0x0000000011a60000]
 total_blobs=57 nmethods=0 adapters=37
 compilation: enabled

Compilation events (0 events):
No events

GC Heap History (0 events):
No events

Deoptimization events (0 events):
No events

Internal exceptions (0 events):
No events

Events (10 events):
Event: 0.292 loading class java/lang/Short
Event: 0.292 loading class java/lang/Short done
Event: 0.292 loading class java/lang/Integer
Event: 0.292 loading class java/lang/Integer done
Event: 0.292 loading class java/lang/Long
Event: 0.292 loading class java/lang/Long done
Event: 0.292 loading class java/lang/NullPointerException
Event: 0.292 loading class java/lang/NullPointerException done
Event: 0.292 loading class java/lang/ArithmeticException
Event: 0.292 loading class java/lang/ArithmeticException done


Dynamic libraries:
0x00007ff7893c0000 - 0x00007ff7893f7000 	C:\Program Files\Java\jdk1.8.0_65\bin\java.exe
0x00007ff8f6500000 - 0x00007ff8f66c1000 	C:\WINDOWS\SYSTEM32\ntdll.dll
0x00007ff8f3900000 - 0x00007ff8f39ad000 	C:\WINDOWS\system32\KERNEL32.DLL
0x00007ff8f34e0000 - 0x00007ff8f36c8000 	C:\WINDOWS\system32\KERNELBASE.dll
0x00007ff8f3cd0000 - 0x00007ff8f3d77000 	C:\WINDOWS\system32\ADVAPI32.dll
0x00007ff8f45d0000 - 0x00007ff8f466d000 	C:\WINDOWS\system32\msvcrt.dll
0x00007ff8f42d0000 - 0x00007ff8f432b000 	C:\WINDOWS\system32\sechost.dll
0x00007ff8f4c30000 - 0x00007ff8f4d4c000 	C:\WINDOWS\system32\RPCRT4.dll
0x00007ff8f4ad0000 - 0x00007ff8f4c26000 	C:\WINDOWS\system32\USER32.dll
0x00007ff8f4440000 - 0x00007ff8f45c6000 	C:\WINDOWS\system32\GDI32.dll
0x00007ff8e4690000 - 0x00007ff8e4904000 	C:\WINDOWS\WinSxS\amd64_microsoft.windows.common-controls_6595b64144ccf1df_6.0.10586.0_none_8c15ae12515e1c22\COMCTL32.dll
0x00007ff8f3a50000 - 0x00007ff8f3ccd000 	C:\WINDOWS\system32\combase.dll
0x00007ff8f36d0000 - 0x00007ff8f373a000 	C:\WINDOWS\system32\bcryptPrimitives.dll
0x00007ff8f39b0000 - 0x00007ff8f39eb000 	C:\WINDOWS\system32\IMM32.DLL
0x0000000062e80000 - 0x0000000062f52000 	C:\Program Files\Java\jdk1.8.0_65\jre\bin\msvcr100.dll
0x0000000063730000 - 0x0000000063fb9000 	C:\Program Files\Java\jdk1.8.0_65\jre\bin\server\jvm.dll
0x00007ff8f64f0000 - 0x00007ff8f64f8000 	C:\WINDOWS\system32\PSAPI.DLL
0x00007ff8ef270000 - 0x00007ff8ef279000 	C:\WINDOWS\SYSTEM32\WSOCK32.dll
0x00007ff8f6480000 - 0x00007ff8f64eb000 	C:\WINDOWS\system32\WS2_32.dll
0x00007ff8f0e30000 - 0x00007ff8f0e53000 	C:\WINDOWS\SYSTEM32\WINMM.dll
0x00007ff8ef8b0000 - 0x00007ff8ef8ba000 	C:\WINDOWS\SYSTEM32\VERSION.dll
0x00007ff8f0e00000 - 0x00007ff8f0e2c000 	C:\WINDOWS\SYSTEM32\WINMMBASE.dll
0x00007ff8f3740000 - 0x00007ff8f3783000 	C:\WINDOWS\system32\cfgmgr32.dll
0x0000000063640000 - 0x000000006364f000 	C:\Program Files\Java\jdk1.8.0_65\jre\bin\verify.dll
0x0000000063610000 - 0x0000000063639000 	C:\Program Files\Java\jdk1.8.0_65\jre\bin\java.dll
0x00000000635f0000 - 0x0000000063606000 	C:\Program Files\Java\jdk1.8.0_65\jre\bin\zip.dll

VM Arguments:
jvm_args: -Djava.awt.headless=true -Xmx1024M -Dfile.encoding=windows-1252 -Duser.country=US -Duser.language=en -Duser.variant 
java_command: com.android.dx.command.Main --dex --force-jumbo --num-threads=4 --multi-dex --output C:\Users\Kailas\AndroidStudioProjects\AverageWeather\app\build\intermediates\transforms\dex\debug\folders\1000\5\slice_0 C:\Users\Kailas\AndroidStudioProjects\AverageWeather\app\build\intermediates\transforms\instantRunSlicer\debug\folders\1\5\slice_0
java_class_path (initial): C:\Users\Kailas\AppData\Local\Android\sdk\build-tools\23.0.2\lib\dx.jar
Launcher Type: SUN_STANDARD

Environment Variables:
JAVA_HOME=C:\Program Files\Java\jdk1.8.0_65
PATH=C:\Program Files (x86)\NVIDIA Corporation\PhysX\Common;C:\ProgramData\Oracle\Java\javapath;C:\WINDOWS\system32;C:\WINDOWS;C:\WINDOWS\System32\Wbem;C:\WINDOWS\System32\WindowsPowerShell\v1.0\;C:\Program Files (x86)\ATI Technologies\ATI.ACE\Core-Static;C:\Program Files (x86)\Skype\Phone\;C:\Program Files (x86)\GtkSharp\2.12\bin;C:\Users\Kailas\AppData\Local\atom\bin
USERNAME=Kailas
OS=Windows_NT
PROCESSOR_IDENTIFIER=Intel64 Family 6 Model 94 Stepping 3, GenuineIntel



---------------  S Y S T E M  ---------------

OS: Windows 10.0 , 64 bit Build 10586 (10.0.10586.0)

CPU:total 4 (4 cores per cpu, 1 threads per core) family 6 model 94 stepping 3, cmov, cx8, fxsr, mmx, sse, sse2, sse3, ssse3, sse4.1, sse4.2, popcnt, avx, avx2, aes, clmul, erms, rtm, 3dnowpref, lzcnt, tsc, tscinvbit, bmi1, bmi2, adx

Memory: 4k page, physical 8338436k(691788k free), swap 13832168k(2640k free)

vm_info: Java HotSpot(TM) 64-Bit Server VM (25.65-b01) for windows-amd64 JRE (1.8.0_65-b17), built on Oct  6 2015 16:39:20 by "java_re" with MS VC++ 10.0 (VS2010)

time: Tue Jun 28 16:33:44 2016
elapsed time: 0 seconds (0d 0h 0m 0s)

