#
# A fatal error has been detected by the Java Runtime Environment:
#
#  EXCEPTION_STACK_OVERFLOW (0xc00000fd) at pc=0x0000000058af3987, pid=9576, tid=0x0000000000001570
#
# JRE version: Java(TM) SE Runtime Environment (8.0_101-b13) (build 1.8.0_101-b13)
# Java VM: Java HotSpot(TM) 64-Bit Server VM (25.101-b13 mixed mode windows-amd64 compressed oops)
# Problematic frame:
# V  [jvm.dll+0x213987]
#
# Failed to write core dump. Minidumps are not enabled by default on client versions of Windows
#
# If you would like to submit a bug report, please visit:
#   http://bugreport.java.com/bugreport/crash.jsp
#

---------------  T H R E A D  ---------------

Current thread (0x0000000016fb6000):  JavaThread "pool-2-thread-4" [_thread_in_vm, id=5488, stack(0x0000000017760000,0x0000000017860000)]

siginfo: ExceptionCode=0xc00000fd, ExceptionInformation=0x0000000000000001 0x000000001785b870 

Registers:
RAX=0x000000001785b870, RBX=0x0000000000000005, RCX=0x0000000000004000, RDX=0x0000000000000006
RSP=0x000000001785f870, RBP=0x0000000000000000, RSI=0x000000001785f870, RDI=0x0000000000000005
R8 =0x0000000000000006, R9 =0x0000000016e9b6a0, R10=0x0000000014aad4b0, R11=0x000000001776a148
R12=0x0000000016e9b6a0, R13=0x0000000016fb6000, R14=0x000000001785f938, R15=0x0000000014aad4b0
RIP=0x0000000058af3987, EFLAGS=0x0000000000010202

Top of Stack: (sp=0x000000001785f870)
0x000000001785f870:   0000000016d84600 0000000057184e7e
0x000000001785f880:   0000000016fb6000 0000000016e9b6a0
0x000000001785f890:   00000000ffffffff 0000000058af48b7
0x000000001785f8a0:   000000001785f9a0 0000000014aad4b0
0x000000001785f8b0:   0000000016fb6000 00000000589a04e3
0x000000001785f8c0:   000000001785f900 0000000016fb6000
0x000000001785f8d0:   000000001785f990 0000000016fb6000
0x000000001785f8e0:   0000000014aad4b0 0000000016fb6000
0x000000001785f8f0:   0000000002d63200 0000000016fb6000
0x000000001785f900:   0000000014aad4b0 0000000016fb6000
0x000000001785f910:   0000000014aad4b0 0000000016fb6000
0x000000001785f920:   0000000000000001 0000000014aad4b0
0x000000001785f930:   0000000016fb6000 0000000016d82150
0x000000001785f940:   0000000016fb6000 00000000589a19cd
0x000000001785f950:   000000001785fc58 00000001000069a0
0x000000001785f960:   00000001000069a0 0000000000000000 

Instructions: (pc=0x0000000058af3987)
0x0000000058af3967:   48 89 6c 24 30 33 ed 66 90 e8 cb 37 08 00 ff c3
0x0000000058af3977:   48 63 c8 48 8b c6 48 0f af cf 48 ff c7 48 2b c1
0x0000000058af3987:   89 28 48 63 c3 48 3b 05 3d 0d 59 00 7e db 48 8b
0x0000000058af3997:   6c 24 30 48 8b 5c 24 38 48 8b 74 24 40 48 83 c4 


Register to memory mapping:

RAX=0x000000001785b870 is pointing into the stack for thread: 0x0000000016fb6000
RBX=0x0000000000000005 is an unknown value
RCX=0x0000000000004000 is an unknown value
RDX=0x0000000000000006 is an unknown value
RSP=0x000000001785f870 is pointing into the stack for thread: 0x0000000016fb6000
RBP=0x0000000000000000 is an unknown value
RSI=0x000000001785f870 is pointing into the stack for thread: 0x0000000016fb6000
RDI=0x0000000000000005 is an unknown value
R8 =0x0000000000000006 is an unknown value
R9 =0x0000000016e9b6a0 is an unknown value
R10={method} {0x0000000014aad4b8} 'run' '()V' in 'java/lang/Thread'
R11=0x000000001776a148 is pointing into the stack for thread: 0x0000000016fb6000
R12=0x0000000016e9b6a0 is an unknown value
R13=0x0000000016fb6000 is a thread
R14=0x000000001785f938 is pointing into the stack for thread: 0x0000000016fb6000
R15={method} {0x0000000014aad4b8} 'run' '()V' in 'java/lang/Thread'


Stack: [0x0000000017760000,0x0000000017860000],  sp=0x000000001785f870,  free space=1022k
Native frames: (J=compiled Java code, j=interpreted, Vv=VM code, C=native code)


---------------  P R O C E S S  ---------------

Java Threads: ( => current thread )
=>0x0000000016fb6000 JavaThread "pool-2-thread-4" [_thread_in_vm, id=5488, stack(0x0000000017760000,0x0000000017860000)]
  0x0000000016fb5000 JavaThread "pool-2-thread-3" [_thread_in_vm, id=8608, stack(0x0000000017660000,0x0000000017760000)]
  0x0000000016eb2000 JavaThread "pool-2-thread-2" [_thread_in_Java, id=7316, stack(0x0000000017560000,0x0000000017660000)]
  0x0000000016eaf800 JavaThread "pool-3-thread-1" [_thread_blocked, id=10372, stack(0x0000000017460000,0x0000000017560000)]
  0x0000000016eaa800 JavaThread "pool-2-thread-1" [_thread_in_Java, id=9704, stack(0x0000000017360000,0x0000000017460000)]
  0x0000000016d64000 JavaThread "Service Thread" daemon [_thread_blocked, id=11072, stack(0x0000000017160000,0x0000000017260000)]
  0x000000001547e000 JavaThread "C1 CompilerThread2" daemon [_thread_in_native, id=6692, stack(0x0000000016c60000,0x0000000016d60000)]
  0x000000001546f800 JavaThread "C2 CompilerThread1" daemon [_thread_in_vm, id=10680, stack(0x0000000016b60000,0x0000000016c60000)]
  0x000000001541c800 JavaThread "C2 CompilerThread0" daemon [_thread_in_vm, id=3380, stack(0x0000000016a60000,0x0000000016b60000)]
  0x000000001541a800 JavaThread "Attach Listener" daemon [_thread_blocked, id=9784, stack(0x0000000016960000,0x0000000016a60000)]
  0x0000000015419000 JavaThread "Signal Dispatcher" daemon [_thread_blocked, id=4824, stack(0x0000000016860000,0x0000000016960000)]
  0x000000001540a800 JavaThread "Finalizer" daemon [_thread_blocked, id=8980, stack(0x0000000016680000,0x0000000016780000)]
  0x00000000153e9000 JavaThread "Reference Handler" daemon [_thread_blocked, id=812, stack(0x0000000016580000,0x0000000016680000)]
  0x0000000002c51000 JavaThread "main" [_thread_in_Java, id=9448, stack(0x0000000002b50000,0x0000000002c50000)]

Other Threads:
  0x00000000153e7000 VMThread [stack: 0x0000000016480000,0x0000000016580000] [id=6512]
  0x0000000016d81800 WatcherThread [stack: 0x0000000017260000,0x0000000017360000] [id=2512]

VM state:not at safepoint (normal execution)

VM Mutex/Monitor currently owned by a thread: None

Heap:
 PSYoungGen      total 38400K, used 15998K [0x00000000eab00000, 0x00000000ed580000, 0x0000000100000000)
  eden space 33280K, 48% used [0x00000000eab00000,0x00000000eba9f830,0x00000000ecb80000)
  from space 5120K, 0% used [0x00000000ed080000,0x00000000ed080000,0x00000000ed580000)
  to   space 5120K, 0% used [0x00000000ecb80000,0x00000000ecb80000,0x00000000ed080000)
 ParOldGen       total 87552K, used 0K [0x00000000c0000000, 0x00000000c5580000, 0x00000000eab00000)
  object space 87552K, 0% used [0x00000000c0000000,0x00000000c0000000,0x00000000c5580000)
 Metaspace       used 5676K, capacity 6640K, committed 6784K, reserved 1056768K
  class space    used 597K, capacity 616K, committed 640K, reserved 1048576K

Card table byte_map: [0x0000000012110000,0x0000000012320000] byte_map_base: 0x0000000011b10000

Marking Bits: (ParMarkBitMap*) 0x00000000590fa6d0
 Begin Bits: [0x0000000012880000, 0x0000000013880000)
 End Bits:   [0x0000000013880000, 0x0000000014880000)

Polling page: 0x0000000002a20000

CodeCache: size=245760Kb used=2202Kb max_used=2202Kb free=243557Kb
 bounds [0x0000000002d50000, 0x0000000002fc0000, 0x0000000011d50000]
 total_blobs=805 nmethods=536 adapters=182
 compilation: enabled

Compilation events (10 events):
Event: 0.443 Thread 0x000000001547e000  515       3       com.android.dx.io.Opcodes::isValidShape (46 bytes)
Event: 0.444 Thread 0x000000001547e000 nmethod 515 0x0000000002f67490 code [0x0000000002f67600, 0x0000000002f678b0]
Event: 0.445 Thread 0x000000001547e000  516       1       com.android.dx.dex.code.Dop::getOpcode (5 bytes)
Event: 0.445 Thread 0x000000001547e000 nmethod 516 0x0000000002f69090 code [0x0000000002f691e0, 0x0000000002f692f0]
Event: 0.447 Thread 0x000000001547e000  517       3       com.android.dx.dex.code.CodeAddress::<init> (7 bytes)
Event: 0.447 Thread 0x000000001547e000 nmethod 517 0x0000000002f66f10 code [0x0000000002f67080, 0x0000000002f67308]
Event: 0.447 Thread 0x000000001547e000  518       3       com.android.dx.dex.code.CodeAddress::<init> (11 bytes)
Event: 0.447 Thread 0x000000001547e000 nmethod 518 0x0000000002f6f690 code [0x0000000002f6f800, 0x0000000002f6fa28]
Event: 0.447 Thread 0x000000001547e000  519       3       com.android.dx.rop.code.InsnList::forEach (28 bytes)
Event: 0.447 Thread 0x000000001547e000 nmethod 519 0x0000000002f6fd10 code [0x0000000002f6fec0, 0x0000000002f704f8]

GC Heap History (0 events):
No events

Deoptimization events (0 events):
No events

Internal exceptions (2 events):
Event: 0.023 Thread 0x0000000002c51000 Exception <a 'java/lang/NoSuchMethodError': Method sun.misc.Unsafe.defineClass(Ljava/lang/String;[BII)Ljava/lang/Class; name or signature does not match> (0x00000000eab07cc0) thrown at [C:\re\workspace\8-2-build-windows-amd64-cygwin\jdk8u101\7261\hotspot\s^¤i—?
Event: 0.023 Thread 0x0000000002c51000 Exception <a 'java/lang/NoSuchMethodError': Method sun.misc.Unsafe.prefetchRead(Ljava/lang/Object;J)V name or signature does not match> (0x00000000eab07fa8) thrown at [C:\re\workspace\8-2-build-windows-amd64-cygwin\jdk8u101\7261\hotspot\src\share\vm\prims\

Events (10 events):
Event: 0.444 loading class com/android/dx/dex/code/form/Form22b
Event: 0.444 loading class com/android/dx/dex/code/form/Form22b done
Event: 0.446 loading class com/android/dx/dex/code/RopTranslator$1
Event: 0.446 loading class com/android/dx/dex/code/RopTranslator$1 done
Event: 0.447 loading class com/android/dx/rop/code/Insn$BaseVisitor
Event: 0.447 loading class com/android/dx/rop/code/Insn$BaseVisitor done
Event: 0.447 loading class com/android/dx/dex/code/OutputCollector
Event: 0.447 loading class com/android/dx/dex/code/OutputCollector done
Event: 0.447 loading class com/android/dx/dex/code/OutputFinisher
Event: 0.447 loading class com/android/dx/dex/code/OutputFinisher done


Dynamic libraries:
0x00007ff6aaad0000 - 0x00007ff6aab07000 	C:\Program Files\Java\jdk1.8.0_101\bin\java.exe
0x00007ffb9c6f0000 - 0x00007ffb9c8b1000 	C:\WINDOWS\SYSTEM32\ntdll.dll
0x00007ffb99bc0000 - 0x00007ffb99c6d000 	C:\WINDOWS\system32\KERNEL32.DLL
0x00007ffb98ec0000 - 0x00007ffb990a8000 	C:\WINDOWS\system32\KERNELBASE.dll
0x00007ffb9a160000 - 0x00007ffb9a207000 	C:\WINDOWS\system32\ADVAPI32.dll
0x00007ffb9be70000 - 0x00007ffb9bf0d000 	C:\WINDOWS\system32\msvcrt.dll
0x00007ffb99c70000 - 0x00007ffb99ccb000 	C:\WINDOWS\system32\sechost.dll
0x00007ffb9c5b0000 - 0x00007ffb9c6cc000 	C:\WINDOWS\system32\RPCRT4.dll
0x00007ffb9c020000 - 0x00007ffb9c176000 	C:\WINDOWS\system32\USER32.dll
0x00007ffb9a370000 - 0x00007ffb9a4f6000 	C:\WINDOWS\system32\GDI32.dll
0x00007ffb8ace0000 - 0x00007ffb8af54000 	C:\WINDOWS\WinSxS\amd64_microsoft.windows.common-controls_6595b64144ccf1df_6.0.10586.494_none_a2d8b04ea53e3145\COMCTL32.dll
0x00007ffb9a640000 - 0x00007ffb9a8bd000 	C:\WINDOWS\system32\combase.dll
0x00007ffb98e30000 - 0x00007ffb98e9a000 	C:\WINDOWS\system32\bcryptPrimitives.dll
0x00007ffb9a8c0000 - 0x00007ffb9a8fb000 	C:\WINDOWS\system32\IMM32.DLL
0x0000000057130000 - 0x0000000057202000 	C:\Program Files\Java\jdk1.8.0_101\jre\bin\msvcr100.dll
0x00000000588e0000 - 0x000000005917a000 	C:\Program Files\Java\jdk1.8.0_101\jre\bin\server\jvm.dll
0x00007ffb9be60000 - 0x00007ffb9be68000 	C:\WINDOWS\system32\PSAPI.DLL
0x00007ffb90120000 - 0x00007ffb90129000 	C:\WINDOWS\SYSTEM32\WSOCK32.dll
0x00007ffb99b50000 - 0x00007ffb99bbb000 	C:\WINDOWS\system32\WS2_32.dll
0x00007ffb97410000 - 0x00007ffb97433000 	C:\WINDOWS\SYSTEM32\WINMM.dll
0x00007ffb95fb0000 - 0x00007ffb95fba000 	C:\WINDOWS\SYSTEM32\VERSION.dll
0x00007ffb973e0000 - 0x00007ffb9740c000 	C:\WINDOWS\SYSTEM32\WINMMBASE.dll
0x00007ffb99aa0000 - 0x00007ffb99ae3000 	C:\WINDOWS\system32\cfgmgr32.dll
0x00000000587f0000 - 0x00000000587ff000 	C:\Program Files\Java\jdk1.8.0_101\jre\bin\verify.dll
0x00000000587c0000 - 0x00000000587e9000 	C:\Program Files\Java\jdk1.8.0_101\jre\bin\java.dll
0x00000000587a0000 - 0x00000000587b6000 	C:\Program Files\Java\jdk1.8.0_101\jre\bin\zip.dll
0x00007ffb9a900000 - 0x00007ffb9be5c000 	C:\WINDOWS\system32\SHELL32.dll
0x00007ffb991d0000 - 0x00007ffb99815000 	C:\WINDOWS\system32\windows.storage.dll
0x00007ffb99af0000 - 0x00007ffb99b42000 	C:\WINDOWS\system32\shlwapi.dll
0x00007ffb98d30000 - 0x00007ffb98d3f000 	C:\WINDOWS\system32\kernel.appcore.dll
0x00007ffb99110000 - 0x00007ffb991c5000 	C:\WINDOWS\system32\shcore.dll
0x00007ffb98d40000 - 0x00007ffb98d8b000 	C:\WINDOWS\system32\powrprof.dll
0x00007ffb98d10000 - 0x00007ffb98d24000 	C:\WINDOWS\system32\profapi.dll

VM Arguments:
jvm_args: -Djava.awt.headless=true -Xmx1024M -Dfile.encoding=windows-1252 -Duser.country=US -Duser.language=en -Duser.variant 
java_command: com.android.dx.command.Main --dex --force-jumbo --num-threads=4 --multi-dex --output C:\Users\Kailas\AndroidStudioProjects\AverageWeather\app\build\intermediates\transforms\dex\debug\folders\1000\10\com.android.support-support-vector-drawable-23.2.1_fd64c5baebea30b311ad6babdcba5685436ca09c C:\Users\Kailas\AndroidStudioProjects\AverageWeather\app\build\intermediates\exploded-aar\com.android.support\support-vector-drawable\23.2.1\jars\classes.jar
java_class_path (initial): C:\Users\Kailas\AppData\Local\Android\sdk\build-tools\23.0.3\lib\dx.jar
Launcher Type: SUN_STANDARD

Environment Variables:
JAVA_HOME=C:\Program Files\Java\jdk1.8.0_101
PATH=C:\ProgramData\Oracle\Java\javapath;C:\Program Files (x86)\NVIDIA Corporation\PhysX\Common;C:\WINDOWS\system32;C:\WINDOWS;C:\WINDOWS\System32\Wbem;C:\WINDOWS\System32\WindowsPowerShell\v1.0\;C:\Program Files (x86)\ATI Technologies\ATI.ACE\Core-Static;C:\Program Files (x86)\Skype\Phone\;C:\Program Files (x86)\GtkSharp\2.12\bin;C:\Program Files\WorldPainter;C:\Users\Kailas\AppData\Local\atom\bin
USERNAME=Kailas
OS=Windows_NT
PROCESSOR_IDENTIFIER=Intel64 Family 6 Model 94 Stepping 3, GenuineIntel



---------------  S Y S T E M  ---------------

OS: Windows 10.0 , 64 bit Build 10586 (10.0.10586.0)

CPU:total 4 (4 cores per cpu, 1 threads per core) family 6 model 94 stepping 3, cmov, cx8, fxsr, mmx, sse, sse2, sse3, ssse3, sse4.1, sse4.2, popcnt, avx, avx2, aes, clmul, erms, rtm, 3dnowpref, lzcnt, tsc, tscinvbit, bmi1, bmi2, adx

Memory: 4k page, physical 8338436k(1680840k free), swap 14290192k(348k free)

vm_info: Java HotSpot(TM) 64-Bit Server VM (25.101-b13) for windows-amd64 JRE (1.8.0_101-b13), built on Jun 22 2016 01:21:29 by "java_re" with MS VC++ 10.0 (VS2010)

time: Mon Aug 08 12:01:09 2016
elapsed time: 0 seconds (0d 0h 0m 0s)

