#
# There is insufficient memory for the Java Runtime Environment to continue.
# Native memory allocation (malloc) failed to allocate 32744 bytes for ChunkPool::allocate
# Possible reasons:
#   The system is out of physical RAM or swap space
#   In 32 bit mode, the process size limit was hit
# Possible solutions:
#   Reduce memory load on the system
#   Increase physical memory or swap space
#   Check if swap backing store is full
#   Use 64 bit Java on a 64 bit OS
#   Decrease Java heap size (-Xmx/-Xms)
#   Decrease number of Java threads
#   Decrease Java thread stack sizes (-Xss)
#   Set larger code cache with -XX:ReservedCodeCacheSize=
# This output file may be truncated or incomplete.
#
#  Out of Memory Error (allocation.cpp:273), pid=6916, tid=10736
#
# JRE version: Java(TM) SE Runtime Environment (8.0_65-b17) (build 1.8.0_65-b17)
# Java VM: Java HotSpot(TM) 64-Bit Server VM (25.65-b01 mixed mode windows-amd64 compressed oops)
# Failed to write core dump. Minidumps are not enabled by default on client versions of Windows
#

---------------  T H R E A D  ---------------

Current thread (0x000000001582f000):  JavaThread "C2 CompilerThread1" daemon [_thread_in_native, id=10736, stack(0x0000000016f80000,0x0000000017080000)]

Stack: [0x0000000016f80000,0x0000000017080000]
[error occurred during error reporting (printing stack bounds), id 0xc0000005]

Native frames: (J=compiled Java code, j=interpreted, Vv=VM code, C=native code)


Current CompileTask:
C2:   2795  767       4      
[error occurred during error reporting (printing current compile task), id 0xe0000001]


---------------  P R O C E S S  ---------------

Java Threads: ( => current thread )
  0x0000000017458800 JavaThread "pool-2-thread-4" [_thread_in_vm, id=1904, stack(0x0000000017b80000,0x0000000017c80000)]
  0x0000000017457800 JavaThread "pool-2-thread-3" [_thread_blocked, id=1656, stack(0x0000000017a80000,0x0000000017b80000)]
  0x000000001741e800 JavaThread "pool-2-thread-2" [_thread_blocked, id=10696, stack(0x0000000017980000,0x0000000017a80000)]
  0x000000001741c000 JavaThread "pool-3-thread-1" [_thread_blocked, id=11224, stack(0x0000000017880000,0x0000000017980000)]
  0x000000001741b000 JavaThread "pool-2-thread-1" [_thread_blocked, id=10812, stack(0x0000000017780000,0x0000000017880000)]
  0x000000001588c800 JavaThread "Service Thread" daemon [_thread_blocked, id=6900, stack(0x0000000017580000,0x0000000017680000)]
  0x0000000015888000 JavaThread "C1 CompilerThread2" daemon [_thread_in_native, id=1044, stack(0x0000000017080000,0x0000000017180000)]
=>0x000000001582f000 JavaThread "C2 CompilerThread1" daemon [_thread_in_native, id=10736, stack(0x0000000016f80000,0x0000000017080000)]
  0x000000001582b800 JavaThread "C2 CompilerThread0" daemon [_thread_in_native, id=1816, stack(0x0000000016e80000,0x0000000016f80000)]
  0x000000001582a000 JavaThread "Attach Listener" daemon [_thread_blocked, id=2304, stack(0x0000000016d80000,0x0000000016e80000)]
  0x0000000015829000 JavaThread "Signal Dispatcher" daemon [_thread_blocked, id=10744, stack(0x0000000016c80000,0x0000000016d80000)]
  0x0000000003150800 JavaThread "Finalizer" daemon [_thread_blocked, id=3976, stack(0x0000000016aa0000,0x0000000016ba0000)]
  0x000000000314d000 JavaThread "Reference Handler" daemon [_thread_blocked, id=2116, stack(0x00000000169a0000,0x0000000016aa0000)]
  0x0000000003060800 JavaThread "main" [_thread_in_Java, id=4704, stack(0x0000000002ec0000,0x0000000002fc0000)]

Other Threads:
  0x00000000157f8000 VMThread [stack: 0x00000000168a0000,0x00000000169a0000] [id=6312]
  0x0000000017188800 WatcherThread [stack: 0x0000000017680000,0x0000000017780000] [id=5064]

VM state:not at safepoint (normal execution)

VM Mutex/Monitor currently owned by a thread: None

Heap:
 PSYoungGen      total 38400K, used 20243K [0x00000000eab00000, 0x00000000ed580000, 0x0000000100000000)
  eden space 33280K, 60% used [0x00000000eab00000,0x00000000ebec4fd0,0x00000000ecb80000)
  from space 5120K, 0% used [0x00000000ed080000,0x00000000ed080000,0x00000000ed580000)
  to   space 5120K, 0% used [0x00000000ecb80000,0x00000000ecb80000,0x00000000ed080000)
 ParOldGen       total 87552K, used 0K [0x00000000c0000000, 0x00000000c5580000, 0x00000000eab00000)
  object space 87552K, 0% used [0x00000000c0000000,0x00000000c0000000,0x00000000c5580000)
 Metaspace       used 5748K, capacity 6704K, committed 6784K, reserved 1056768K
  class space    used 601K, capacity 616K, committed 640K, reserved 1048576K

Card table byte_map: [0x0000000012520000,0x0000000012730000] byte_map_base: 0x0000000011f20000

Marking Bits: (ParMarkBitMap*) 0x000000005fdaa5b0
 Begin Bits: [0x0000000012c90000, 0x0000000013c90000)
 End Bits:   [0x0000000013c90000, 0x0000000014c90000)

Polling page: 0x0000000001720000

CodeCache: size=245760Kb used=3011Kb max_used=3023Kb free=242748Kb
 bounds [0x0000000003160000, 0x0000000003460000, 0x0000000012160000]
 total_blobs=1027 nmethods=758 adapters=182
 compilation: enabled

Compilation events (10 events):
Event: 2.787 Thread 0x000000001582f000  763       4       com.android.dx.rop.type.Type::hashCode (8 bytes)
Event: 2.787 Thread 0x000000001582b800  764       4       java.util.HashMap::containsKey (18 bytes)
Event: 2.788 Thread 0x000000001582f000 nmethod 763 0x0000000003443450 code [0x0000000003443580, 0x00000000034436f8]
Event: 2.788 Thread 0x000000001582f000  767       4       com.android.dx.ssa.SsaBasicBlock::forEachInsn (37 bytes)
Event: 2.789 Thread 0x000000001582b800 nmethod 764 0x00000000034424d0 code [0x0000000003442620, 0x00000000034428b8]
Event: 2.791 Thread 0x000000001582b800  771       4       com.android.dx.ssa.SsaBasicBlock::isReachable (29 bytes)
Event: 2.791 Thread 0x000000001582b800 nmethod 771 0x0000000003414110 code [0x0000000003414240, 0x00000000034142d8]
Event: 2.792 Thread 0x000000001582b800  773       4       java.util.ArrayList::remove (69 bytes)
Event: 2.793 Thread 0x000000001582b800 nmethod 773 0x000000000344b5d0 code [0x000000000344b720, 0x000000000344b8b8]
Event: 2.793 Thread 0x000000001582b800  775       4       java.util.HashSet::contains (9 bytes)

GC Heap History (0 events):
No events

Deoptimization events (3 events):
Event: 1.916 Thread 0x0000000003060800 Uncommon trap: reason=unstable_if action=reinterpret pc=0x00000000032b5794 method=java.lang.String.compareTo(Ljava/lang/String;)I @ 38
Event: 2.648 Thread 0x0000000003060800 Uncommon trap: reason=bimorphic action=maybe_recompile pc=0x000000000338c304 method=java.util.HashMap.getNode(ILjava/lang/Object;)Ljava/util/HashMap$Node; @ 126
Event: 2.669 Thread 0x0000000003060800 Uncommon trap: reason=unstable_if action=reinterpret pc=0x000000000338c2e0 method=java.util.HashMap.getNode(ILjava/lang/Object;)Ljava/util/HashMap$Node; @ 129

Internal exceptions (2 events):
Event: 0.166 Thread 0x0000000003060800 Exception <a 'java/lang/NoSuchMethodError': Method sun.misc.Unsafe.defineClass(Ljava/lang/String;[BII)Ljava/lang/Class; name or signature does not match> (0x00000000eab0d410) thrown at [C:\workspace\8-2-build-windows-amd64-cygwin\jdk8u65\4987\hotspot\src\s×bÌJ:Å?
Event: 0.166 Thread 0x0000000003060800 Exception <a 'java/lang/NoSuchMethodError': Method sun.misc.Unsafe.prefetchRead(Ljava/lang/Object;J)V name or signature does not match> (0x00000000eab0d6f8) thrown at [C:\workspace\8-2-build-windows-amd64-cygwin\jdk8u65\4987\hotspot\src\share\vm\prims\jni.

Events (10 events):
Event: 2.675 loading class com/android/dx/ssa/back/FirstFitLocalCombiningAllocator$Multiset
Event: 2.675 loading class com/android/dx/ssa/back/FirstFitLocalCombiningAllocator$Multiset done
Event: 2.692 loading class com/android/dx/cf/code/SwitchList
Event: 2.692 loading class com/android/dx/cf/code/SwitchList done
Event: 2.695 Executing VM operation: ForceSafepoint
Event: 2.786 Executing VM operation: ForceSafepoint done
Event: 2.791 loading class java/util/DualPivotQuicksort
Event: 2.791 loading class java/util/DualPivotQuicksort done
Event: 2.792 loading class java/util/ArrayList$1
Event: 2.792 loading class java/util/ArrayList$1 done


Dynamic libraries:
0x00007ff7167e0000 - 0x00007ff716817000 	C:\Program Files\Java\jdk1.8.0_65\bin\java.exe
0x00007ffecfee0000 - 0x00007ffed00a1000 	C:\WINDOWS\SYSTEM32\ntdll.dll
0x00007ffecf0d0000 - 0x00007ffecf17d000 	C:\WINDOWS\system32\KERNEL32.DLL
0x00007ffecc7d0000 - 0x00007ffecc9b8000 	C:\WINDOWS\system32\KERNELBASE.dll
0x00007ffecef40000 - 0x00007ffecefe7000 	C:\WINDOWS\system32\ADVAPI32.dll
0x00007ffecfa10000 - 0x00007ffecfaad000 	C:\WINDOWS\system32\msvcrt.dll
0x00007ffeceff0000 - 0x00007ffecf04b000 	C:\WINDOWS\system32\sechost.dll
0x00007ffecf1f0000 - 0x00007ffecf30c000 	C:\WINDOWS\system32\RPCRT4.dll
0x00007ffecd2e0000 - 0x00007ffecd436000 	C:\WINDOWS\system32\USER32.dll
0x00007ffecf870000 - 0x00007ffecf9f6000 	C:\WINDOWS\system32\GDI32.dll
0x00007ffebe5a0000 - 0x00007ffebe814000 	C:\WINDOWS\WinSxS\amd64_microsoft.windows.common-controls_6595b64144ccf1df_6.0.10586.0_none_8c15ae12515e1c22\COMCTL32.dll
0x00007ffecfc60000 - 0x00007ffecfedd000 	C:\WINDOWS\system32\combase.dll
0x00007ffecc590000 - 0x00007ffecc5fa000 	C:\WINDOWS\system32\bcryptPrimitives.dll
0x00007ffecf820000 - 0x00007ffecf85b000 	C:\WINDOWS\system32\IMM32.DLL
0x000000005f040000 - 0x000000005f112000 	C:\Program Files\Java\jdk1.8.0_65\jre\bin\msvcr100.dll
0x000000005f5a0000 - 0x000000005fe29000 	C:\Program Files\Java\jdk1.8.0_65\jre\bin\server\jvm.dll
0x00007ffecf740000 - 0x00007ffecf748000 	C:\WINDOWS\system32\PSAPI.DLL
0x00007ffec9700000 - 0x00007ffec9709000 	C:\WINDOWS\SYSTEM32\WSOCK32.dll
0x00007ffecf180000 - 0x00007ffecf1eb000 	C:\WINDOWS\system32\WS2_32.dll
0x00007ffeca840000 - 0x00007ffeca863000 	C:\WINDOWS\SYSTEM32\WINMM.dll
0x00007ffec9590000 - 0x00007ffec959a000 	C:\WINDOWS\SYSTEM32\VERSION.dll
0x00007ffeca7e0000 - 0x00007ffeca80c000 	C:\WINDOWS\SYSTEM32\WINMMBASE.dll
0x00007ffecc9c0000 - 0x00007ffecca03000 	C:\WINDOWS\system32\cfgmgr32.dll
0x000000005f4b0000 - 0x000000005f4bf000 	C:\Program Files\Java\jdk1.8.0_65\jre\bin\verify.dll
0x000000005f480000 - 0x000000005f4a9000 	C:\Program Files\Java\jdk1.8.0_65\jre\bin\java.dll
0x000000005f460000 - 0x000000005f476000 	C:\Program Files\Java\jdk1.8.0_65\jre\bin\zip.dll
0x00007ffecd980000 - 0x00007ffeceedc000 	C:\WINDOWS\system32\SHELL32.dll
0x00007ffeccc90000 - 0x00007ffecd2d4000 	C:\WINDOWS\system32\windows.storage.dll
0x00007ffeceee0000 - 0x00007ffecef32000 	C:\WINDOWS\system32\shlwapi.dll
0x00007ffecc570000 - 0x00007ffecc57f000 	C:\WINDOWS\system32\kernel.appcore.dll
0x00007ffeccb70000 - 0x00007ffeccc25000 	C:\WINDOWS\system32\shcore.dll
0x00007ffecc500000 - 0x00007ffecc54b000 	C:\WINDOWS\system32\powrprof.dll
0x00007ffecc550000 - 0x00007ffecc564000 	C:\WINDOWS\system32\profapi.dll

VM Arguments:
jvm_args: -Djava.awt.headless=true -Xmx1024M -Dfile.encoding=windows-1252 -Duser.country=US -Duser.language=en -Duser.variant 
java_command: com.android.dx.command.Main --dex --force-jumbo --num-threads=4 --multi-dex --output C:\Users\Kailas\AndroidStudioProjects\AverageWeather\app\build\intermediates\transforms\dex\debug\folders\1000\10\com.android.support-appcompat-v7-23.2.1_ba1154cdc8effa6dc86f7d6119b4417d02956070 C:\Users\Kailas\AndroidStudioProjects\AverageWeather\app\build\intermediates\exploded-aar\com.android.support\appcompat-v7\23.2.1\jars\classes.jar
java_class_path (initial): C:\Users\Kailas\AppData\Local\Android\sdk\build-tools\23.0.2\lib\dx.jar
Launcher Type: SUN_STANDARD

Environment Variables:
JAVA_HOME=C:\Program Files\Java\jdk1.8.0_65
PATH=C:\ProgramData\Oracle\Java\javapath;C:\WINDOWS\system32;C:\WINDOWS;C:\WINDOWS\System32\Wbem;C:\WINDOWS\System32\WindowsPowerShell\v1.0\;C:\Program Files (x86)\ATI Technologies\ATI.ACE\Core-Static;C:\Program Files (x86)\Skype\Phone\;C:\Program Files (x86)\GtkSharp\2.12\bin;C:\Users\Kailas\AppData\Local\atom\bin
USERNAME=Kailas
OS=Windows_NT
PROCESSOR_IDENTIFIER=Intel64 Family 6 Model 94 Stepping 3, GenuineIntel



---------------  S Y S T E M  ---------------

OS: Windows 10.0 , 64 bit Build 10586 (10.0.10586.0)

CPU:total 4 (4 cores per cpu, 1 threads per core) family 6 model 94 stepping 3, cmov, cx8, fxsr, mmx, sse, sse2, sse3, ssse3, sse4.1, sse4.2, popcnt, avx, avx2, aes, clmul, erms, rtm, 3dnowpref, lzcnt, tsc, tscinvbit, bmi1, bmi2, adx

Memory: 4k page, physical 8338436k(263344k free), swap 12777036k(5120k free)

vm_info: Java HotSpot(TM) 64-Bit Server VM (25.65-b01) for windows-amd64 JRE (1.8.0_65-b17), built on Oct  6 2015 16:39:20 by "java_re" with MS VC++ 10.0 (VS2010)

time: Sun Jun 05 18:56:18 2016
elapsed time: 2 seconds (0d 0h 0m 2s)

