#
# There is insufficient memory for the Java Runtime Environment to continue.
# Native memory allocation (malloc) failed to allocate 197696 bytes for Chunk::new
# Possible reasons:
#   The system is out of physical RAM or swap space
#   In 32 bit mode, the process size limit was hit
# Possible solutions:
#   Reduce memory load on the system
#   Increase physical memory or swap space
#   Check if swap backing store is full
#   Use 64 bit Java on a 64 bit OS
#   Decrease Java heap size (-Xmx/-Xms)
#   Decrease number of Java threads
#   Decrease Java thread stack sizes (-Xss)
#   Set larger code cache with -XX:ReservedCodeCacheSize=
# This output file may be truncated or incomplete.
#
#  Out of Memory Error (allocation.cpp:390), pid=9020, tid=10688
#
# JRE version: Java(TM) SE Runtime Environment (8.0_65-b17) (build 1.8.0_65-b17)
# Java VM: Java HotSpot(TM) 64-Bit Server VM (25.65-b01 mixed mode windows-amd64 compressed oops)
# Failed to write core dump. Minidumps are not enabled by default on client versions of Windows
#

---------------  T H R E A D  ---------------

Current thread (0x00000000158ce000):  JavaThread "C2 CompilerThread1" daemon [_thread_in_native, id=10688, stack(0x0000000016fc0000,0x00000000170c0000)]

Stack: [0x0000000016fc0000,0x00000000170c0000]
[error occurred during error reporting (printing stack bounds), id 0xc0000005]

Native frames: (J=compiled Java code, j=interpreted, Vv=VM code, C=native code)


Current CompileTask:
C2:   2179 1585       4       com.android.dx.ssa.Dominators::compress (229 bytes)


---------------  P R O C E S S  ---------------

Java Threads: ( => current thread )
  0x0000000017476800 JavaThread "pool-2-thread-4" [_thread_in_vm, id=840, stack(0x00000000183c0000,0x00000000184c0000)]
  0x0000000017475800 JavaThread "pool-2-thread-3" [_thread_blocked, id=8332, stack(0x00000000182c0000,0x00000000183c0000)]
  0x0000000017475000 JavaThread "pool-2-thread-2" [_thread_blocked, id=6804, stack(0x00000000181c0000,0x00000000182c0000)]
  0x0000000017407800 JavaThread "pool-3-thread-1" [_thread_blocked, id=10664, stack(0x00000000180c0000,0x00000000181c0000)]
  0x00000000174e0000 JavaThread "pool-2-thread-1" [_thread_blocked, id=5840, stack(0x0000000017fc0000,0x00000000180c0000)]
  0x00000000171c7000 JavaThread "Service Thread" daemon [_thread_blocked, id=6384, stack(0x00000000175c0000,0x00000000176c0000)]
  0x00000000158de800 JavaThread "C1 CompilerThread2" daemon [_thread_blocked, id=2148, stack(0x00000000170c0000,0x00000000171c0000)]
=>0x00000000158ce000 JavaThread "C2 CompilerThread1" daemon [_thread_in_native, id=10688, stack(0x0000000016fc0000,0x00000000170c0000)]
  0x000000001587c000 JavaThread "C2 CompilerThread0" daemon [_thread_in_native, id=1360, stack(0x0000000016ec0000,0x0000000016fc0000)]
  0x000000001587a800 JavaThread "Attach Listener" daemon [_thread_blocked, id=3928, stack(0x0000000016dc0000,0x0000000016ec0000)]
  0x0000000015879800 JavaThread "Signal Dispatcher" daemon [_thread_blocked, id=2172, stack(0x0000000016cc0000,0x0000000016dc0000)]
  0x00000000031a6000 JavaThread "Finalizer" daemon [_thread_blocked, id=2428, stack(0x0000000016ae0000,0x0000000016be0000)]
  0x000000000319d000 JavaThread "Reference Handler" daemon [_thread_blocked, id=4708, stack(0x00000000169e0000,0x0000000016ae0000)]
  0x00000000030b0800 JavaThread "main" [_thread_blocked, id=5104, stack(0x0000000002fb0000,0x00000000030b0000)]

Other Threads:
  0x0000000015848000 VMThread [stack: 0x00000000168e0000,0x00000000169e0000] [id=6416]
  0x00000000171cb000 WatcherThread [stack: 0x00000000176c0000,0x00000000177c0000] [id=9888]

VM state:not at safepoint (normal execution)

VM Mutex/Monitor currently owned by a thread: None

Heap:
 PSYoungGen      total 71680K, used 19659K [0x00000000eab00000, 0x00000000ef600000, 0x0000000100000000)
  eden space 66560K, 21% used [0x00000000eab00000,0x00000000eb9342f0,0x00000000eec00000)
  from space 5120K, 99% used [0x00000000ef100000,0x00000000ef5feab0,0x00000000ef600000)
  to   space 5120K, 0% used [0x00000000eec00000,0x00000000eec00000,0x00000000ef100000)
 ParOldGen       total 87552K, used 4835K [0x00000000c0000000, 0x00000000c5580000, 0x00000000eab00000)
  object space 87552K, 5% used [0x00000000c0000000,0x00000000c04b8ca8,0x00000000c5580000)
 Metaspace       used 6271K, capacity 7152K, committed 7296K, reserved 1056768K
  class space    used 601K, capacity 616K, committed 640K, reserved 1048576K

Card table byte_map: [0x0000000012570000,0x0000000012780000] byte_map_base: 0x0000000011f70000

Marking Bits: (ParMarkBitMap*) 0x000000005fdaa5b0
 Begin Bits: [0x0000000012ce0000, 0x0000000013ce0000)
 End Bits:   [0x0000000013ce0000, 0x0000000014ce0000)

Polling page: 0x0000000001670000

CodeCache: size=245760Kb used=6608Kb max_used=6620Kb free=239151Kb
 bounds [0x00000000031b0000, 0x0000000003830000, 0x00000000121b0000]
 total_blobs=1977 nmethods=1707 adapters=182
 compilation: enabled

Compilation events (10 events):
Event: 2.161 Thread 0x00000000158ce000 nmethod 1707 0x0000000003821790 code [0x0000000003821d00, 0x0000000003824dd0]
Event: 2.161 Thread 0x00000000158ce000 1611       4       com.android.dx.cf.code.Ropper::getAvailableLabel (54 bytes)
Event: 2.165 Thread 0x00000000158ce000 nmethod 1611 0x000000000381de10 code [0x000000000381df80, 0x000000000381e398]
Event: 2.165 Thread 0x00000000158ce000 1593       4       com.android.dx.ssa.SsaMethod::getUseListCopy (56 bytes)
Event: 2.169 Thread 0x00000000158ce000 nmethod 1593 0x000000000381f810 code [0x000000000381f980, 0x000000000381fee8]
Event: 2.169 Thread 0x00000000158ce000 1735       4       java.util.TreeMap::getEntry (84 bytes)
Event: 2.171 Thread 0x00000000158ce000 nmethod 1735 0x000000000382af10 code [0x000000000382b060, 0x000000000382b1b8]
Event: 2.171 Thread 0x00000000158ce000 1589       4       com.android.dx.cf.iface.StdAttributeList::findFirst (44 bytes)
Event: 2.172 Thread 0x00000000158ce000 nmethod 1589 0x000000000381f150 code [0x000000000381f2a0, 0x000000000381f598]
Event: 2.172 Thread 0x00000000158ce000 1585       4       com.android.dx.ssa.Dominators::compress (229 bytes)

GC Heap History (4 events):
Event: 1.308 GC heap before
{Heap before GC invocations=1 (full 0):
 PSYoungGen      total 38400K, used 33280K [0x00000000eab00000, 0x00000000ed580000, 0x0000000100000000)
  eden space 33280K, 100% used [0x00000000eab00000,0x00000000ecb80000,0x00000000ecb80000)
  from space 5120K, 0% used [0x00000000ed080000,0x00000000ed080000,0x00000000ed580000)
  to   space 5120K, 0% used [0x00000000ecb80000,0x00000000ecb80000,0x00000000ed080000)
 ParOldGen       total 87552K, used 0K [0x00000000c0000000, 0x00000000c5580000, 0x00000000eab00000)
  object space 87552K, 0% used [0x00000000c0000000,0x00000000c0000000,0x00000000c5580000)
 Metaspace       used 6036K, capacity 6960K, committed 7040K, reserved 1056768K
  class space    used 597K, capacity 616K, committed 640K, reserved 1048576K
Event: 1.537 GC heap after
Heap after GC invocations=1 (full 0):
 PSYoungGen      total 38400K, used 5088K [0x00000000eab00000, 0x00000000ef600000, 0x0000000100000000)
  eden space 33280K, 0% used [0x00000000eab00000,0x00000000eab00000,0x00000000ecb80000)
  from space 5120K, 99% used [0x00000000ecb80000,0x00000000ed0783a0,0x00000000ed080000)
  to   space 5120K, 0% used [0x00000000ef100000,0x00000000ef100000,0x00000000ef600000)
 ParOldGen       total 87552K, used 873K [0x00000000c0000000, 0x00000000c5580000, 0x00000000eab00000)
  object space 87552K, 0% used [0x00000000c0000000,0x00000000c00da638,0x00000000c5580000)
 Metaspace       used 6036K, capacity 6960K, committed 7040K, reserved 1056768K
  class space    used 597K, capacity 616K, committed 640K, reserved 1048576K
}
Event: 1.824 GC heap before
{Heap before GC invocations=2 (full 0):
 PSYoungGen      total 38400K, used 38368K [0x00000000eab00000, 0x00000000ef600000, 0x0000000100000000)
  eden space 33280K, 100% used [0x00000000eab00000,0x00000000ecb80000,0x00000000ecb80000)
  from space 5120K, 99% used [0x00000000ecb80000,0x00000000ed0783a0,0x00000000ed080000)
  to   space 5120K, 0% used [0x00000000ef100000,0x00000000ef100000,0x00000000ef600000)
 ParOldGen       total 87552K, used 873K [0x00000000c0000000, 0x00000000c5580000, 0x00000000eab00000)
  object space 87552K, 0% used [0x00000000c0000000,0x00000000c00da638,0x00000000c5580000)
 Metaspace       used 6219K, capacity 7088K, committed 7296K, reserved 1056768K
  class space    used 601K, capacity 616K, committed 640K, reserved 1048576K
Event: 1.987 GC heap after
Heap after GC invocations=2 (full 0):
 PSYoungGen      total 71680K, used 5114K [0x00000000eab00000, 0x00000000ef600000, 0x0000000100000000)
  eden space 66560K, 0% used [0x00000000eab00000,0x00000000eab00000,0x00000000eec00000)
  from space 5120K, 99% used [0x00000000ef100000,0x00000000ef5feab0,0x00000000ef600000)
  to   space 5120K, 0% used [0x00000000eec00000,0x00000000eec00000,0x00000000ef100000)
 ParOldGen       total 87552K, used 4835K [0x00000000c0000000, 0x00000000c5580000, 0x00000000eab00000)
  object space 87552K, 5% used [0x00000000c0000000,0x00000000c04b8ca8,0x00000000c5580000)
 Metaspace       used 6219K, capacity 7088K, committed 7296K, reserved 1056768K
  class space    used 601K, capacity 616K, committed 640K, reserved 1048576K
}

Deoptimization events (10 events):
Event: 1.548 Thread 0x0000000017475800 Uncommon trap: reason=unstable_if action=reinterpret pc=0x0000000003691310 method=com.android.dx.ssa.SCCP.simulateStmt(Lcom/android/dx/ssa/SsaInsn;)V @ 53
Event: 1.557 Thread 0x00000000174e0000 Uncommon trap: reason=class_check action=maybe_recompile pc=0x0000000003469b70 method=com.android.dx.rop.type.Type.equals(Ljava/lang/Object;)Z @ 8
Event: 1.588 Thread 0x00000000174e0000 Uncommon trap: reason=class_check action=maybe_recompile pc=0x0000000003469b70 method=com.android.dx.rop.type.Type.equals(Ljava/lang/Object;)Z @ 8
Event: 1.590 Thread 0x00000000174e0000 Uncommon trap: reason=class_check action=maybe_recompile pc=0x0000000003469b70 method=com.android.dx.rop.type.Type.equals(Ljava/lang/Object;)Z @ 8
Event: 1.598 Thread 0x0000000017475000 Uncommon trap: reason=class_check action=maybe_recompile pc=0x0000000003469b70 method=com.android.dx.rop.type.Type.equals(Ljava/lang/Object;)Z @ 8
Event: 1.603 Thread 0x00000000174e0000 Uncommon trap: reason=class_check action=maybe_recompile pc=0x000000000341e6a0 method=com.android.dx.rop.type.Type.equals(Ljava/lang/Object;)Z @ 8
Event: 1.610 Thread 0x0000000017475000 Uncommon trap: reason=unstable_if action=reinterpret pc=0x00000000035c4bbc method=com.android.dx.util.IntList.binarysearch(I)I @ 105
Event: 1.623 Thread 0x0000000017475800 Uncommon trap: reason=bimorphic action=maybe_recompile pc=0x00000000033ad174 method=java.util.HashMap.getNode(ILjava/lang/Object;)Ljava/util/HashMap$Node; @ 126
Event: 1.623 Thread 0x0000000017475800 Uncommon trap: reason=bimorphic action=maybe_recompile pc=0x00000000033ad174 method=java.util.HashMap.getNode(ILjava/lang/Object;)Ljava/util/HashMap$Node; @ 126
Event: 2.068 Thread 0x00000000030b0800 Uncommon trap: reason=unstable_if action=reinterpret pc=0x00000000035284c0 method=java.lang.String.<init>([CII)V @ 18

Internal exceptions (2 events):
Event: 0.025 Thread 0x00000000030b0800 Exception <a 'java/lang/NoSuchMethodError': Method sun.misc.Unsafe.defineClass(Ljava/lang/String;[BII)Ljava/lang/Class; name or signature does not match> (0x00000000eab0d440) thrown at [C:\workspace\8-2-build-windows-amd64-cygwin\jdk8u65\4987\hotspot\src\sˇÔ€aêö?
Event: 0.025 Thread 0x00000000030b0800 Exception <a 'java/lang/NoSuchMethodError': Method sun.misc.Unsafe.prefetchRead(Ljava/lang/Object;J)V name or signature does not match> (0x00000000eab0d728) thrown at [C:\workspace\8-2-build-windows-amd64-cygwin\jdk8u65\4987\hotspot\src\share\vm\prims\jni.

Events (10 events):
Event: 1.623 Thread 0x0000000017475800 DEOPT PACKING pc=0x00000000033ad174 sp=0x00000000183bec60
Event: 1.623 Thread 0x0000000017475800 DEOPT UNPACKING pc=0x00000000031f582a sp=0x00000000183bebd0 mode 2
Event: 1.623 Thread 0x0000000017475800 Uncommon trap: trap_request=0xffffffc6 fr.pc=0x00000000033ad174
Event: 1.623 Thread 0x0000000017475800 DEOPT PACKING pc=0x00000000033ad174 sp=0x00000000183bec60
Event: 1.623 Thread 0x0000000017475800 DEOPT UNPACKING pc=0x00000000031f582a sp=0x00000000183bebd0 mode 2
Event: 1.824 Executing VM operation: ParallelGCFailedAllocation
Event: 1.987 Executing VM operation: ParallelGCFailedAllocation done
Event: 2.068 Thread 0x00000000030b0800 Uncommon trap: trap_request=0xffffff65 fr.pc=0x00000000035284c0
Event: 2.068 Thread 0x00000000030b0800 DEOPT PACKING pc=0x00000000035284c0 sp=0x00000000030ae510
Event: 2.068 Thread 0x00000000030b0800 DEOPT UNPACKING pc=0x00000000031f582a sp=0x00000000030ae440 mode 2


Dynamic libraries:
0x00007ff7167e0000 - 0x00007ff716817000 	C:\Program Files\Java\jdk1.8.0_65\bin\java.exe
0x00007ffecfee0000 - 0x00007ffed00a1000 	C:\WINDOWS\SYSTEM32\ntdll.dll
0x00007ffecf0d0000 - 0x00007ffecf17d000 	C:\WINDOWS\system32\KERNEL32.DLL
0x00007ffecc7d0000 - 0x00007ffecc9b8000 	C:\WINDOWS\system32\KERNELBASE.dll
0x00007ffecef40000 - 0x00007ffecefe7000 	C:\WINDOWS\system32\ADVAPI32.dll
0x00007ffecfa10000 - 0x00007ffecfaad000 	C:\WINDOWS\system32\msvcrt.dll
0x00007ffeceff0000 - 0x00007ffecf04b000 	C:\WINDOWS\system32\sechost.dll
0x00007ffecf1f0000 - 0x00007ffecf30c000 	C:\WINDOWS\system32\RPCRT4.dll
0x00007ffecd2e0000 - 0x00007ffecd436000 	C:\WINDOWS\system32\USER32.dll
0x00007ffecf870000 - 0x00007ffecf9f6000 	C:\WINDOWS\system32\GDI32.dll
0x00007ffebe5a0000 - 0x00007ffebe814000 	C:\WINDOWS\WinSxS\amd64_microsoft.windows.common-controls_6595b64144ccf1df_6.0.10586.0_none_8c15ae12515e1c22\COMCTL32.dll
0x00007ffecfc60000 - 0x00007ffecfedd000 	C:\WINDOWS\system32\combase.dll
0x00007ffecc590000 - 0x00007ffecc5fa000 	C:\WINDOWS\system32\bcryptPrimitives.dll
0x00007ffecf820000 - 0x00007ffecf85b000 	C:\WINDOWS\system32\IMM32.DLL
0x000000005f040000 - 0x000000005f112000 	C:\Program Files\Java\jdk1.8.0_65\jre\bin\msvcr100.dll
0x000000005f5a0000 - 0x000000005fe29000 	C:\Program Files\Java\jdk1.8.0_65\jre\bin\server\jvm.dll
0x00007ffecf740000 - 0x00007ffecf748000 	C:\WINDOWS\system32\PSAPI.DLL
0x00007ffec9700000 - 0x00007ffec9709000 	C:\WINDOWS\SYSTEM32\WSOCK32.dll
0x00007ffecf180000 - 0x00007ffecf1eb000 	C:\WINDOWS\system32\WS2_32.dll
0x00007ffeca840000 - 0x00007ffeca863000 	C:\WINDOWS\SYSTEM32\WINMM.dll
0x00007ffec9590000 - 0x00007ffec959a000 	C:\WINDOWS\SYSTEM32\VERSION.dll
0x00007ffeca7e0000 - 0x00007ffeca80c000 	C:\WINDOWS\SYSTEM32\WINMMBASE.dll
0x00007ffecc9c0000 - 0x00007ffecca03000 	C:\WINDOWS\system32\cfgmgr32.dll
0x000000005f4b0000 - 0x000000005f4bf000 	C:\Program Files\Java\jdk1.8.0_65\jre\bin\verify.dll
0x000000005f480000 - 0x000000005f4a9000 	C:\Program Files\Java\jdk1.8.0_65\jre\bin\java.dll
0x000000005f460000 - 0x000000005f476000 	C:\Program Files\Java\jdk1.8.0_65\jre\bin\zip.dll
0x00007ffecd980000 - 0x00007ffeceedc000 	C:\WINDOWS\system32\SHELL32.dll
0x00007ffeccc90000 - 0x00007ffecd2d4000 	C:\WINDOWS\system32\windows.storage.dll
0x00007ffeceee0000 - 0x00007ffecef32000 	C:\WINDOWS\system32\shlwapi.dll
0x00007ffecc570000 - 0x00007ffecc57f000 	C:\WINDOWS\system32\kernel.appcore.dll
0x00007ffeccb70000 - 0x00007ffeccc25000 	C:\WINDOWS\system32\shcore.dll
0x00007ffecc500000 - 0x00007ffecc54b000 	C:\WINDOWS\system32\powrprof.dll
0x00007ffecc550000 - 0x00007ffecc564000 	C:\WINDOWS\system32\profapi.dll

VM Arguments:
jvm_args: -Djava.awt.headless=true -Xmx1024M -Dfile.encoding=windows-1252 -Duser.country=US -Duser.language=en -Duser.variant 
java_command: com.android.dx.command.Main --dex --force-jumbo --num-threads=4 --multi-dex --output C:\Users\Kailas\AndroidStudioProjects\AverageWeather\app\build\intermediates\transforms\dex\debug\folders\1000\10\com.google.android.gms-play-services-location-8.4.0_804f55138544bea36359ce2080fc096f6e9230ba C:\Users\Kailas\AndroidStudioProjects\AverageWeather\app\build\intermediates\exploded-aar\com.google.android.gms\play-services-location\8.4.0\jars\classes.jar
java_class_path (initial): C:\Users\Kailas\AppData\Local\Android\sdk\build-tools\23.0.2\lib\dx.jar
Launcher Type: SUN_STANDARD

Environment Variables:
JAVA_HOME=C:\Program Files\Java\jdk1.8.0_65
PATH=C:\ProgramData\Oracle\Java\javapath;C:\WINDOWS\system32;C:\WINDOWS;C:\WINDOWS\System32\Wbem;C:\WINDOWS\System32\WindowsPowerShell\v1.0\;C:\Program Files (x86)\ATI Technologies\ATI.ACE\Core-Static;C:\Program Files (x86)\Skype\Phone\;C:\Program Files (x86)\GtkSharp\2.12\bin;C:\Users\Kailas\AppData\Local\atom\bin
USERNAME=Kailas
OS=Windows_NT
PROCESSOR_IDENTIFIER=Intel64 Family 6 Model 94 Stepping 3, GenuineIntel



---------------  S Y S T E M  ---------------

OS: Windows 10.0 , 64 bit Build 10586 (10.0.10586.0)

CPU:total 4 (4 cores per cpu, 1 threads per core) family 6 model 94 stepping 3, cmov, cx8, fxsr, mmx, sse, sse2, sse3, ssse3, sse4.1, sse4.2, popcnt, avx, avx2, aes, clmul, erms, rtm, 3dnowpref, lzcnt, tsc, tscinvbit, bmi1, bmi2, adx

Memory: 4k page, physical 8338436k(357328k free), swap 12777036k(5296k free)

vm_info: Java HotSpot(TM) 64-Bit Server VM (25.65-b01) for windows-amd64 JRE (1.8.0_65-b17), built on Oct  6 2015 16:39:20 by "java_re" with MS VC++ 10.0 (VS2010)

time: Sun Jun 05 18:56:17 2016
elapsed time: 2 seconds (0d 0h 0m 2s)

